2023-05-05 10:14:48.747 [info] Log level: Info
2023-05-05 10:14:48.747 [info] Validating found git in: "git"
2023-05-05 10:14:48.747 [info] Using git "2.34.1" from "git"
2023-05-05 10:14:48.747 [info] > git rev-parse --show-toplevel [65ms]
2023-05-05 10:14:48.747 [info] fatal: not a git repository (or any of the parent directories): .git
2023-05-05 10:14:48.747 [info] > git rev-parse --show-toplevel [47ms]
2023-05-05 10:14:48.747 [info] fatal: not a git repository (or any of the parent directories): .git
2023-05-05 10:14:48.747 [info] > git rev-parse --show-toplevel [11ms]
2023-05-05 10:14:48.747 [info] fatal: not a git repository (or any of the parent directories): .git
2023-05-05 10:14:49.036 [info] > git rev-parse --show-toplevel [8ms]
2023-05-05 10:14:49.036 [info] fatal: not a git repository (or any of the parent directories): .git
2023-05-05 10:15:02.296 [info] > git rev-parse --show-toplevel [10ms]
2023-05-05 10:15:02.296 [info] fatal: not a git repository (or any of the parent directories): .git
2023-05-05 10:22:03.808 [info] > git rev-parse --show-toplevel [16ms]
2023-05-05 10:22:03.809 [info] fatal: not a git repository (or any of the parent directories): .git
2023-05-05 10:23:04.427 [info] > git rev-parse --show-toplevel [26ms]
2023-05-05 10:23:04.427 [info] fatal: not a git repository (or any of the parent directories): .git
2023-05-05 10:23:07.055 [info] > git rev-parse --show-toplevel [6ms]
2023-05-05 10:23:07.056 [info] fatal: not a git repository (or any of the parent directories): .git
2023-05-05 10:23:10.335 [info] > git rev-parse --show-toplevel [5ms]
2023-05-05 10:23:10.335 [info] fatal: not a git repository (or any of the parent directories): .git
2023-05-05 11:53:05.276 [info] > git rev-parse --show-toplevel [16ms]
2023-05-05 11:53:05.381 [info] > git rev-parse --git-dir --git-common-dir [2ms]
2023-05-05 11:53:05.451 [info] Open repository: /home/frank
2023-05-05 11:53:05.597 [info] No remotes found in the git config file.
2023-05-05 11:53:05.599 [info] > git config --get commit.template [117ms]
2023-05-05 11:53:05.603 [info] > git for-each-ref --format=%(refname)%00%(upstream:short)%00%(objectname)%00%(upstream:track)%00%(upstream:remotename)%00%(upstream:remoteref) refs/heads/master refs/remotes/master [8ms]
2023-05-05 11:53:06.078 [info] > git show --textconv :web.html [13ms]
2023-05-05 11:53:06.081 [info] > git ls-files --stage -- /home/frank/web.html [5ms]
2023-05-05 11:53:06.122 [info] > git check-ignore -v -z --stdin [3ms]
2023-05-05 11:53:07.343 [info] > git status -z -uall [1726ms]
2023-05-05 11:53:09.325 [info] > git config --get commit.template [257ms]
2023-05-05 11:53:09.411 [info] No remotes found in the git config file.
2023-05-05 11:53:09.436 [info] > git for-each-ref --format=%(refname)%00%(upstream:short)%00%(objectname)%00%(upstream:track)%00%(upstream:remotename)%00%(upstream:remoteref) refs/heads/master refs/remotes/master [31ms]
2023-05-05 11:53:09.631 [info] > git status -z -uall [136ms]
2023-05-05 12:11:49.222 [info] > git ls-files --stage -- /home/frank/web.html [5ms]
2023-05-05 12:11:49.241 [info] > git config --get commit.template [50ms]
2023-05-05 12:11:49.260 [info] > git cat-file -s 2bef1a4174e7fac5eb18ef5c55da12043c8435da [20ms]
2023-05-05 12:11:49.263 [info] > git for-each-ref --format=%(refname)%00%(upstream:short)%00%(objectname)%00%(upstream:track)%00%(upstream:remotename)%00%(upstream:remoteref) refs/heads/master refs/remotes/master [7ms]
2023-05-05 12:11:49.314 [info] > git show --textconv :web.html [4ms]
2023-05-05 12:11:49.348 [info] > git status -z -uall [70ms]
2023-05-05 12:11:54.548 [info] > git config --get commit.template [3ms]
2023-05-05 12:11:54.571 [info] > git for-each-ref --format=%(refname)%00%(upstream:short)%00%(objectname)%00%(upstream:track)%00%(upstream:remotename)%00%(upstream:remoteref) refs/heads/master refs/remotes/master [3ms]
2023-05-05 12:11:54.721 [info] > git status -z -uall [84ms]
2023-05-05 12:12:07.512 [info] > git config --get commit.template [3ms]
2023-05-05 12:12:07.543 [info] > git for-each-ref --format=%(refname)%00%(upstream:short)%00%(objectname)%00%(upstream:track)%00%(upstream:remotename)%00%(upstream:remoteref) refs/heads/master refs/remotes/master [4ms]
2023-05-05 12:12:07.644 [info] > git status -z -uall [76ms]
2023-05-05 12:19:00.184 [info] > git config --get commit.template [4ms]
2023-05-05 12:19:00.225 [info] > git for-each-ref --format=%(refname)%00%(upstream:short)%00%(objectname)%00%(upstream:track)%00%(upstream:remotename)%00%(upstream:remoteref) refs/heads/master refs/remotes/master [24ms]
2023-05-05 12:19:00.241 [info] > git ls-files --stage -- /home/frank/web.html [20ms]
2023-05-05 12:19:00.328 [info] > git status -z -uall [89ms]
2023-05-05 12:19:00.329 [info] > git cat-file -s 13bfe645f3b91001a5350fbf5d75ad9f12dc058e [25ms]
2023-05-05 12:19:01.879 [info] > git show --textconv :web.html [81ms]
2023-05-05 12:19:05.501 [info] > git config --get commit.template [1ms]
2023-05-05 12:19:05.517 [info] > git for-each-ref --format=%(refname)%00%(upstream:short)%00%(objectname)%00%(upstream:track)%00%(upstream:remotename)%00%(upstream:remoteref) refs/heads/master refs/remotes/master [2ms]
2023-05-05 12:19:05.590 [info] > git status -z -uall [54ms]
2023-05-05 17:22:09.450 [info] > git config --get commit.template [96ms]
2023-05-05 17:22:09.461 [info] > git for-each-ref --format=%(refname)%00%(upstream:short)%00%(objectname)%00%(upstream:track)%00%(upstream:remotename)%00%(upstream:remoteref) refs/heads/master refs/remotes/master [53ms]
2023-05-05 17:22:10.283 [info] > git status -z -uall [797ms]
2023-05-05 19:05:00.404 [info] > git config --get commit.template [54ms]
2023-05-05 19:05:00.410 [info] > git for-each-ref --format=%(refname)%00%(upstream:short)%00%(objectname)%00%(upstream:track)%00%(upstream:remotename)%00%(upstream:remoteref) refs/heads/master refs/remotes/master [14ms]
2023-05-05 19:05:00.896 [info] > git status -z -uall [469ms]
2023-05-05 19:05:06.071 [info] > git config --get commit.template [2ms]
2023-05-05 19:05:06.111 [info] > git for-each-ref --format=%(refname)%00%(upstream:short)%00%(objectname)%00%(upstream:track)%00%(upstream:remotename)%00%(upstream:remoteref) refs/heads/master refs/remotes/master [2ms]
2023-05-05 19:05:06.169 [info] > git status -z -uall [37ms]
2023-05-05 19:05:11.291 [info] > git config --get commit.template [15ms]
2023-05-05 19:05:11.291 [info] > git for-each-ref --format=%(refname)%00%(upstream:short)%00%(objectname)%00%(upstream:track)%00%(upstream:remotename)%00%(upstream:remoteref) refs/heads/master refs/remotes/master [2ms]
2023-05-05 19:05:11.396 [info] > git status -z -uall [93ms]
2023-05-05 19:05:16.527 [info] > git config --get commit.template [1ms]
2023-05-05 19:05:16.567 [info] > git for-each-ref --format=%(refname)%00%(upstream:short)%00%(objectname)%00%(upstream:track)%00%(upstream:remotename)%00%(upstream:remoteref) refs/heads/master refs/remotes/master [1ms]
2023-05-05 19:05:16.616 [info] > git status -z -uall [37ms]
2023-05-05 19:05:21.710 [info] > git config --get commit.template [12ms]
2023-05-05 19:05:21.710 [info] > git for-each-ref --format=%(refname)%00%(upstream:short)%00%(objectname)%00%(upstream:track)%00%(upstream:remotename)%00%(upstream:remoteref) refs/heads/master refs/remotes/master [2ms]
2023-05-05 19:05:21.768 [info] > git status -z -uall [47ms]
2023-05-05 19:05:26.852 [info] > git config --get commit.template [2ms]
2023-05-05 19:05:26.865 [info] > git for-each-ref --format=%(refname)%00%(upstream:short)%00%(objectname)%00%(upstream:track)%00%(upstream:remotename)%00%(upstream:remoteref) refs/heads/master refs/remotes/master [2ms]
2023-05-05 19:05:26.906 [info] > git status -z -uall [31ms]
2023-05-05 19:05:32.016 [info] > git config --get commit.template [16ms]
2023-05-05 19:05:32.021 [info] > git for-each-ref --format=%(refname)%00%(upstream:short)%00%(objectname)%00%(upstream:track)%00%(upstream:remotename)%00%(upstream:remoteref) refs/heads/master refs/remotes/master [6ms]
2023-05-05 19:05:32.120 [info] > git status -z -uall [86ms]
2023-05-05 19:05:37.245 [info] > git config --get commit.template [15ms]
2023-05-05 19:05:37.246 [info] > git for-each-ref --format=%(refname)%00%(upstream:short)%00%(objectname)%00%(upstream:track)%00%(upstream:remotename)%00%(upstream:remoteref) refs/heads/master refs/remotes/master [2ms]
2023-05-05 19:05:37.320 [info] > git status -z -uall [59ms]
2023-05-05 19:05:42.429 [info] > git config --get commit.template [13ms]
2023-05-05 19:05:42.429 [info] > git for-each-ref --format=%(refname)%00%(upstream:short)%00%(objectname)%00%(upstream:track)%00%(upstream:remotename)%00%(upstream:remoteref) refs/heads/master refs/remotes/master [2ms]
2023-05-05 19:05:42.488 [info] > git status -z -uall [47ms]
2023-05-05 19:05:47.612 [info] > git config --get commit.template [2ms]
2023-05-05 19:05:47.624 [info] > git for-each-ref --format=%(refname)%00%(upstream:short)%00%(objectname)%00%(upstream:track)%00%(upstream:remotename)%00%(upstream:remoteref) refs/heads/master refs/remotes/master [1ms]
2023-05-05 19:05:47.673 [info] > git status -z -uall [37ms]
2023-05-05 19:05:52.760 [info] > git config --get commit.template [2ms]
2023-05-05 19:05:52.773 [info] > git for-each-ref --format=%(refname)%00%(upstream:short)%00%(objectname)%00%(upstream:track)%00%(upstream:remotename)%00%(upstream:remoteref) refs/heads/master refs/remotes/master [1ms]
2023-05-05 19:05:52.814 [info] > git status -z -uall [30ms]
2023-05-05 19:05:57.909 [info] > git config --get commit.template [13ms]
2023-05-05 19:05:57.909 [info] > git for-each-ref --format=%(refname)%00%(upstream:short)%00%(objectname)%00%(upstream:track)%00%(upstream:remotename)%00%(upstream:remoteref) refs/heads/master refs/remotes/master [2ms]
2023-05-05 19:05:57.950 [info] > git status -z -uall [30ms]
2023-05-05 19:06:03.044 [info] > git config --get commit.template [1ms]
2023-05-05 19:06:03.058 [info] > git for-each-ref --format=%(refname)%00%(upstream:short)%00%(objectname)%00%(upstream:track)%00%(upstream:remotename)%00%(upstream:remoteref) refs/heads/master refs/remotes/master [2ms]
2023-05-05 19:06:03.103 [info] > git status -z -uall [33ms]
2023-05-05 19:06:08.212 [info] > git config --get commit.template [13ms]
2023-05-05 19:06:08.212 [info] > git for-each-ref --format=%(refname)%00%(upstream:short)%00%(objectname)%00%(upstream:track)%00%(upstream:remotename)%00%(upstream:remoteref) refs/heads/master refs/remotes/master [1ms]
2023-05-05 19:06:08.253 [info] > git status -z -uall [30ms]
2023-05-05 19:06:13.341 [info] > git config --get commit.template [2ms]
2023-05-05 19:06:13.354 [info] > git for-each-ref --format=%(refname)%00%(upstream:short)%00%(objectname)%00%(upstream:track)%00%(upstream:remotename)%00%(upstream:remoteref) refs/heads/master refs/remotes/master [1ms]
2023-05-05 19:06:13.404 [info] > git status -z -uall [37ms]
2023-05-05 19:06:19.514 [info] > git config --get commit.template [2ms]
2023-05-05 19:06:19.527 [info] > git for-each-ref --format=%(refname)%00%(upstream:short)%00%(objectname)%00%(upstream:track)%00%(upstream:remotename)%00%(upstream:remoteref) refs/heads/master refs/remotes/master [0ms]
2023-05-05 19:06:19.570 [info] > git status -z -uall [31ms]
2023-05-05 19:06:24.670 [info] > git config --get commit.template [1ms]
2023-05-05 19:06:24.683 [info] > git for-each-ref --format=%(refname)%00%(upstream:short)%00%(objectname)%00%(upstream:track)%00%(upstream:remotename)%00%(upstream:remoteref) refs/heads/master refs/remotes/master [1ms]
2023-05-05 19:06:24.726 [info] > git status -z -uall [33ms]
2023-05-05 19:06:29.818 [info] > git config --get commit.template [13ms]
2023-05-05 19:06:29.818 [info] > git for-each-ref --format=%(refname)%00%(upstream:short)%00%(objectname)%00%(upstream:track)%00%(upstream:remotename)%00%(upstream:remoteref) refs/heads/master refs/remotes/master [1ms]
2023-05-05 19:06:29.864 [info] > git status -z -uall [34ms]
2023-05-05 19:06:34.950 [info] > git config --get commit.template [1ms]
2023-05-05 19:06:34.962 [info] > git for-each-ref --format=%(refname)%00%(upstream:short)%00%(objectname)%00%(upstream:track)%00%(upstream:remotename)%00%(upstream:remoteref) refs/heads/master refs/remotes/master [1ms]
2023-05-05 19:06:35.013 [info] > git status -z -uall [38ms]
2023-05-05 19:06:40.102 [info] > git config --get commit.template [2ms]
2023-05-05 19:06:40.116 [info] > git for-each-ref --format=%(refname)%00%(upstream:short)%00%(objectname)%00%(upstream:track)%00%(upstream:remotename)%00%(upstream:remoteref) refs/heads/master refs/remotes/master [2ms]
2023-05-05 19:06:40.170 [info] > git status -z -uall [39ms]
2023-05-05 19:06:45.271 [info] > git config --get commit.template [13ms]
2023-05-05 19:06:45.272 [info] > git for-each-ref --format=%(refname)%00%(upstream:short)%00%(objectname)%00%(upstream:track)%00%(upstream:remotename)%00%(upstream:remoteref) refs/heads/master refs/remotes/master [2ms]
2023-05-05 19:06:45.320 [info] > git status -z -uall [35ms]
2023-05-05 19:06:50.453 [info] > git config --get commit.template [13ms]
2023-05-05 19:06:50.454 [info] > git for-each-ref --format=%(refname)%00%(upstream:short)%00%(objectname)%00%(upstream:track)%00%(upstream:remotename)%00%(upstream:remoteref) refs/heads/master refs/remotes/master [1ms]
2023-05-05 19:06:50.498 [info] > git status -z -uall [33ms]
2023-05-05 19:06:57.572 [info] > git config --get commit.template [2ms]
2023-05-05 19:06:57.586 [info] > git for-each-ref --format=%(refname)%00%(upstream:short)%00%(objectname)%00%(upstream:track)%00%(upstream:remotename)%00%(upstream:remoteref) refs/heads/master refs/remotes/master [1ms]
2023-05-05 19:06:57.631 [info] > git status -z -uall [33ms]
2023-05-05 19:07:02.715 [info] > git config --get commit.template [1ms]
2023-05-05 19:07:02.727 [info] > git for-each-ref --format=%(refname)%00%(upstream:short)%00%(objectname)%00%(upstream:track)%00%(upstream:remotename)%00%(upstream:remoteref) refs/heads/master refs/remotes/master [1ms]
2023-05-05 19:07:02.774 [info] > git status -z -uall [36ms]
2023-05-05 19:07:07.867 [info] > git config --get commit.template [2ms]
2023-05-05 19:07:07.880 [info] > git for-each-ref --format=%(refname)%00%(upstream:short)%00%(objectname)%00%(upstream:track)%00%(upstream:remotename)%00%(upstream:remoteref) refs/heads/master refs/remotes/master [1ms]
2023-05-05 19:07:07.922 [info] > git status -z -uall [31ms]
2023-05-05 19:07:13.057 [info] > git config --get commit.template [13ms]
2023-05-05 19:07:13.058 [info] > git for-each-ref --format=%(refname)%00%(upstream:short)%00%(objectname)%00%(upstream:track)%00%(upstream:remotename)%00%(upstream:remoteref) refs/heads/master refs/remotes/master [1ms]
2023-05-05 19:07:13.104 [info] > git status -z -uall [33ms]
2023-05-05 19:07:18.188 [info] > git config --get commit.template [1ms]
2023-05-05 19:07:18.201 [info] > git for-each-ref --format=%(refname)%00%(upstream:short)%00%(objectname)%00%(upstream:track)%00%(upstream:remotename)%00%(upstream:remoteref) refs/heads/master refs/remotes/master [2ms]
2023-05-05 19:07:18.247 [info] > git status -z -uall [35ms]
2023-05-05 19:07:23.330 [info] > git config --get commit.template [2ms]
2023-05-05 19:07:23.343 [info] > git for-each-ref --format=%(refname)%00%(upstream:short)%00%(objectname)%00%(upstream:track)%00%(upstream:remotename)%00%(upstream:remoteref) refs/heads/master refs/remotes/master [1ms]
2023-05-05 19:07:23.387 [info] > git status -z -uall [32ms]
2023-05-05 19:07:28.495 [info] > git config --get commit.template [13ms]
2023-05-05 19:07:28.496 [info] > git for-each-ref --format=%(refname)%00%(upstream:short)%00%(objectname)%00%(upstream:track)%00%(upstream:remotename)%00%(upstream:remoteref) refs/heads/master refs/remotes/master [1ms]
2023-05-05 19:07:28.544 [info] > git status -z -uall [35ms]
2023-05-05 19:07:33.665 [info] > git config --get commit.template [2ms]
2023-05-05 19:07:33.678 [info] > git for-each-ref --format=%(refname)%00%(upstream:short)%00%(objectname)%00%(upstream:track)%00%(upstream:remotename)%00%(upstream:remoteref) refs/heads/master refs/remotes/master [1ms]
2023-05-05 19:07:33.721 [info] > git status -z -uall [32ms]
2023-05-05 19:07:38.810 [info] > git config --get commit.template [1ms]
2023-05-05 19:07:38.824 [info] > git for-each-ref --format=%(refname)%00%(upstream:short)%00%(objectname)%00%(upstream:track)%00%(upstream:remotename)%00%(upstream:remoteref) refs/heads/master refs/remotes/master [1ms]
2023-05-05 19:07:38.866 [info] > git status -z -uall [31ms]
2023-05-05 19:07:43.962 [info] > git config --get commit.template [14ms]
2023-05-05 19:07:43.963 [info] > git for-each-ref --format=%(refname)%00%(upstream:short)%00%(objectname)%00%(upstream:track)%00%(upstream:remotename)%00%(upstream:remoteref) refs/heads/master refs/remotes/master [1ms]
2023-05-05 19:07:44.016 [info] > git status -z -uall [41ms]
2023-05-05 19:07:49.120 [info] > git config --get commit.template [12ms]
2023-05-05 19:07:49.120 [info] > git for-each-ref --format=%(refname)%00%(upstream:short)%00%(objectname)%00%(upstream:track)%00%(upstream:remotename)%00%(upstream:remoteref) refs/heads/master refs/remotes/master [1ms]
2023-05-05 19:07:49.162 [info] > git status -z -uall [32ms]
2023-05-05 19:07:54.293 [info] > git config --get commit.template [13ms]
2023-05-05 19:07:54.293 [info] > git for-each-ref --format=%(refname)%00%(upstream:short)%00%(objectname)%00%(upstream:track)%00%(upstream:remotename)%00%(upstream:remoteref) refs/heads/master refs/remotes/master [1ms]
2023-05-05 19:07:54.337 [info] > git status -z -uall [31ms]
2023-05-05 19:07:59.436 [info] > git config --get commit.template [12ms]
2023-05-05 19:07:59.436 [info] > git for-each-ref --format=%(refname)%00%(upstream:short)%00%(objectname)%00%(upstream:track)%00%(upstream:remotename)%00%(upstream:remoteref) refs/heads/master refs/remotes/master [1ms]
2023-05-05 19:07:59.479 [info] > git status -z -uall [31ms]
2023-05-05 19:08:04.571 [info] > git config --get commit.template [13ms]
2023-05-05 19:08:04.571 [info] > git for-each-ref --format=%(refname)%00%(upstream:short)%00%(objectname)%00%(upstream:track)%00%(upstream:remotename)%00%(upstream:remoteref) refs/heads/master refs/remotes/master [1ms]
2023-05-05 19:08:04.616 [info] > git status -z -uall [34ms]
2023-05-05 19:08:09.720 [info] > git config --get commit.template [13ms]
2023-05-05 19:08:09.721 [info] > git for-each-ref --format=%(refname)%00%(upstream:short)%00%(objectname)%00%(upstream:track)%00%(upstream:remotename)%00%(upstream:remoteref) refs/heads/master refs/remotes/master [1ms]
2023-05-05 19:08:09.765 [info] > git status -z -uall [33ms]
2023-05-05 19:08:14.895 [info] > git config --get commit.template [13ms]
2023-05-05 19:08:14.896 [info] > git for-each-ref --format=%(refname)%00%(upstream:short)%00%(objectname)%00%(upstream:track)%00%(upstream:remotename)%00%(upstream:remoteref) refs/heads/master refs/remotes/master [2ms]
2023-05-05 19:08:14.936 [info] > git status -z -uall [29ms]
2023-05-05 19:08:20.037 [info] > git config --get commit.template [13ms]
2023-05-05 19:08:20.037 [info] > git for-each-ref --format=%(refname)%00%(upstream:short)%00%(objectname)%00%(upstream:track)%00%(upstream:remotename)%00%(upstream:remoteref) refs/heads/master refs/remotes/master [1ms]
2023-05-05 19:08:20.081 [info] > git status -z -uall [31ms]
2023-05-05 19:08:25.164 [info] > git config --get commit.template [2ms]
2023-05-05 19:08:25.176 [info] > git for-each-ref --format=%(refname)%00%(upstream:short)%00%(objectname)%00%(upstream:track)%00%(upstream:remotename)%00%(upstream:remoteref) refs/heads/master refs/remotes/master [1ms]
2023-05-05 19:08:25.216 [info] > git status -z -uall [30ms]
2023-05-05 19:08:30.310 [info] > git config --get commit.template [1ms]
2023-05-05 19:08:30.323 [info] > git for-each-ref --format=%(refname)%00%(upstream:short)%00%(objectname)%00%(upstream:track)%00%(upstream:remotename)%00%(upstream:remoteref) refs/heads/master refs/remotes/master [1ms]
2023-05-05 19:08:30.370 [info] > git status -z -uall [35ms]
2023-05-05 19:08:35.497 [info] > git config --get commit.template [14ms]
2023-05-05 19:08:35.498 [info] > git for-each-ref --format=%(refname)%00%(upstream:short)%00%(objectname)%00%(upstream:track)%00%(upstream:remotename)%00%(upstream:remoteref) refs/heads/master refs/remotes/master [2ms]
2023-05-05 19:08:35.548 [info] > git status -z -uall [38ms]
2023-05-05 19:08:40.643 [info] > git config --get commit.template [13ms]
2023-05-05 19:08:40.644 [info] > git for-each-ref --format=%(refname)%00%(upstream:short)%00%(objectname)%00%(upstream:track)%00%(upstream:remotename)%00%(upstream:remoteref) refs/heads/master refs/remotes/master [2ms]
2023-05-05 19:08:40.689 [info] > git status -z -uall [35ms]
2023-05-05 19:08:45.771 [info] > git config --get commit.template [1ms]
2023-05-05 19:08:45.785 [info] > git for-each-ref --format=%(refname)%00%(upstream:short)%00%(objectname)%00%(upstream:track)%00%(upstream:remotename)%00%(upstream:remoteref) refs/heads/master refs/remotes/master [1ms]
2023-05-05 19:08:45.827 [info] > git status -z -uall [31ms]
2023-05-05 19:08:50.914 [info] > git config --get commit.template [1ms]
2023-05-05 19:08:50.927 [info] > git for-each-ref --format=%(refname)%00%(upstream:short)%00%(objectname)%00%(upstream:track)%00%(upstream:remotename)%00%(upstream:remoteref) refs/heads/master refs/remotes/master [1ms]
2023-05-05 19:08:50.969 [info] > git status -z -uall [31ms]
2023-05-05 19:08:56.104 [info] > git config --get commit.template [13ms]
2023-05-05 19:08:56.105 [info] > git for-each-ref --format=%(refname)%00%(upstream:short)%00%(objectname)%00%(upstream:track)%00%(upstream:remotename)%00%(upstream:remoteref) refs/heads/master refs/remotes/master [1ms]
2023-05-05 19:08:56.147 [info] > git status -z -uall [31ms]
2023-05-05 19:09:01.251 [info] > git config --get commit.template [13ms]
2023-05-05 19:09:01.252 [info] > git for-each-ref --format=%(refname)%00%(upstream:short)%00%(objectname)%00%(upstream:track)%00%(upstream:remotename)%00%(upstream:remoteref) refs/heads/master refs/remotes/master [2ms]
2023-05-05 19:09:01.294 [info] > git status -z -uall [31ms]
2023-05-05 19:09:06.376 [info] > git config --get commit.template [1ms]
2023-05-05 19:09:06.389 [info] > git for-each-ref --format=%(refname)%00%(upstream:short)%00%(objectname)%00%(upstream:track)%00%(upstream:remotename)%00%(upstream:remoteref) refs/heads/master refs/remotes/master [1ms]
2023-05-05 19:09:06.432 [info] > git status -z -uall [31ms]
2023-05-05 19:09:11.535 [info] > git config --get commit.template [13ms]
2023-05-05 19:09:11.535 [info] > git for-each-ref --format=%(refname)%00%(upstream:short)%00%(objectname)%00%(upstream:track)%00%(upstream:remotename)%00%(upstream:remoteref) refs/heads/master refs/remotes/master [1ms]
2023-05-05 19:09:11.578 [info] > git status -z -uall [31ms]
2023-05-05 19:09:16.707 [info] > git config --get commit.template [13ms]
2023-05-05 19:09:16.707 [info] > git for-each-ref --format=%(refname)%00%(upstream:short)%00%(objectname)%00%(upstream:track)%00%(upstream:remotename)%00%(upstream:remoteref) refs/heads/master refs/remotes/master [1ms]
2023-05-05 19:09:16.750 [info] > git status -z -uall [32ms]
2023-05-05 19:09:21.839 [info] > git config --get commit.template [2ms]
2023-05-05 19:09:21.854 [info] > git for-each-ref --format=%(refname)%00%(upstream:short)%00%(objectname)%00%(upstream:track)%00%(upstream:remotename)%00%(upstream:remoteref) refs/heads/master refs/remotes/master [1ms]
2023-05-05 19:09:21.896 [info] > git status -z -uall [32ms]
2023-05-05 19:09:26.992 [info] > git config --get commit.template [14ms]
2023-05-05 19:09:26.993 [info] > git for-each-ref --format=%(refname)%00%(upstream:short)%00%(objectname)%00%(upstream:track)%00%(upstream:remotename)%00%(upstream:remoteref) refs/heads/master refs/remotes/master [1ms]
2023-05-05 19:09:27.036 [info] > git status -z -uall [32ms]
2023-05-05 19:09:32.143 [info] > git config --get commit.template [13ms]
2023-05-05 19:09:32.144 [info] > git for-each-ref --format=%(refname)%00%(upstream:short)%00%(objectname)%00%(upstream:track)%00%(upstream:remotename)%00%(upstream:remoteref) refs/heads/master refs/remotes/master [1ms]
2023-05-05 19:09:32.191 [info] > git status -z -uall [36ms]
2023-05-05 19:09:37.332 [info] > git config --get commit.template [13ms]
2023-05-05 19:09:37.333 [info] > git for-each-ref --format=%(refname)%00%(upstream:short)%00%(objectname)%00%(upstream:track)%00%(upstream:remotename)%00%(upstream:remoteref) refs/heads/master refs/remotes/master [1ms]
2023-05-05 19:09:37.376 [info] > git status -z -uall [32ms]
2023-05-05 19:09:42.488 [info] > git config --get commit.template [14ms]
2023-05-05 19:09:42.489 [info] > git for-each-ref --format=%(refname)%00%(upstream:short)%00%(objectname)%00%(upstream:track)%00%(upstream:remotename)%00%(upstream:remoteref) refs/heads/master refs/remotes/master [2ms]
2023-05-05 19:09:42.533 [info] > git status -z -uall [32ms]
2023-05-05 19:09:47.621 [info] > git config --get commit.template [1ms]
2023-05-05 19:09:47.634 [info] > git for-each-ref --format=%(refname)%00%(upstream:short)%00%(objectname)%00%(upstream:track)%00%(upstream:remotename)%00%(upstream:remoteref) refs/heads/master refs/remotes/master [1ms]
2023-05-05 19:09:47.678 [info] > git status -z -uall [33ms]
2023-05-05 19:09:52.780 [info] > git config --get commit.template [13ms]
2023-05-05 19:09:52.780 [info] > git for-each-ref --format=%(refname)%00%(upstream:short)%00%(objectname)%00%(upstream:track)%00%(upstream:remotename)%00%(upstream:remoteref) refs/heads/master refs/remotes/master [1ms]
2023-05-05 19:09:52.823 [info] > git status -z -uall [32ms]
2023-05-05 19:09:57.945 [info] > git config --get commit.template [1ms]
2023-05-05 19:09:57.957 [info] > git for-each-ref --format=%(refname)%00%(upstream:short)%00%(objectname)%00%(upstream:track)%00%(upstream:remotename)%00%(upstream:remoteref) refs/heads/master refs/remotes/master [1ms]
2023-05-05 19:09:58.015 [info] > git status -z -uall [46ms]
2023-05-05 19:10:03.110 [info] > git config --get commit.template [13ms]
2023-05-05 19:10:03.111 [info] > git for-each-ref --format=%(refname)%00%(upstream:short)%00%(objectname)%00%(upstream:track)%00%(upstream:remotename)%00%(upstream:remoteref) refs/heads/master refs/remotes/master [1ms]
2023-05-05 19:10:03.153 [info] > git status -z -uall [30ms]
2023-05-05 19:10:08.239 [info] > git config --get commit.template [1ms]
2023-05-05 19:10:08.252 [info] > git for-each-ref --format=%(refname)%00%(upstream:short)%00%(objectname)%00%(upstream:track)%00%(upstream:remotename)%00%(upstream:remoteref) refs/heads/master refs/remotes/master [1ms]
2023-05-05 19:10:08.298 [info] > git status -z -uall [34ms]
2023-05-05 19:10:13.395 [info] > git config --get commit.template [13ms]
2023-05-05 19:10:13.395 [info] > git for-each-ref --format=%(refname)%00%(upstream:short)%00%(objectname)%00%(upstream:track)%00%(upstream:remotename)%00%(upstream:remoteref) refs/heads/master refs/remotes/master [1ms]
2023-05-05 19:10:13.445 [info] > git status -z -uall [37ms]
2023-05-05 19:10:18.585 [info] > git config --get commit.template [42ms]
2023-05-05 19:10:18.586 [info] > git for-each-ref --format=%(refname)%00%(upstream:short)%00%(objectname)%00%(upstream:track)%00%(upstream:remotename)%00%(upstream:remoteref) refs/heads/master refs/remotes/master [1ms]
2023-05-05 19:10:18.664 [info] > git status -z -uall [37ms]
2023-05-05 19:10:23.754 [info] > git config --get commit.template [1ms]
2023-05-05 19:10:23.768 [info] > git for-each-ref --format=%(refname)%00%(upstream:short)%00%(objectname)%00%(upstream:track)%00%(upstream:remotename)%00%(upstream:remoteref) refs/heads/master refs/remotes/master [1ms]
2023-05-05 19:10:23.813 [info] > git status -z -uall [32ms]
2023-05-05 19:10:28.946 [info] > git config --get commit.template [13ms]
2023-05-05 19:10:28.947 [info] > git for-each-ref --format=%(refname)%00%(upstream:short)%00%(objectname)%00%(upstream:track)%00%(upstream:remotename)%00%(upstream:remoteref) refs/heads/master refs/remotes/master [1ms]
2023-05-05 19:10:28.989 [info] > git status -z -uall [31ms]
2023-05-05 19:10:34.095 [info] > git config --get commit.template [13ms]
2023-05-05 19:10:34.096 [info] > git for-each-ref --format=%(refname)%00%(upstream:short)%00%(objectname)%00%(upstream:track)%00%(upstream:remotename)%00%(upstream:remoteref) refs/heads/master refs/remotes/master [1ms]
2023-05-05 19:10:34.137 [info] > git status -z -uall [30ms]
2023-05-05 19:10:39.221 [info] > git config --get commit.template [1ms]
2023-05-05 19:10:39.235 [info] > git for-each-ref --format=%(refname)%00%(upstream:short)%00%(objectname)%00%(upstream:track)%00%(upstream:remotename)%00%(upstream:remoteref) refs/heads/master refs/remotes/master [1ms]
2023-05-05 19:10:39.280 [info] > git status -z -uall [34ms]
2023-05-05 19:10:44.382 [info] > git config --get commit.template [13ms]
2023-05-05 19:10:44.382 [info] > git for-each-ref --format=%(refname)%00%(upstream:short)%00%(objectname)%00%(upstream:track)%00%(upstream:remotename)%00%(upstream:remoteref) refs/heads/master refs/remotes/master [1ms]
2023-05-05 19:10:44.427 [info] > git status -z -uall [34ms]
2023-05-05 19:10:49.566 [info] > git config --get commit.template [13ms]
2023-05-05 19:10:49.566 [info] > git for-each-ref --format=%(refname)%00%(upstream:short)%00%(objectname)%00%(upstream:track)%00%(upstream:remotename)%00%(upstream:remoteref) refs/heads/master refs/remotes/master [1ms]
2023-05-05 19:10:49.609 [info] > git status -z -uall [31ms]
2023-05-05 19:10:54.705 [info] > git config --get commit.template [13ms]
2023-05-05 19:10:54.706 [info] > git for-each-ref --format=%(refname)%00%(upstream:short)%00%(objectname)%00%(upstream:track)%00%(upstream:remotename)%00%(upstream:remoteref) refs/heads/master refs/remotes/master [1ms]
2023-05-05 19:10:54.747 [info] > git status -z -uall [30ms]
2023-05-05 19:10:59.841 [info] > git config --get commit.template [13ms]
2023-05-05 19:10:59.841 [info] > git for-each-ref --format=%(refname)%00%(upstream:short)%00%(objectname)%00%(upstream:track)%00%(upstream:remotename)%00%(upstream:remoteref) refs/heads/master refs/remotes/master [1ms]
2023-05-05 19:10:59.884 [info] > git status -z -uall [32ms]
2023-05-05 19:11:04.973 [info] > git config --get commit.template [1ms]
2023-05-05 19:11:04.987 [info] > git for-each-ref --format=%(refname)%00%(upstream:short)%00%(objectname)%00%(upstream:track)%00%(upstream:remotename)%00%(upstream:remoteref) refs/heads/master refs/remotes/master [0ms]
2023-05-05 19:11:05.044 [info] > git status -z -uall [43ms]
2023-05-05 19:11:10.167 [info] > git config --get commit.template [1ms]
2023-05-05 19:11:10.182 [info] > git for-each-ref --format=%(refname)%00%(upstream:short)%00%(objectname)%00%(upstream:track)%00%(upstream:remotename)%00%(upstream:remoteref) refs/heads/master refs/remotes/master [2ms]
2023-05-05 19:11:10.226 [info] > git status -z -uall [32ms]
2023-05-05 19:11:15.320 [info] > git config --get commit.template [13ms]
2023-05-05 19:11:15.321 [info] > git for-each-ref --format=%(refname)%00%(upstream:short)%00%(objectname)%00%(upstream:track)%00%(upstream:remotename)%00%(upstream:remoteref) refs/heads/master refs/remotes/master [1ms]
2023-05-05 19:11:15.361 [info] > git status -z -uall [29ms]
2023-05-05 19:11:20.445 [info] > git config --get commit.template [1ms]
2023-05-05 19:11:20.457 [info] > git for-each-ref --format=%(refname)%00%(upstream:short)%00%(objectname)%00%(upstream:track)%00%(upstream:remotename)%00%(upstream:remoteref) refs/heads/master refs/remotes/master [1ms]
2023-05-05 19:11:20.503 [info] > git status -z -uall [34ms]
2023-05-05 19:11:25.590 [info] > git config --get commit.template [1ms]
2023-05-05 19:11:25.604 [info] > git for-each-ref --format=%(refname)%00%(upstream:short)%00%(objectname)%00%(upstream:track)%00%(upstream:remotename)%00%(upstream:remoteref) refs/heads/master refs/remotes/master [1ms]
2023-05-05 19:11:25.646 [info] > git status -z -uall [30ms]
2023-05-05 19:11:30.733 [info] > git config --get commit.template [1ms]
2023-05-05 19:11:30.746 [info] > git for-each-ref --format=%(refname)%00%(upstream:short)%00%(objectname)%00%(upstream:track)%00%(upstream:remotename)%00%(upstream:remoteref) refs/heads/master refs/remotes/master [2ms]
2023-05-05 19:11:30.787 [info] > git status -z -uall [30ms]
2023-05-05 19:11:35.880 [info] > git config --get commit.template [1ms]
2023-05-05 19:11:35.893 [info] > git for-each-ref --format=%(refname)%00%(upstream:short)%00%(objectname)%00%(upstream:track)%00%(upstream:remotename)%00%(upstream:remoteref) refs/heads/master refs/remotes/master [1ms]
2023-05-05 19:11:35.946 [info] > git status -z -uall [41ms]
2023-05-05 19:11:41.069 [info] > git config --get commit.template [1ms]
2023-05-05 19:11:41.082 [info] > git for-each-ref --format=%(refname)%00%(upstream:short)%00%(objectname)%00%(upstream:track)%00%(upstream:remotename)%00%(upstream:remoteref) refs/heads/master refs/remotes/master [2ms]
2023-05-05 19:11:41.125 [info] > git status -z -uall [31ms]
2023-05-05 19:11:46.213 [info] > git config --get commit.template [1ms]
2023-05-05 19:11:46.227 [info] > git for-each-ref --format=%(refname)%00%(upstream:short)%00%(objectname)%00%(upstream:track)%00%(upstream:remotename)%00%(upstream:remoteref) refs/heads/master refs/remotes/master [2ms]
2023-05-05 19:11:46.270 [info] > git status -z -uall [31ms]
2023-05-05 19:11:51.355 [info] > git config --get commit.template [1ms]
2023-05-05 19:11:51.368 [info] > git for-each-ref --format=%(refname)%00%(upstream:short)%00%(objectname)%00%(upstream:track)%00%(upstream:remotename)%00%(upstream:remoteref) refs/heads/master refs/remotes/master [1ms]
2023-05-05 19:11:51.411 [info] > git status -z -uall [32ms]
2023-05-05 19:11:56.501 [info] > git config --get commit.template [2ms]
2023-05-05 19:11:56.515 [info] > git for-each-ref --format=%(refname)%00%(upstream:short)%00%(objectname)%00%(upstream:track)%00%(upstream:remotename)%00%(upstream:remoteref) refs/heads/master refs/remotes/master [2ms]
2023-05-05 19:11:56.556 [info] > git status -z -uall [30ms]
2023-05-05 19:12:01.638 [info] > git config --get commit.template [3ms]
2023-05-05 19:12:01.651 [info] > git for-each-ref --format=%(refname)%00%(upstream:short)%00%(objectname)%00%(upstream:track)%00%(upstream:remotename)%00%(upstream:remoteref) refs/heads/master refs/remotes/master [1ms]
2023-05-05 19:12:01.693 [info] > git status -z -uall [29ms]
2023-05-05 19:12:06.784 [info] > git config --get commit.template [1ms]
2023-05-05 19:12:06.798 [info] > git for-each-ref --format=%(refname)%00%(upstream:short)%00%(objectname)%00%(upstream:track)%00%(upstream:remotename)%00%(upstream:remoteref) refs/heads/master refs/remotes/master [1ms]
2023-05-05 19:12:06.844 [info] > git status -z -uall [35ms]
2023-05-05 19:12:11.929 [info] > git config --get commit.template [2ms]
2023-05-05 19:12:11.942 [info] > git for-each-ref --format=%(refname)%00%(upstream:short)%00%(objectname)%00%(upstream:track)%00%(upstream:remotename)%00%(upstream:remoteref) refs/heads/master refs/remotes/master [0ms]
2023-05-05 19:12:11.983 [info] > git status -z -uall [30ms]
2023-05-05 19:12:17.092 [info] > git config --get commit.template [14ms]
2023-05-05 19:12:17.093 [info] > git for-each-ref --format=%(refname)%00%(upstream:short)%00%(objectname)%00%(upstream:track)%00%(upstream:remotename)%00%(upstream:remoteref) refs/heads/master refs/remotes/master [1ms]
2023-05-05 19:12:17.137 [info] > git status -z -uall [32ms]
2023-05-05 19:12:22.267 [info] > git config --get commit.template [13ms]
2023-05-05 19:12:22.268 [info] > git for-each-ref --format=%(refname)%00%(upstream:short)%00%(objectname)%00%(upstream:track)%00%(upstream:remotename)%00%(upstream:remoteref) refs/heads/master refs/remotes/master [1ms]
2023-05-05 19:12:22.312 [info] > git status -z -uall [33ms]
2023-05-05 19:12:27.398 [info] > git config --get commit.template [1ms]
2023-05-05 19:12:27.412 [info] > git for-each-ref --format=%(refname)%00%(upstream:short)%00%(objectname)%00%(upstream:track)%00%(upstream:remotename)%00%(upstream:remoteref) refs/heads/master refs/remotes/master [2ms]
2023-05-05 19:12:27.457 [info] > git status -z -uall [34ms]
2023-05-05 19:12:32.559 [info] > git config --get commit.template [13ms]
2023-05-05 19:12:32.559 [info] > git for-each-ref --format=%(refname)%00%(upstream:short)%00%(objectname)%00%(upstream:track)%00%(upstream:remotename)%00%(upstream:remoteref) refs/heads/master refs/remotes/master [1ms]
2023-05-05 19:12:32.602 [info] > git status -z -uall [30ms]
2023-05-05 19:12:37.694 [info] > git config --get commit.template [1ms]
2023-05-05 19:12:37.707 [info] > git for-each-ref --format=%(refname)%00%(upstream:short)%00%(objectname)%00%(upstream:track)%00%(upstream:remotename)%00%(upstream:remoteref) refs/heads/master refs/remotes/master [1ms]
2023-05-05 19:12:37.750 [info] > git status -z -uall [31ms]
2023-05-05 19:12:42.885 [info] > git config --get commit.template [14ms]
2023-05-05 19:12:42.886 [info] > git for-each-ref --format=%(refname)%00%(upstream:short)%00%(objectname)%00%(upstream:track)%00%(upstream:remotename)%00%(upstream:remoteref) refs/heads/master refs/remotes/master [1ms]
2023-05-05 19:12:42.935 [info] > git status -z -uall [38ms]
2023-05-05 19:12:49.010 [info] > git config --get commit.template [1ms]
2023-05-05 19:12:49.027 [info] > git for-each-ref --format=%(refname)%00%(upstream:short)%00%(objectname)%00%(upstream:track)%00%(upstream:remotename)%00%(upstream:remoteref) refs/heads/master refs/remotes/master [1ms]
2023-05-05 19:12:49.097 [info] > git status -z -uall [49ms]
2023-05-05 19:12:54.192 [info] > git config --get commit.template [13ms]
2023-05-05 19:12:54.192 [info] > git for-each-ref --format=%(refname)%00%(upstream:short)%00%(objectname)%00%(upstream:track)%00%(upstream:remotename)%00%(upstream:remoteref) refs/heads/master refs/remotes/master [1ms]
2023-05-05 19:12:54.235 [info] > git status -z -uall [32ms]
2023-05-05 19:12:59.323 [info] > git config --get commit.template [1ms]
2023-05-05 19:12:59.336 [info] > git for-each-ref --format=%(refname)%00%(upstream:short)%00%(objectname)%00%(upstream:track)%00%(upstream:remotename)%00%(upstream:remoteref) refs/heads/master refs/remotes/master [0ms]
2023-05-05 19:12:59.379 [info] > git status -z -uall [31ms]
2023-05-05 19:13:04.471 [info] > git config --get commit.template [1ms]
2023-05-05 19:13:04.485 [info] > git for-each-ref --format=%(refname)%00%(upstream:short)%00%(objectname)%00%(upstream:track)%00%(upstream:remotename)%00%(upstream:remoteref) refs/heads/master refs/remotes/master [1ms]
2023-05-05 19:13:04.527 [info] > git status -z -uall [30ms]
2023-05-05 19:13:09.631 [info] > git config --get commit.template [14ms]
2023-05-05 19:13:09.631 [info] > git for-each-ref --format=%(refname)%00%(upstream:short)%00%(objectname)%00%(upstream:track)%00%(upstream:remotename)%00%(upstream:remoteref) refs/heads/master refs/remotes/master [1ms]
2023-05-05 19:13:09.676 [info] > git status -z -uall [33ms]
2023-05-05 19:13:14.763 [info] > git config --get commit.template [2ms]
2023-05-05 19:13:14.776 [info] > git for-each-ref --format=%(refname)%00%(upstream:short)%00%(objectname)%00%(upstream:track)%00%(upstream:remotename)%00%(upstream:remoteref) refs/heads/master refs/remotes/master [1ms]
2023-05-05 19:13:14.820 [info] > git status -z -uall [32ms]
2023-05-05 19:13:19.911 [info] > git config --get commit.template [1ms]
2023-05-05 19:13:19.925 [info] > git for-each-ref --format=%(refname)%00%(upstream:short)%00%(objectname)%00%(upstream:track)%00%(upstream:remotename)%00%(upstream:remoteref) refs/heads/master refs/remotes/master [1ms]
2023-05-05 19:13:19.971 [info] > git status -z -uall [35ms]
2023-05-05 19:13:25.103 [info] > git config --get commit.template [13ms]
2023-05-05 19:13:25.104 [info] > git for-each-ref --format=%(refname)%00%(upstream:short)%00%(objectname)%00%(upstream:track)%00%(upstream:remotename)%00%(upstream:remoteref) refs/heads/master refs/remotes/master [2ms]
2023-05-05 19:13:25.145 [info] > git status -z -uall [30ms]
2023-05-05 19:13:32.217 [info] > git config --get commit.template [1ms]
2023-05-05 19:13:32.230 [info] > git for-each-ref --format=%(refname)%00%(upstream:short)%00%(objectname)%00%(upstream:track)%00%(upstream:remotename)%00%(upstream:remoteref) refs/heads/master refs/remotes/master [1ms]
2023-05-05 19:13:32.275 [info] > git status -z -uall [33ms]
2023-05-05 19:13:37.362 [info] > git config --get commit.template [2ms]
2023-05-05 19:13:37.375 [info] > git for-each-ref --format=%(refname)%00%(upstream:short)%00%(objectname)%00%(upstream:track)%00%(upstream:remotename)%00%(upstream:remoteref) refs/heads/master refs/remotes/master [0ms]
2023-05-05 19:13:37.417 [info] > git status -z -uall [31ms]
2023-05-05 19:13:42.502 [info] > git config --get commit.template [1ms]
2023-05-05 19:13:42.516 [info] > git for-each-ref --format=%(refname)%00%(upstream:short)%00%(objectname)%00%(upstream:track)%00%(upstream:remotename)%00%(upstream:remoteref) refs/heads/master refs/remotes/master [1ms]
2023-05-05 19:13:42.560 [info] > git status -z -uall [32ms]
2023-05-05 19:13:48.658 [info] > git config --get commit.template [2ms]
2023-05-05 19:13:48.672 [info] > git for-each-ref --format=%(refname)%00%(upstream:short)%00%(objectname)%00%(upstream:track)%00%(upstream:remotename)%00%(upstream:remoteref) refs/heads/master refs/remotes/master [1ms]
2023-05-05 19:13:48.718 [info] > git status -z -uall [34ms]
2023-05-05 19:13:53.824 [info] > git config --get commit.template [1ms]
2023-05-05 19:13:53.839 [info] > git for-each-ref --format=%(refname)%00%(upstream:short)%00%(objectname)%00%(upstream:track)%00%(upstream:remotename)%00%(upstream:remoteref) refs/heads/master refs/remotes/master [2ms]
2023-05-05 19:13:53.882 [info] > git status -z -uall [31ms]
2023-05-05 19:13:59.002 [info] > git config --get commit.template [1ms]
2023-05-05 19:13:59.015 [info] > git for-each-ref --format=%(refname)%00%(upstream:short)%00%(objectname)%00%(upstream:track)%00%(upstream:remotename)%00%(upstream:remoteref) refs/heads/master refs/remotes/master [1ms]
2023-05-05 19:13:59.057 [info] > git status -z -uall [31ms]
2023-05-05 19:14:04.160 [info] > git config --get commit.template [14ms]
2023-05-05 19:14:04.160 [info] > git for-each-ref --format=%(refname)%00%(upstream:short)%00%(objectname)%00%(upstream:track)%00%(upstream:remotename)%00%(upstream:remoteref) refs/heads/master refs/remotes/master [1ms]
2023-05-05 19:14:04.205 [info] > git status -z -uall [34ms]
2023-05-05 19:14:09.287 [info] > git config --get commit.template [1ms]
2023-05-05 19:14:09.301 [info] > git for-each-ref --format=%(refname)%00%(upstream:short)%00%(objectname)%00%(upstream:track)%00%(upstream:remotename)%00%(upstream:remoteref) refs/heads/master refs/remotes/master [1ms]
2023-05-05 19:14:09.341 [info] > git status -z -uall [30ms]
2023-05-05 19:14:14.432 [info] > git config --get commit.template [1ms]
2023-05-05 19:14:14.446 [info] > git for-each-ref --format=%(refname)%00%(upstream:short)%00%(objectname)%00%(upstream:track)%00%(upstream:remotename)%00%(upstream:remoteref) refs/heads/master refs/remotes/master [1ms]
2023-05-05 19:14:14.490 [info] > git status -z -uall [32ms]
2023-05-05 19:14:19.609 [info] > git config --get commit.template [1ms]
2023-05-05 19:14:19.623 [info] > git for-each-ref --format=%(refname)%00%(upstream:short)%00%(objectname)%00%(upstream:track)%00%(upstream:remotename)%00%(upstream:remoteref) refs/heads/master refs/remotes/master [1ms]
2023-05-05 19:14:19.668 [info] > git status -z -uall [34ms]
2023-05-05 19:14:26.739 [info] > git config --get commit.template [13ms]
2023-05-05 19:14:26.740 [info] > git for-each-ref --format=%(refname)%00%(upstream:short)%00%(objectname)%00%(upstream:track)%00%(upstream:remotename)%00%(upstream:remoteref) refs/heads/master refs/remotes/master [2ms]
2023-05-05 19:14:26.781 [info] > git status -z -uall [30ms]
2023-05-05 19:14:31.880 [info] > git config --get commit.template [13ms]
2023-05-05 19:14:31.880 [info] > git for-each-ref --format=%(refname)%00%(upstream:short)%00%(objectname)%00%(upstream:track)%00%(upstream:remotename)%00%(upstream:remoteref) refs/heads/master refs/remotes/master [1ms]
2023-05-05 19:14:31.923 [info] > git status -z -uall [31ms]
2023-05-05 19:14:37.018 [info] > git config --get commit.template [2ms]
2023-05-05 19:14:37.031 [info] > git for-each-ref --format=%(refname)%00%(upstream:short)%00%(objectname)%00%(upstream:track)%00%(upstream:remotename)%00%(upstream:remoteref) refs/heads/master refs/remotes/master [1ms]
2023-05-05 19:14:37.079 [info] > git status -z -uall [37ms]
2023-05-05 19:14:42.199 [info] > git config --get commit.template [1ms]
2023-05-05 19:14:42.212 [info] > git for-each-ref --format=%(refname)%00%(upstream:short)%00%(objectname)%00%(upstream:track)%00%(upstream:remotename)%00%(upstream:remoteref) refs/heads/master refs/remotes/master [1ms]
2023-05-05 19:14:42.257 [info] > git status -z -uall [33ms]
2023-05-05 19:14:47.361 [info] > git config --get commit.template [14ms]
2023-05-05 19:14:47.361 [info] > git for-each-ref --format=%(refname)%00%(upstream:short)%00%(objectname)%00%(upstream:track)%00%(upstream:remotename)%00%(upstream:remoteref) refs/heads/master refs/remotes/master [1ms]
2023-05-05 19:14:47.404 [info] > git status -z -uall [31ms]
2023-05-05 19:14:52.485 [info] > git config --get commit.template [1ms]
2023-05-05 19:14:52.499 [info] > git for-each-ref --format=%(refname)%00%(upstream:short)%00%(objectname)%00%(upstream:track)%00%(upstream:remotename)%00%(upstream:remoteref) refs/heads/master refs/remotes/master [2ms]
2023-05-05 19:14:52.542 [info] > git status -z -uall [31ms]
2023-05-05 19:14:57.645 [info] > git config --get commit.template [15ms]
2023-05-05 19:14:57.646 [info] > git for-each-ref --format=%(refname)%00%(upstream:short)%00%(objectname)%00%(upstream:track)%00%(upstream:remotename)%00%(upstream:remoteref) refs/heads/master refs/remotes/master [1ms]
2023-05-05 19:14:57.694 [info] > git status -z -uall [36ms]
2023-05-05 19:15:02.821 [info] > git config --get commit.template [2ms]
2023-05-05 19:15:02.840 [info] > git for-each-ref --format=%(refname)%00%(upstream:short)%00%(objectname)%00%(upstream:track)%00%(upstream:remotename)%00%(upstream:remoteref) refs/heads/master refs/remotes/master [2ms]
2023-05-05 19:15:02.898 [info] > git status -z -uall [43ms]
2023-05-05 19:15:07.988 [info] > git config --get commit.template [1ms]
2023-05-05 19:15:08.002 [info] > git for-each-ref --format=%(refname)%00%(upstream:short)%00%(objectname)%00%(upstream:track)%00%(upstream:remotename)%00%(upstream:remoteref) refs/heads/master refs/remotes/master [1ms]
2023-05-05 19:15:08.049 [info] > git status -z -uall [35ms]
2023-05-05 19:15:13.184 [info] > git config --get commit.template [13ms]
2023-05-05 19:15:13.184 [info] > git for-each-ref --format=%(refname)%00%(upstream:short)%00%(objectname)%00%(upstream:track)%00%(upstream:remotename)%00%(upstream:remoteref) refs/heads/master refs/remotes/master [1ms]
2023-05-05 19:15:13.231 [info] > git status -z -uall [34ms]
2023-05-05 19:15:18.316 [info] > git config --get commit.template [1ms]
2023-05-05 19:15:18.329 [info] > git for-each-ref --format=%(refname)%00%(upstream:short)%00%(objectname)%00%(upstream:track)%00%(upstream:remotename)%00%(upstream:remoteref) refs/heads/master refs/remotes/master [1ms]
2023-05-05 19:15:18.370 [info] > git status -z -uall [29ms]
2023-05-05 19:15:23.454 [info] > git config --get commit.template [1ms]
2023-05-05 19:15:23.468 [info] > git for-each-ref --format=%(refname)%00%(upstream:short)%00%(objectname)%00%(upstream:track)%00%(upstream:remotename)%00%(upstream:remoteref) refs/heads/master refs/remotes/master [1ms]
2023-05-05 19:15:23.512 [info] > git status -z -uall [32ms]
2023-05-05 19:15:28.612 [info] > git config --get commit.template [13ms]
2023-05-05 19:15:28.612 [info] > git for-each-ref --format=%(refname)%00%(upstream:short)%00%(objectname)%00%(upstream:track)%00%(upstream:remotename)%00%(upstream:remoteref) refs/heads/master refs/remotes/master [1ms]
2023-05-05 19:15:28.656 [info] > git status -z -uall [32ms]
2023-05-05 19:15:33.787 [info] > git config --get commit.template [13ms]
2023-05-05 19:15:33.788 [info] > git for-each-ref --format=%(refname)%00%(upstream:short)%00%(objectname)%00%(upstream:track)%00%(upstream:remotename)%00%(upstream:remoteref) refs/heads/master refs/remotes/master [2ms]
2023-05-05 19:15:33.832 [info] > git status -z -uall [32ms]
2023-05-05 19:15:38.918 [info] > git config --get commit.template [1ms]
2023-05-05 19:15:38.931 [info] > git for-each-ref --format=%(refname)%00%(upstream:short)%00%(objectname)%00%(upstream:track)%00%(upstream:remotename)%00%(upstream:remoteref) refs/heads/master refs/remotes/master [1ms]
2023-05-05 19:15:38.978 [info] > git status -z -uall [35ms]
2023-05-05 19:15:44.109 [info] > git config --get commit.template [13ms]
2023-05-05 19:15:44.110 [info] > git for-each-ref --format=%(refname)%00%(upstream:short)%00%(objectname)%00%(upstream:track)%00%(upstream:remotename)%00%(upstream:remoteref) refs/heads/master refs/remotes/master [2ms]
2023-05-05 19:15:44.153 [info] > git status -z -uall [32ms]
2023-05-05 19:15:49.237 [info] > git config --get commit.template [1ms]
2023-05-05 19:15:49.250 [info] > git for-each-ref --format=%(refname)%00%(upstream:short)%00%(objectname)%00%(upstream:track)%00%(upstream:remotename)%00%(upstream:remoteref) refs/heads/master refs/remotes/master [1ms]
2023-05-05 19:15:49.291 [info] > git status -z -uall [29ms]
2023-05-05 19:15:54.383 [info] > git config --get commit.template [13ms]
2023-05-05 19:15:54.384 [info] > git for-each-ref --format=%(refname)%00%(upstream:short)%00%(objectname)%00%(upstream:track)%00%(upstream:remotename)%00%(upstream:remoteref) refs/heads/master refs/remotes/master [2ms]
2023-05-05 19:15:54.428 [info] > git status -z -uall [31ms]
2023-05-05 19:15:59.518 [info] > git config --get commit.template [1ms]
2023-05-05 19:15:59.531 [info] > git for-each-ref --format=%(refname)%00%(upstream:short)%00%(objectname)%00%(upstream:track)%00%(upstream:remotename)%00%(upstream:remoteref) refs/heads/master refs/remotes/master [1ms]
2023-05-05 19:15:59.573 [info] > git status -z -uall [31ms]
2023-05-05 19:16:04.696 [info] > git config --get commit.template [2ms]
2023-05-05 19:16:04.709 [info] > git for-each-ref --format=%(refname)%00%(upstream:short)%00%(objectname)%00%(upstream:track)%00%(upstream:remotename)%00%(upstream:remoteref) refs/heads/master refs/remotes/master [1ms]
2023-05-05 19:16:04.755 [info] > git status -z -uall [35ms]
2023-05-05 19:16:09.845 [info] > git config --get commit.template [1ms]
2023-05-05 19:16:09.859 [info] > git for-each-ref --format=%(refname)%00%(upstream:short)%00%(objectname)%00%(upstream:track)%00%(upstream:remotename)%00%(upstream:remoteref) refs/heads/master refs/remotes/master [1ms]
2023-05-05 19:16:09.902 [info] > git status -z -uall [30ms]
2023-05-05 19:16:14.995 [info] > git config --get commit.template [14ms]
2023-05-05 19:16:14.995 [info] > git for-each-ref --format=%(refname)%00%(upstream:short)%00%(objectname)%00%(upstream:track)%00%(upstream:remotename)%00%(upstream:remoteref) refs/heads/master refs/remotes/master [1ms]
2023-05-05 19:16:15.042 [info] > git status -z -uall [35ms]
2023-05-05 19:16:20.127 [info] > git config --get commit.template [1ms]
2023-05-05 19:16:20.140 [info] > git for-each-ref --format=%(refname)%00%(upstream:short)%00%(objectname)%00%(upstream:track)%00%(upstream:remotename)%00%(upstream:remoteref) refs/heads/master refs/remotes/master [1ms]
2023-05-05 19:16:20.182 [info] > git status -z -uall [31ms]
2023-05-05 19:16:25.278 [info] > git config --get commit.template [13ms]
2023-05-05 19:16:25.279 [info] > git for-each-ref --format=%(refname)%00%(upstream:short)%00%(objectname)%00%(upstream:track)%00%(upstream:remotename)%00%(upstream:remoteref) refs/heads/master refs/remotes/master [2ms]
2023-05-05 19:16:25.321 [info] > git status -z -uall [31ms]
2023-05-05 19:16:30.428 [info] > git config --get commit.template [13ms]
2023-05-05 19:16:30.428 [info] > git for-each-ref --format=%(refname)%00%(upstream:short)%00%(objectname)%00%(upstream:track)%00%(upstream:remotename)%00%(upstream:remoteref) refs/heads/master refs/remotes/master [1ms]
2023-05-05 19:16:30.478 [info] > git status -z -uall [39ms]
2023-05-05 19:16:35.598 [info] > git config --get commit.template [1ms]
2023-05-05 19:16:35.612 [info] > git for-each-ref --format=%(refname)%00%(upstream:short)%00%(objectname)%00%(upstream:track)%00%(upstream:remotename)%00%(upstream:remoteref) refs/heads/master refs/remotes/master [2ms]
2023-05-05 19:16:35.662 [info] > git status -z -uall [38ms]
2023-05-05 19:16:40.760 [info] > git config --get commit.template [13ms]
2023-05-05 19:16:40.761 [info] > git for-each-ref --format=%(refname)%00%(upstream:short)%00%(objectname)%00%(upstream:track)%00%(upstream:remotename)%00%(upstream:remoteref) refs/heads/master refs/remotes/master [1ms]
2023-05-05 19:16:40.801 [info] > git status -z -uall [29ms]
2023-05-05 19:16:45.898 [info] > git config --get commit.template [13ms]
2023-05-05 19:16:45.899 [info] > git for-each-ref --format=%(refname)%00%(upstream:short)%00%(objectname)%00%(upstream:track)%00%(upstream:remotename)%00%(upstream:remoteref) refs/heads/master refs/remotes/master [2ms]
2023-05-05 19:16:45.940 [info] > git status -z -uall [31ms]
2023-05-05 19:16:51.992 [info] > git config --get commit.template [1ms]
2023-05-05 19:16:52.005 [info] > git for-each-ref --format=%(refname)%00%(upstream:short)%00%(objectname)%00%(upstream:track)%00%(upstream:remotename)%00%(upstream:remoteref) refs/heads/master refs/remotes/master [1ms]
2023-05-05 19:16:52.050 [info] > git status -z -uall [31ms]
2023-05-05 19:16:57.151 [info] > git config --get commit.template [13ms]
2023-05-05 19:16:57.152 [info] > git for-each-ref --format=%(refname)%00%(upstream:short)%00%(objectname)%00%(upstream:track)%00%(upstream:remotename)%00%(upstream:remoteref) refs/heads/master refs/remotes/master [2ms]
2023-05-05 19:16:57.193 [info] > git status -z -uall [30ms]
2023-05-05 19:17:02.293 [info] > git config --get commit.template [14ms]
2023-05-05 19:17:02.293 [info] > git for-each-ref --format=%(refname)%00%(upstream:short)%00%(objectname)%00%(upstream:track)%00%(upstream:remotename)%00%(upstream:remoteref) refs/heads/master refs/remotes/master [1ms]
2023-05-05 19:17:02.342 [info] > git status -z -uall [34ms]
2023-05-05 19:17:07.475 [info] > git config --get commit.template [14ms]
2023-05-05 19:17:07.476 [info] > git for-each-ref --format=%(refname)%00%(upstream:short)%00%(objectname)%00%(upstream:track)%00%(upstream:remotename)%00%(upstream:remoteref) refs/heads/master refs/remotes/master [1ms]
2023-05-05 19:17:07.525 [info] > git status -z -uall [36ms]
2023-05-05 19:17:12.622 [info] > git config --get commit.template [13ms]
2023-05-05 19:17:12.622 [info] > git for-each-ref --format=%(refname)%00%(upstream:short)%00%(objectname)%00%(upstream:track)%00%(upstream:remotename)%00%(upstream:remoteref) refs/heads/master refs/remotes/master [1ms]
2023-05-05 19:17:12.664 [info] > git status -z -uall [28ms]
2023-05-05 19:17:17.745 [info] > git config --get commit.template [1ms]
2023-05-05 19:17:17.758 [info] > git for-each-ref --format=%(refname)%00%(upstream:short)%00%(objectname)%00%(upstream:track)%00%(upstream:remotename)%00%(upstream:remoteref) refs/heads/master refs/remotes/master [1ms]
2023-05-05 19:17:17.799 [info] > git status -z -uall [29ms]
2023-05-05 19:17:22.891 [info] > git config --get commit.template [2ms]
2023-05-05 19:17:22.904 [info] > git for-each-ref --format=%(refname)%00%(upstream:short)%00%(objectname)%00%(upstream:track)%00%(upstream:remotename)%00%(upstream:remoteref) refs/heads/master refs/remotes/master [1ms]
2023-05-05 19:17:22.945 [info] > git status -z -uall [30ms]
2023-05-05 19:17:28.042 [info] > git config --get commit.template [14ms]
2023-05-05 19:17:28.042 [info] > git for-each-ref --format=%(refname)%00%(upstream:short)%00%(objectname)%00%(upstream:track)%00%(upstream:remotename)%00%(upstream:remoteref) refs/heads/master refs/remotes/master [2ms]
2023-05-05 19:17:28.088 [info] > git status -z -uall [33ms]
2023-05-05 19:17:33.190 [info] > git config --get commit.template [13ms]
2023-05-05 19:17:33.190 [info] > git for-each-ref --format=%(refname)%00%(upstream:short)%00%(objectname)%00%(upstream:track)%00%(upstream:remotename)%00%(upstream:remoteref) refs/heads/master refs/remotes/master [1ms]
2023-05-05 19:17:33.237 [info] > git status -z -uall [34ms]
2023-05-05 19:17:38.369 [info] > git config --get commit.template [13ms]
2023-05-05 19:17:38.370 [info] > git for-each-ref --format=%(refname)%00%(upstream:short)%00%(objectname)%00%(upstream:track)%00%(upstream:remotename)%00%(upstream:remoteref) refs/heads/master refs/remotes/master [1ms]
2023-05-05 19:17:38.415 [info] > git status -z -uall [33ms]
2023-05-05 19:17:43.505 [info] > git config --get commit.template [1ms]
2023-05-05 19:17:43.520 [info] > git for-each-ref --format=%(refname)%00%(upstream:short)%00%(objectname)%00%(upstream:track)%00%(upstream:remotename)%00%(upstream:remoteref) refs/heads/master refs/remotes/master [2ms]
2023-05-05 19:17:43.569 [info] > git status -z -uall [36ms]
2023-05-05 19:17:48.665 [info] > git config --get commit.template [14ms]
2023-05-05 19:17:48.666 [info] > git for-each-ref --format=%(refname)%00%(upstream:short)%00%(objectname)%00%(upstream:track)%00%(upstream:remotename)%00%(upstream:remoteref) refs/heads/master refs/remotes/master [1ms]
2023-05-05 19:17:48.708 [info] > git status -z -uall [31ms]
2023-05-05 19:17:55.771 [info] > git config --get commit.template [13ms]
2023-05-05 19:17:55.772 [info] > git for-each-ref --format=%(refname)%00%(upstream:short)%00%(objectname)%00%(upstream:track)%00%(upstream:remotename)%00%(upstream:remoteref) refs/heads/master refs/remotes/master [1ms]
2023-05-05 19:17:55.815 [info] > git status -z -uall [31ms]
2023-05-05 19:18:00.948 [info] > git config --get commit.template [13ms]
2023-05-05 19:18:00.949 [info] > git for-each-ref --format=%(refname)%00%(upstream:short)%00%(objectname)%00%(upstream:track)%00%(upstream:remotename)%00%(upstream:remoteref) refs/heads/master refs/remotes/master [2ms]
2023-05-05 19:18:00.991 [info] > git status -z -uall [31ms]
2023-05-05 19:18:06.090 [info] > git config --get commit.template [13ms]
2023-05-05 19:18:06.091 [info] > git for-each-ref --format=%(refname)%00%(upstream:short)%00%(objectname)%00%(upstream:track)%00%(upstream:remotename)%00%(upstream:remoteref) refs/heads/master refs/remotes/master [1ms]
2023-05-05 19:18:06.135 [info] > git status -z -uall [32ms]
2023-05-05 19:18:13.196 [info] > git config --get commit.template [14ms]
2023-05-05 19:18:13.196 [info] > git for-each-ref --format=%(refname)%00%(upstream:short)%00%(objectname)%00%(upstream:track)%00%(upstream:remotename)%00%(upstream:remoteref) refs/heads/master refs/remotes/master [1ms]
2023-05-05 19:18:13.240 [info] > git status -z -uall [31ms]
2023-05-05 19:18:18.346 [info] > git config --get commit.template [13ms]
2023-05-05 19:18:18.347 [info] > git for-each-ref --format=%(refname)%00%(upstream:short)%00%(objectname)%00%(upstream:track)%00%(upstream:remotename)%00%(upstream:remoteref) refs/heads/master refs/remotes/master [1ms]
2023-05-05 19:18:18.391 [info] > git status -z -uall [32ms]
2023-05-05 19:18:23.485 [info] > git config --get commit.template [14ms]
2023-05-05 19:18:23.486 [info] > git for-each-ref --format=%(refname)%00%(upstream:short)%00%(objectname)%00%(upstream:track)%00%(upstream:remotename)%00%(upstream:remoteref) refs/heads/master refs/remotes/master [2ms]
2023-05-05 19:18:23.528 [info] > git status -z -uall [30ms]
2023-05-05 19:18:28.626 [info] > git config --get commit.template [13ms]
2023-05-05 19:18:28.626 [info] > git for-each-ref --format=%(refname)%00%(upstream:short)%00%(objectname)%00%(upstream:track)%00%(upstream:remotename)%00%(upstream:remoteref) refs/heads/master refs/remotes/master [1ms]
2023-05-05 19:18:28.669 [info] > git status -z -uall [31ms]
2023-05-05 19:18:33.803 [info] > git config --get commit.template [15ms]
2023-05-05 19:18:33.803 [info] > git for-each-ref --format=%(refname)%00%(upstream:short)%00%(objectname)%00%(upstream:track)%00%(upstream:remotename)%00%(upstream:remoteref) refs/heads/master refs/remotes/master [1ms]
2023-05-05 19:18:33.850 [info] > git status -z -uall [35ms]
2023-05-05 19:18:38.955 [info] > git config --get commit.template [14ms]
2023-05-05 19:18:38.956 [info] > git for-each-ref --format=%(refname)%00%(upstream:short)%00%(objectname)%00%(upstream:track)%00%(upstream:remotename)%00%(upstream:remoteref) refs/heads/master refs/remotes/master [1ms]
2023-05-05 19:18:39.000 [info] > git status -z -uall [32ms]
2023-05-05 19:18:44.098 [info] > git config --get commit.template [13ms]
2023-05-05 19:18:44.098 [info] > git for-each-ref --format=%(refname)%00%(upstream:short)%00%(objectname)%00%(upstream:track)%00%(upstream:remotename)%00%(upstream:remoteref) refs/heads/master refs/remotes/master [1ms]
2023-05-05 19:18:44.144 [info] > git status -z -uall [34ms]
2023-05-05 19:18:49.259 [info] > git config --get commit.template [1ms]
2023-05-05 19:18:49.273 [info] > git for-each-ref --format=%(refname)%00%(upstream:short)%00%(objectname)%00%(upstream:track)%00%(upstream:remotename)%00%(upstream:remoteref) refs/heads/master refs/remotes/master [2ms]
2023-05-05 19:18:49.317 [info] > git status -z -uall [33ms]
2023-05-05 19:18:54.401 [info] > git config --get commit.template [1ms]
2023-05-05 19:18:54.415 [info] > git for-each-ref --format=%(refname)%00%(upstream:short)%00%(objectname)%00%(upstream:track)%00%(upstream:remotename)%00%(upstream:remoteref) refs/heads/master refs/remotes/master [1ms]
2023-05-05 19:18:54.461 [info] > git status -z -uall [34ms]
2023-05-05 19:18:59.597 [info] > git config --get commit.template [16ms]
2023-05-05 19:18:59.598 [info] > git for-each-ref --format=%(refname)%00%(upstream:short)%00%(objectname)%00%(upstream:track)%00%(upstream:remotename)%00%(upstream:remoteref) refs/heads/master refs/remotes/master [2ms]
2023-05-05 19:18:59.643 [info] > git status -z -uall [34ms]
2023-05-05 19:19:04.742 [info] > git config --get commit.template [15ms]
2023-05-05 19:19:04.743 [info] > git for-each-ref --format=%(refname)%00%(upstream:short)%00%(objectname)%00%(upstream:track)%00%(upstream:remotename)%00%(upstream:remoteref) refs/heads/master refs/remotes/master [2ms]
2023-05-05 19:19:04.791 [info] > git status -z -uall [36ms]
2023-05-05 19:19:09.910 [info] > git config --get commit.template [1ms]
2023-05-05 19:19:09.924 [info] > git for-each-ref --format=%(refname)%00%(upstream:short)%00%(objectname)%00%(upstream:track)%00%(upstream:remotename)%00%(upstream:remoteref) refs/heads/master refs/remotes/master [0ms]
2023-05-05 19:19:09.967 [info] > git status -z -uall [31ms]
2023-05-05 19:19:15.063 [info] > git config --get commit.template [13ms]
2023-05-05 19:19:15.064 [info] > git for-each-ref --format=%(refname)%00%(upstream:short)%00%(objectname)%00%(upstream:track)%00%(upstream:remotename)%00%(upstream:remoteref) refs/heads/master refs/remotes/master [2ms]
2023-05-05 19:19:15.107 [info] > git status -z -uall [31ms]
2023-05-05 19:19:20.229 [info] > git config --get commit.template [1ms]
2023-05-05 19:19:20.243 [info] > git for-each-ref --format=%(refname)%00%(upstream:short)%00%(objectname)%00%(upstream:track)%00%(upstream:remotename)%00%(upstream:remoteref) refs/heads/master refs/remotes/master [2ms]
2023-05-05 19:19:20.285 [info] > git status -z -uall [30ms]
2023-05-05 19:19:25.372 [info] > git config --get commit.template [1ms]
2023-05-05 19:19:25.387 [info] > git for-each-ref --format=%(refname)%00%(upstream:short)%00%(objectname)%00%(upstream:track)%00%(upstream:remotename)%00%(upstream:remoteref) refs/heads/master refs/remotes/master [3ms]
2023-05-05 19:19:25.436 [info] > git status -z -uall [37ms]
2023-05-05 19:19:30.526 [info] > git config --get commit.template [2ms]
2023-05-05 19:19:30.539 [info] > git for-each-ref --format=%(refname)%00%(upstream:short)%00%(objectname)%00%(upstream:track)%00%(upstream:remotename)%00%(upstream:remoteref) refs/heads/master refs/remotes/master [1ms]
2023-05-05 19:19:30.588 [info] > git status -z -uall [37ms]
2023-05-05 19:19:35.674 [info] > git config --get commit.template [1ms]
2023-05-05 19:19:35.687 [info] > git for-each-ref --format=%(refname)%00%(upstream:short)%00%(objectname)%00%(upstream:track)%00%(upstream:remotename)%00%(upstream:remoteref) refs/heads/master refs/remotes/master [1ms]
2023-05-05 19:19:35.736 [info] > git status -z -uall [37ms]
2023-05-05 19:19:40.871 [info] > git config --get commit.template [14ms]
2023-05-05 19:19:40.872 [info] > git for-each-ref --format=%(refname)%00%(upstream:short)%00%(objectname)%00%(upstream:track)%00%(upstream:remotename)%00%(upstream:remoteref) refs/heads/master refs/remotes/master [2ms]
2023-05-05 19:19:40.916 [info] > git status -z -uall [32ms]
2023-05-05 19:19:46.019 [info] > git config --get commit.template [14ms]
2023-05-05 19:19:46.020 [info] > git for-each-ref --format=%(refname)%00%(upstream:short)%00%(objectname)%00%(upstream:track)%00%(upstream:remotename)%00%(upstream:remoteref) refs/heads/master refs/remotes/master [1ms]
2023-05-05 19:19:46.072 [info] > git status -z -uall [39ms]
2023-05-05 19:19:51.190 [info] > git config --get commit.template [2ms]
2023-05-05 19:19:51.204 [info] > git for-each-ref --format=%(refname)%00%(upstream:short)%00%(objectname)%00%(upstream:track)%00%(upstream:remotename)%00%(upstream:remoteref) refs/heads/master refs/remotes/master [1ms]
2023-05-05 19:19:51.247 [info] > git status -z -uall [32ms]
2023-05-05 19:19:56.350 [info] > git config --get commit.template [13ms]
2023-05-05 19:19:56.351 [info] > git for-each-ref --format=%(refname)%00%(upstream:short)%00%(objectname)%00%(upstream:track)%00%(upstream:remotename)%00%(upstream:remoteref) refs/heads/master refs/remotes/master [1ms]
2023-05-05 19:19:56.398 [info] > git status -z -uall [34ms]
2023-05-05 19:20:01.532 [info] > git config --get commit.template [14ms]
2023-05-05 19:20:01.533 [info] > git for-each-ref --format=%(refname)%00%(upstream:short)%00%(objectname)%00%(upstream:track)%00%(upstream:remotename)%00%(upstream:remoteref) refs/heads/master refs/remotes/master [1ms]
2023-05-05 19:20:01.580 [info] > git status -z -uall [35ms]
2023-05-05 19:20:06.661 [info] > git config --get commit.template [1ms]
2023-05-05 19:20:06.674 [info] > git for-each-ref --format=%(refname)%00%(upstream:short)%00%(objectname)%00%(upstream:track)%00%(upstream:remotename)%00%(upstream:remoteref) refs/heads/master refs/remotes/master [1ms]
2023-05-05 19:20:06.728 [info] > git status -z -uall [41ms]
2023-05-05 19:20:11.818 [info] > git config --get commit.template [1ms]
2023-05-05 19:20:11.831 [info] > git for-each-ref --format=%(refname)%00%(upstream:short)%00%(objectname)%00%(upstream:track)%00%(upstream:remotename)%00%(upstream:remoteref) refs/heads/master refs/remotes/master [1ms]
2023-05-05 19:20:11.874 [info] > git status -z -uall [32ms]
2023-05-05 19:20:16.983 [info] > git config --get commit.template [14ms]
2023-05-05 19:20:16.984 [info] > git for-each-ref --format=%(refname)%00%(upstream:short)%00%(objectname)%00%(upstream:track)%00%(upstream:remotename)%00%(upstream:remoteref) refs/heads/master refs/remotes/master [1ms]
2023-05-05 19:20:17.032 [info] > git status -z -uall [36ms]
2023-05-05 19:52:15.421 [info] > git config --get commit.template [22ms]
2023-05-05 19:52:15.423 [info] > git for-each-ref --format=%(refname)%00%(upstream:short)%00%(objectname)%00%(upstream:track)%00%(upstream:remotename)%00%(upstream:remoteref) refs/heads/master refs/remotes/master [3ms]
2023-05-05 19:52:15.522 [info] > git status -z -uall [79ms]
2023-05-07 12:49:49.377 [info] > git config --get commit.template [67ms]
2023-05-07 12:49:49.394 [info] > git for-each-ref --format=%(refname)%00%(upstream:short)%00%(objectname)%00%(upstream:track)%00%(upstream:remotename)%00%(upstream:remoteref) refs/heads/master refs/remotes/master [63ms]
2023-05-07 12:49:49.694 [info] > git check-ignore -v -z --stdin [14ms]
2023-05-07 12:49:50.001 [info] > git show --textconv :.bashrc [100ms]
2023-05-07 12:49:50.004 [info] > git ls-files --stage -- /home/frank/.bashrc [5ms]
2023-05-07 12:49:50.885 [info] > git status -z -uall [1472ms]
2023-05-07 12:49:56.162 [info] > git config --get commit.template [74ms]
2023-05-07 12:49:56.164 [info] > git for-each-ref --format=%(refname)%00%(upstream:short)%00%(objectname)%00%(upstream:track)%00%(upstream:remotename)%00%(upstream:remoteref) refs/heads/master refs/remotes/master [3ms]
2023-05-07 12:49:56.380 [info] > git status -z -uall [77ms]
2023-05-07 12:50:01.531 [info] > git config --get commit.template [3ms]
2023-05-07 12:50:01.557 [info] > git for-each-ref --format=%(refname)%00%(upstream:short)%00%(objectname)%00%(upstream:track)%00%(upstream:remotename)%00%(upstream:remoteref) refs/heads/master refs/remotes/master [2ms]
2023-05-07 12:50:01.647 [info] > git status -z -uall [66ms]
2023-05-07 12:50:06.893 [info] > git config --get commit.template [25ms]
2023-05-07 12:50:06.894 [info] > git for-each-ref --format=%(refname)%00%(upstream:short)%00%(objectname)%00%(upstream:track)%00%(upstream:remotename)%00%(upstream:remoteref) refs/heads/master refs/remotes/master [3ms]
2023-05-07 12:50:07.161 [info] > git status -z -uall [174ms]
2023-05-07 12:50:12.393 [info] > git config --get commit.template [34ms]
2023-05-07 12:50:12.395 [info] > git for-each-ref --format=%(refname)%00%(upstream:short)%00%(objectname)%00%(upstream:track)%00%(upstream:remotename)%00%(upstream:remoteref) refs/heads/master refs/remotes/master [5ms]
2023-05-07 12:50:12.520 [info] > git status -z -uall [100ms]
2023-05-07 12:50:17.753 [info] > git config --get commit.template [3ms]
2023-05-07 12:50:17.787 [info] > git for-each-ref --format=%(refname)%00%(upstream:short)%00%(objectname)%00%(upstream:track)%00%(upstream:remotename)%00%(upstream:remoteref) refs/heads/master refs/remotes/master [3ms]
2023-05-07 12:50:17.970 [info] > git status -z -uall [148ms]
2023-05-07 12:50:24.590 [info] > git config --get commit.template [24ms]
2023-05-07 12:50:24.592 [info] > git for-each-ref --format=%(refname)%00%(upstream:short)%00%(objectname)%00%(upstream:track)%00%(upstream:remotename)%00%(upstream:remoteref) refs/heads/master refs/remotes/master [2ms]
2023-05-07 12:50:24.675 [info] > git status -z -uall [65ms]
2023-05-07 12:50:30.521 [info] > git config --get commit.template [3ms]
2023-05-07 12:50:30.561 [info] > git for-each-ref --format=%(refname)%00%(upstream:short)%00%(objectname)%00%(upstream:track)%00%(upstream:remotename)%00%(upstream:remoteref) refs/heads/master refs/remotes/master [6ms]
2023-05-07 12:50:30.692 [info] > git status -z -uall [108ms]
2023-05-07 12:50:35.904 [info] > git config --get commit.template [38ms]
2023-05-07 12:50:35.905 [info] > git for-each-ref --format=%(refname)%00%(upstream:short)%00%(objectname)%00%(upstream:track)%00%(upstream:remotename)%00%(upstream:remoteref) refs/heads/master refs/remotes/master [5ms]
2023-05-07 12:50:36.085 [info] > git status -z -uall [153ms]
2023-05-07 12:50:41.319 [info] > git config --get commit.template [3ms]
2023-05-07 12:50:41.346 [info] > git for-each-ref --format=%(refname)%00%(upstream:short)%00%(objectname)%00%(upstream:track)%00%(upstream:remotename)%00%(upstream:remoteref) refs/heads/master refs/remotes/master [3ms]
2023-05-07 12:50:41.452 [info] > git status -z -uall [80ms]
2023-05-07 12:50:46.636 [info] > git config --get commit.template [2ms]
2023-05-07 12:50:46.675 [info] > git for-each-ref --format=%(refname)%00%(upstream:short)%00%(objectname)%00%(upstream:track)%00%(upstream:remotename)%00%(upstream:remoteref) refs/heads/master refs/remotes/master [4ms]
2023-05-07 12:50:46.797 [info] > git status -z -uall [89ms]
2023-05-07 12:50:52.030 [info] > git config --get commit.template [37ms]
2023-05-07 12:50:52.031 [info] > git for-each-ref --format=%(refname)%00%(upstream:short)%00%(objectname)%00%(upstream:track)%00%(upstream:remotename)%00%(upstream:remoteref) refs/heads/master refs/remotes/master [2ms]
2023-05-07 12:50:52.126 [info] > git status -z -uall [67ms]
2023-05-07 12:51:03.270 [info] > git config --get commit.template [3ms]
2023-05-07 12:51:03.306 [info] > git for-each-ref --format=%(refname)%00%(upstream:short)%00%(objectname)%00%(upstream:track)%00%(upstream:remotename)%00%(upstream:remoteref) refs/heads/master refs/remotes/master [3ms]
2023-05-07 12:51:03.399 [info] > git status -z -uall [54ms]
2023-05-07 12:51:08.610 [info] > git config --get commit.template [28ms]
2023-05-07 12:51:08.611 [info] > git for-each-ref --format=%(refname)%00%(upstream:short)%00%(objectname)%00%(upstream:track)%00%(upstream:remotename)%00%(upstream:remoteref) refs/heads/master refs/remotes/master [3ms]
2023-05-07 12:51:08.734 [info] > git status -z -uall [96ms]
2023-05-07 12:51:13.968 [info] > git config --get commit.template [33ms]
2023-05-07 12:51:13.969 [info] > git for-each-ref --format=%(refname)%00%(upstream:short)%00%(objectname)%00%(upstream:track)%00%(upstream:remotename)%00%(upstream:remoteref) refs/heads/master refs/remotes/master [4ms]
2023-05-07 12:51:14.088 [info] > git status -z -uall [90ms]
2023-05-07 12:51:22.068 [info] > git config --get commit.template [30ms]
2023-05-07 12:51:22.070 [info] > git for-each-ref --format=%(refname)%00%(upstream:short)%00%(objectname)%00%(upstream:track)%00%(upstream:remotename)%00%(upstream:remoteref) refs/heads/master refs/remotes/master [2ms]
2023-05-07 12:51:22.181 [info] > git status -z -uall [90ms]
2023-05-07 12:51:27.427 [info] > git config --get commit.template [36ms]
2023-05-07 12:51:27.428 [info] > git for-each-ref --format=%(refname)%00%(upstream:short)%00%(objectname)%00%(upstream:track)%00%(upstream:remotename)%00%(upstream:remoteref) refs/heads/master refs/remotes/master [3ms]
2023-05-07 12:51:27.536 [info] > git status -z -uall [85ms]
2023-05-07 12:51:32.814 [info] > git config --get commit.template [40ms]
2023-05-07 12:51:32.816 [info] > git for-each-ref --format=%(refname)%00%(upstream:short)%00%(objectname)%00%(upstream:track)%00%(upstream:remotename)%00%(upstream:remoteref) refs/heads/master refs/remotes/master [5ms]
2023-05-07 12:51:32.940 [info] > git status -z -uall [90ms]
2023-05-07 12:51:38.098 [info] > git config --get commit.template [3ms]
2023-05-07 12:51:38.132 [info] > git for-each-ref --format=%(refname)%00%(upstream:short)%00%(objectname)%00%(upstream:track)%00%(upstream:remotename)%00%(upstream:remoteref) refs/heads/master refs/remotes/master [5ms]
2023-05-07 12:51:38.252 [info] > git status -z -uall [90ms]
2023-05-07 12:51:43.462 [info] > git config --get commit.template [2ms]
2023-05-07 12:51:43.494 [info] > git for-each-ref --format=%(refname)%00%(upstream:short)%00%(objectname)%00%(upstream:track)%00%(upstream:remotename)%00%(upstream:remoteref) refs/heads/master refs/remotes/master [4ms]
2023-05-07 12:51:43.580 [info] > git status -z -uall [66ms]
2023-05-07 12:51:48.790 [info] > git config --get commit.template [36ms]
2023-05-07 12:51:48.792 [info] > git for-each-ref --format=%(refname)%00%(upstream:short)%00%(objectname)%00%(upstream:track)%00%(upstream:remotename)%00%(upstream:remoteref) refs/heads/master refs/remotes/master [4ms]
2023-05-07 12:51:48.902 [info] > git status -z -uall [79ms]
2023-05-07 12:51:54.124 [info] > git config --get commit.template [3ms]
2023-05-07 12:51:54.149 [info] > git for-each-ref --format=%(refname)%00%(upstream:short)%00%(objectname)%00%(upstream:track)%00%(upstream:remotename)%00%(upstream:remoteref) refs/heads/master refs/remotes/master [3ms]
2023-05-07 12:51:54.231 [info] > git status -z -uall [57ms]
2023-05-07 12:51:59.367 [info] > git config --get commit.template [3ms]
2023-05-07 12:51:59.400 [info] > git for-each-ref --format=%(refname)%00%(upstream:short)%00%(objectname)%00%(upstream:track)%00%(upstream:remotename)%00%(upstream:remoteref) refs/heads/master refs/remotes/master [3ms]
2023-05-07 12:51:59.513 [info] > git status -z -uall [84ms]
2023-05-07 12:52:04.740 [info] > git config --get commit.template [6ms]
2023-05-07 12:52:04.783 [info] > git for-each-ref --format=%(refname)%00%(upstream:short)%00%(objectname)%00%(upstream:track)%00%(upstream:remotename)%00%(upstream:remoteref) refs/heads/master refs/remotes/master [3ms]
2023-05-07 12:52:04.888 [info] > git status -z -uall [79ms]
2023-05-07 12:52:10.116 [info] > git config --get commit.template [33ms]
2023-05-07 12:52:10.117 [info] > git for-each-ref --format=%(refname)%00%(upstream:short)%00%(objectname)%00%(upstream:track)%00%(upstream:remotename)%00%(upstream:remoteref) refs/heads/master refs/remotes/master [3ms]
2023-05-07 12:52:10.229 [info] > git status -z -uall [81ms]
2023-05-07 12:52:15.571 [info] > git config --get commit.template [30ms]
2023-05-07 12:52:15.573 [info] > git for-each-ref --format=%(refname)%00%(upstream:short)%00%(objectname)%00%(upstream:track)%00%(upstream:remotename)%00%(upstream:remoteref) refs/heads/master refs/remotes/master [2ms]
2023-05-07 12:52:15.700 [info] > git status -z -uall [97ms]
2023-05-07 12:52:21.601 [info] > git config --get commit.template [4ms]
2023-05-07 12:52:21.636 [info] > git for-each-ref --format=%(refname)%00%(upstream:short)%00%(objectname)%00%(upstream:track)%00%(upstream:remotename)%00%(upstream:remoteref) refs/heads/master refs/remotes/master [3ms]
2023-05-07 12:52:21.757 [info] > git status -z -uall [93ms]
2023-05-07 12:52:26.958 [info] > git config --get commit.template [2ms]
2023-05-07 12:52:26.997 [info] > git for-each-ref --format=%(refname)%00%(upstream:short)%00%(objectname)%00%(upstream:track)%00%(upstream:remotename)%00%(upstream:remoteref) refs/heads/master refs/remotes/master [3ms]
2023-05-07 12:52:27.119 [info] > git status -z -uall [87ms]
2023-05-07 12:52:33.314 [info] > git config --get commit.template [29ms]
2023-05-07 12:52:33.316 [info] > git for-each-ref --format=%(refname)%00%(upstream:short)%00%(objectname)%00%(upstream:track)%00%(upstream:remotename)%00%(upstream:remoteref) refs/heads/master refs/remotes/master [3ms]
2023-05-07 12:52:33.434 [info] > git status -z -uall [90ms]
2023-05-07 12:52:38.670 [info] > git config --get commit.template [27ms]
2023-05-07 12:52:38.671 [info] > git for-each-ref --format=%(refname)%00%(upstream:short)%00%(objectname)%00%(upstream:track)%00%(upstream:remotename)%00%(upstream:remoteref) refs/heads/master refs/remotes/master [3ms]
2023-05-07 12:52:38.813 [info] > git status -z -uall [112ms]
2023-05-07 12:52:44.041 [info] > git config --get commit.template [21ms]
2023-05-07 12:52:44.042 [info] > git for-each-ref --format=%(refname)%00%(upstream:short)%00%(objectname)%00%(upstream:track)%00%(upstream:remotename)%00%(upstream:remoteref) refs/heads/master refs/remotes/master [2ms]
2023-05-07 12:52:44.147 [info] > git status -z -uall [79ms]
2023-05-07 12:52:49.403 [info] > git config --get commit.template [31ms]
2023-05-07 12:52:49.404 [info] > git for-each-ref --format=%(refname)%00%(upstream:short)%00%(objectname)%00%(upstream:track)%00%(upstream:remotename)%00%(upstream:remoteref) refs/heads/master refs/remotes/master [3ms]
2023-05-07 12:52:49.509 [info] > git status -z -uall [78ms]
2023-05-07 12:52:54.794 [info] > git config --get commit.template [34ms]
2023-05-07 12:52:54.796 [info] > git for-each-ref --format=%(refname)%00%(upstream:short)%00%(objectname)%00%(upstream:track)%00%(upstream:remotename)%00%(upstream:remoteref) refs/heads/master refs/remotes/master [4ms]
2023-05-07 12:52:54.919 [info] > git status -z -uall [99ms]
2023-05-07 12:53:00.144 [info] > git config --get commit.template [28ms]
2023-05-07 12:53:00.145 [info] > git for-each-ref --format=%(refname)%00%(upstream:short)%00%(objectname)%00%(upstream:track)%00%(upstream:remotename)%00%(upstream:remoteref) refs/heads/master refs/remotes/master [3ms]
2023-05-07 12:53:00.268 [info] > git status -z -uall [92ms]
2023-05-07 12:53:05.540 [info] > git config --get commit.template [38ms]
2023-05-07 12:53:05.544 [info] > git for-each-ref --format=%(refname)%00%(upstream:short)%00%(objectname)%00%(upstream:track)%00%(upstream:remotename)%00%(upstream:remoteref) refs/heads/master refs/remotes/master [6ms]
2023-05-07 12:53:05.669 [info] > git status -z -uall [90ms]
2023-05-07 12:53:10.854 [info] > git config --get commit.template [6ms]
2023-05-07 12:53:10.894 [info] > git for-each-ref --format=%(refname)%00%(upstream:short)%00%(objectname)%00%(upstream:track)%00%(upstream:remotename)%00%(upstream:remoteref) refs/heads/master refs/remotes/master [3ms]
2023-05-07 12:53:11.031 [info] > git status -z -uall [107ms]
2023-05-07 12:53:18.026 [info] > git config --get commit.template [3ms]
2023-05-07 12:53:18.056 [info] > git for-each-ref --format=%(refname)%00%(upstream:short)%00%(objectname)%00%(upstream:track)%00%(upstream:remotename)%00%(upstream:remoteref) refs/heads/master refs/remotes/master [3ms]
2023-05-07 12:53:18.171 [info] > git status -z -uall [84ms]
2023-05-07 12:53:24.945 [info] > git config --get commit.template [3ms]
2023-05-07 12:53:24.976 [info] > git for-each-ref --format=%(refname)%00%(upstream:short)%00%(objectname)%00%(upstream:track)%00%(upstream:remotename)%00%(upstream:remoteref) refs/heads/master refs/remotes/master [3ms]
2023-05-07 12:53:25.094 [info] > git status -z -uall [88ms]
2023-05-07 12:53:31.102 [info] > git config --get commit.template [32ms]
2023-05-07 12:53:31.104 [info] > git for-each-ref --format=%(refname)%00%(upstream:short)%00%(objectname)%00%(upstream:track)%00%(upstream:remotename)%00%(upstream:remoteref) refs/heads/master refs/remotes/master [5ms]
2023-05-07 12:53:31.230 [info] > git status -z -uall [98ms]
2023-05-07 12:53:36.389 [info] > git config --get commit.template [3ms]
2023-05-07 12:53:36.421 [info] > git for-each-ref --format=%(refname)%00%(upstream:short)%00%(objectname)%00%(upstream:track)%00%(upstream:remotename)%00%(upstream:remoteref) refs/heads/master refs/remotes/master [4ms]
2023-05-07 12:53:36.532 [info] > git status -z -uall [82ms]
2023-05-07 12:53:41.784 [info] > git config --get commit.template [39ms]
2023-05-07 12:53:41.786 [info] > git for-each-ref --format=%(refname)%00%(upstream:short)%00%(objectname)%00%(upstream:track)%00%(upstream:remotename)%00%(upstream:remoteref) refs/heads/master refs/remotes/master [4ms]
2023-05-07 12:53:41.935 [info] > git status -z -uall [116ms]
2023-05-07 12:53:47.180 [info] > git config --get commit.template [36ms]
2023-05-07 12:53:47.181 [info] > git for-each-ref --format=%(refname)%00%(upstream:short)%00%(objectname)%00%(upstream:track)%00%(upstream:remotename)%00%(upstream:remoteref) refs/heads/master refs/remotes/master [2ms]
2023-05-07 12:53:47.325 [info] > git status -z -uall [113ms]
2023-05-07 12:53:52.544 [info] > git config --get commit.template [33ms]
2023-05-07 12:53:52.546 [info] > git for-each-ref --format=%(refname)%00%(upstream:short)%00%(objectname)%00%(upstream:track)%00%(upstream:remotename)%00%(upstream:remoteref) refs/heads/master refs/remotes/master [4ms]
2023-05-07 12:53:52.699 [info] > git status -z -uall [117ms]
2023-05-07 12:53:57.957 [info] > git config --get commit.template [37ms]
2023-05-07 12:53:57.961 [info] > git for-each-ref --format=%(refname)%00%(upstream:short)%00%(objectname)%00%(upstream:track)%00%(upstream:remotename)%00%(upstream:remoteref) refs/heads/master refs/remotes/master [6ms]
2023-05-07 12:53:58.101 [info] > git status -z -uall [108ms]
2023-05-07 12:54:03.367 [info] > git config --get commit.template [33ms]
2023-05-07 12:54:03.369 [info] > git for-each-ref --format=%(refname)%00%(upstream:short)%00%(objectname)%00%(upstream:track)%00%(upstream:remotename)%00%(upstream:remoteref) refs/heads/master refs/remotes/master [3ms]
2023-05-07 12:54:03.463 [info] > git status -z -uall [66ms]
2023-05-07 12:54:08.694 [info] > git config --get commit.template [38ms]
2023-05-07 12:54:08.694 [info] > git for-each-ref --format=%(refname)%00%(upstream:short)%00%(objectname)%00%(upstream:track)%00%(upstream:remotename)%00%(upstream:remoteref) refs/heads/master refs/remotes/master [2ms]
2023-05-07 12:54:08.853 [info] > git status -z -uall [123ms]
2023-05-07 12:54:17.911 [info] > git config --get commit.template [39ms]
2023-05-07 12:54:17.912 [info] > git for-each-ref --format=%(refname)%00%(upstream:short)%00%(objectname)%00%(upstream:track)%00%(upstream:remotename)%00%(upstream:remoteref) refs/heads/master refs/remotes/master [5ms]
2023-05-07 12:54:18.037 [info] > git status -z -uall [95ms]
2023-05-07 12:54:23.316 [info] > git config --get commit.template [32ms]
2023-05-07 12:54:23.317 [info] > git for-each-ref --format=%(refname)%00%(upstream:short)%00%(objectname)%00%(upstream:track)%00%(upstream:remotename)%00%(upstream:remoteref) refs/heads/master refs/remotes/master [4ms]
2023-05-07 12:54:23.413 [info] > git status -z -uall [68ms]
2023-05-07 12:54:28.622 [info] > git config --get commit.template [4ms]
2023-05-07 12:54:28.659 [info] > git for-each-ref --format=%(refname)%00%(upstream:short)%00%(objectname)%00%(upstream:track)%00%(upstream:remotename)%00%(upstream:remoteref) refs/heads/master refs/remotes/master [3ms]
2023-05-07 12:54:28.781 [info] > git status -z -uall [90ms]
2023-05-07 12:54:34.035 [info] > git config --get commit.template [30ms]
2023-05-07 12:54:34.036 [info] > git for-each-ref --format=%(refname)%00%(upstream:short)%00%(objectname)%00%(upstream:track)%00%(upstream:remotename)%00%(upstream:remoteref) refs/heads/master refs/remotes/master [3ms]
2023-05-07 12:54:34.127 [info] > git status -z -uall [59ms]
2023-05-07 12:54:39.379 [info] > git config --get commit.template [39ms]
2023-05-07 12:54:39.380 [info] > git for-each-ref --format=%(refname)%00%(upstream:short)%00%(objectname)%00%(upstream:track)%00%(upstream:remotename)%00%(upstream:remoteref) refs/heads/master refs/remotes/master [4ms]
2023-05-07 12:54:39.478 [info] > git status -z -uall [76ms]
2023-05-07 12:54:44.744 [info] > git config --get commit.template [36ms]
2023-05-07 12:54:44.746 [info] > git for-each-ref --format=%(refname)%00%(upstream:short)%00%(objectname)%00%(upstream:track)%00%(upstream:remotename)%00%(upstream:remoteref) refs/heads/master refs/remotes/master [4ms]
2023-05-07 12:54:44.884 [info] > git status -z -uall [98ms]
2023-05-07 12:54:50.077 [info] > git config --get commit.template [3ms]
2023-05-07 12:54:50.113 [info] > git for-each-ref --format=%(refname)%00%(upstream:short)%00%(objectname)%00%(upstream:track)%00%(upstream:remotename)%00%(upstream:remoteref) refs/heads/master refs/remotes/master [1ms]
2023-05-07 12:54:50.222 [info] > git status -z -uall [83ms]
2023-05-07 12:54:55.568 [info] > git for-each-ref --format=%(refname)%00%(upstream:short)%00%(objectname)%00%(upstream:track)%00%(upstream:remotename)%00%(upstream:remoteref) refs/heads/master refs/remotes/master [14ms]
2023-05-07 12:54:55.570 [info] > git config --get commit.template [85ms]
2023-05-07 12:54:55.754 [info] > git status -z -uall [113ms]
2023-05-07 12:55:03.677 [info] > git config --get commit.template [2ms]
2023-05-07 12:55:03.758 [info] > git for-each-ref --format=%(refname)%00%(upstream:short)%00%(objectname)%00%(upstream:track)%00%(upstream:remotename)%00%(upstream:remoteref) refs/heads/master refs/remotes/master [3ms]
2023-05-07 12:55:03.882 [info] > git status -z -uall [75ms]
2023-05-07 12:55:09.182 [info] > git config --get commit.template [3ms]
2023-05-07 12:55:09.223 [info] > git for-each-ref --format=%(refname)%00%(upstream:short)%00%(objectname)%00%(upstream:track)%00%(upstream:remotename)%00%(upstream:remoteref) refs/heads/master refs/remotes/master [2ms]
2023-05-07 12:55:09.390 [info] > git status -z -uall [87ms]
2023-05-07 12:55:14.643 [info] > git config --get commit.template [3ms]
2023-05-07 12:55:14.684 [info] > git for-each-ref --format=%(refname)%00%(upstream:short)%00%(objectname)%00%(upstream:track)%00%(upstream:remotename)%00%(upstream:remoteref) refs/heads/master refs/remotes/master [2ms]
2023-05-07 12:55:14.799 [info] > git status -z -uall [84ms]
2023-05-07 12:55:19.987 [info] > git config --get commit.template [31ms]
2023-05-07 12:55:19.988 [info] > git for-each-ref --format=%(refname)%00%(upstream:short)%00%(objectname)%00%(upstream:track)%00%(upstream:remotename)%00%(upstream:remoteref) refs/heads/master refs/remotes/master [3ms]
2023-05-07 12:55:20.118 [info] > git status -z -uall [95ms]
2023-05-07 12:55:25.338 [info] > git config --get commit.template [3ms]
2023-05-07 12:55:25.356 [info] > git for-each-ref --format=%(refname)%00%(upstream:short)%00%(objectname)%00%(upstream:track)%00%(upstream:remotename)%00%(upstream:remoteref) refs/heads/master refs/remotes/master [2ms]
2023-05-07 12:55:25.443 [info] > git status -z -uall [63ms]
2023-05-07 12:55:30.656 [info] > git config --get commit.template [52ms]
2023-05-07 12:55:30.658 [info] > git for-each-ref --format=%(refname)%00%(upstream:short)%00%(objectname)%00%(upstream:track)%00%(upstream:remotename)%00%(upstream:remoteref) refs/heads/master refs/remotes/master [4ms]
2023-05-07 12:55:30.762 [info] > git status -z -uall [74ms]
2023-05-07 12:55:36.006 [info] > git config --get commit.template [35ms]
2023-05-07 12:55:36.007 [info] > git for-each-ref --format=%(refname)%00%(upstream:short)%00%(objectname)%00%(upstream:track)%00%(upstream:remotename)%00%(upstream:remoteref) refs/heads/master refs/remotes/master [4ms]
2023-05-07 12:55:36.204 [info] > git status -z -uall [86ms]
2023-05-07 12:55:41.388 [info] > git config --get commit.template [2ms]
2023-05-07 12:55:41.431 [info] > git for-each-ref --format=%(refname)%00%(upstream:short)%00%(objectname)%00%(upstream:track)%00%(upstream:remotename)%00%(upstream:remoteref) refs/heads/master refs/remotes/master [4ms]
2023-05-07 12:55:41.554 [info] > git status -z -uall [90ms]
2023-05-07 12:55:46.760 [info] > git config --get commit.template [4ms]
2023-05-07 12:55:46.797 [info] > git for-each-ref --format=%(refname)%00%(upstream:short)%00%(objectname)%00%(upstream:track)%00%(upstream:remotename)%00%(upstream:remoteref) refs/heads/master refs/remotes/master [2ms]
2023-05-07 12:55:46.913 [info] > git status -z -uall [83ms]
2023-05-07 12:55:52.109 [info] > git config --get commit.template [3ms]
2023-05-07 12:55:52.146 [info] > git for-each-ref --format=%(refname)%00%(upstream:short)%00%(objectname)%00%(upstream:track)%00%(upstream:remotename)%00%(upstream:remoteref) refs/heads/master refs/remotes/master [3ms]
2023-05-07 12:55:52.280 [info] > git status -z -uall [101ms]
2023-05-07 12:56:00.125 [info] > git config --get commit.template [50ms]
2023-05-07 12:56:00.127 [info] > git for-each-ref --format=%(refname)%00%(upstream:short)%00%(objectname)%00%(upstream:track)%00%(upstream:remotename)%00%(upstream:remoteref) refs/heads/master refs/remotes/master [5ms]
2023-05-07 12:56:00.323 [info] > git status -z -uall [159ms]
2023-05-07 12:56:05.554 [info] > git config --get commit.template [30ms]
2023-05-07 12:56:05.556 [info] > git for-each-ref --format=%(refname)%00%(upstream:short)%00%(objectname)%00%(upstream:track)%00%(upstream:remotename)%00%(upstream:remoteref) refs/heads/master refs/remotes/master [4ms]
2023-05-07 12:56:05.662 [info] > git status -z -uall [79ms]
2023-05-07 12:56:10.861 [info] > git config --get commit.template [37ms]
2023-05-07 12:56:10.863 [info] > git for-each-ref --format=%(refname)%00%(upstream:short)%00%(objectname)%00%(upstream:track)%00%(upstream:remotename)%00%(upstream:remoteref) refs/heads/master refs/remotes/master [3ms]
2023-05-07 12:56:10.998 [info] > git status -z -uall [103ms]
2023-05-07 12:56:31.368 [info] > git for-each-ref --format=%(refname)%00%(upstream:short)%00%(objectname)%00%(upstream:track)%00%(upstream:remotename)%00%(upstream:remoteref) refs/heads/master refs/remotes/master [2ms]
2023-05-07 12:56:31.368 [info] > git config --get commit.template [25ms]
2023-05-07 12:56:31.427 [info] > git status -z -uall [44ms]
2023-05-08 18:27:52.823 [info] > git config --get commit.template [194ms]
2023-05-08 18:27:52.876 [info] > git for-each-ref --format=%(refname)%00%(upstream:short)%00%(objectname)%00%(upstream:track)%00%(upstream:remotename)%00%(upstream:remoteref) refs/heads/master refs/remotes/master [82ms]
2023-05-08 18:27:54.810 [info] > git status -z -uall [1873ms]
