0 verbose cli /usr/local/bin/node /usr/local/bin/npm
1 info using npm@9.6.4
2 info using node@v20.1.0
3 timing npm:load:whichnode Completed in 3ms
4 timing config:load:defaults Completed in 3ms
5 timing config:load:file:/usr/local/lib/node_modules/npm/npmrc Completed in 2ms
6 timing config:load:builtin Completed in 3ms
7 timing config:load:cli Completed in 11ms
8 timing config:load:env Completed in 1ms
9 timing config:load:file:/home/frank/Proyecto-Ing/.npmrc Completed in 0ms
10 timing config:load:project Completed in 16ms
11 timing config:load:file:/home/frank/.npmrc Completed in 0ms
12 timing config:load:user Completed in 1ms
13 timing config:load:file:/usr/local/etc/npmrc Completed in 4ms
14 timing config:load:global Completed in 4ms
15 timing config:load:setEnvs Completed in 2ms
16 timing config:load Completed in 41ms
17 timing npm:load:configload Completed in 41ms
18 timing npm:load:mkdirpcache Completed in 1ms
19 timing npm:load:mkdirplogs Completed in 1ms
20 verbose title npm init
21 verbose argv "init" "--yes"
22 timing npm:load:setTitle Completed in 2ms
23 timing config:load:flatten Completed in 5ms
24 timing npm:load:display Completed in 6ms
25 verbose logfile logs-max:10 dir:/home/frank/.npm/_logs/2025-08-12T22_51_30_653Z-
26 verbose logfile /home/frank/.npm/_logs/2025-08-12T22_51_30_653Z-debug-0.log
27 timing npm:load:logFile Completed in 17ms
28 timing npm:load:timers Completed in 0ms
29 timing npm:load:configScope Completed in 0ms
30 timing npm:load Completed in 72ms
31 silly logfile done cleaning log files
32 silly package data {
32 silly package data   name: 'proyecto-ing',
32 silly package data   version: '1.0.0',
32 silly package data   description: '',
32 silly package data   main: 'index.js',
32 silly package data   scripts: { test: 'echo "Error: no test specified" && exit 1' },
32 silly package data   keywords: [],
32 silly package data   author: '',
32 silly package data   license: 'ISC'
32 silly package data }
33 timing command:init Completed in 142ms
34 verbose exit 0
35 timing npm Completed in 311ms
36 info ok
