0 verbose cli /usr/local/bin/node /usr/local/bin/npm
1 info using npm@9.6.4
2 info using node@v20.1.0
3 timing npm:load:whichnode Completed in 2ms
4 timing config:load:defaults Completed in 2ms
5 timing config:load:file:/usr/local/lib/node_modules/npm/npmrc Completed in 1ms
6 timing config:load:builtin Completed in 2ms
7 timing config:load:cli Completed in 4ms
8 timing config:load:env Completed in 1ms
9 timing config:load:file:/home/frank/Proyecto-Ing/.npmrc Completed in 0ms
10 timing config:load:project Completed in 6ms
11 timing config:load:file:/home/frank/.npmrc Completed in 1ms
12 timing config:load:user Completed in 1ms
13 timing config:load:file:/usr/local/etc/npmrc Completed in 0ms
14 timing config:load:global Completed in 1ms
15 timing config:load:setEnvs Completed in 1ms
16 timing config:load Completed in 18ms
17 timing npm:load:configload Completed in 18ms
18 timing npm:load:mkdirpcache Completed in 0ms
19 timing npm:load:mkdirplogs Completed in 0ms
20 verbose title npm install nodemon eslint
21 verbose argv "install" "--save-dev" "nodemon" "eslint"
22 timing npm:load:setTitle Completed in 1ms
23 timing config:load:flatten Completed in 2ms
24 timing npm:load:display Completed in 3ms
25 verbose logfile logs-max:10 dir:/home/frank/.npm/_logs/2025-08-12T22_56_31_052Z-
26 verbose logfile /home/frank/.npm/_logs/2025-08-12T22_56_31_052Z-debug-0.log
27 timing npm:load:logFile Completed in 6ms
28 timing npm:load:timers Completed in 0ms
29 timing npm:load:configScope Completed in 0ms
30 timing npm:load Completed in 31ms
31 timing arborist:ctor Completed in 1ms
32 silly logfile done cleaning log files
33 timing idealTree:init Completed in 71ms
34 timing idealTree:userRequests Completed in 2ms
35 silly idealTree buildDeps
36 silly fetch manifest nodemon@*
37 timing arborist:ctor Completed in 1ms
38 http fetch GET 200 https://registry.npmjs.org/nodemon 450ms (cache miss)
39 silly fetch manifest eslint@*
40 http fetch GET 200 https://registry.npmjs.org/eslint 214ms (cache miss)
41 silly fetch manifest jiti@*
42 http fetch GET 200 https://registry.npmjs.org/jiti 144ms (cache miss)
43 silly placeDep ROOT eslint@9.33.0 OK for: proyecto-ing@1.0.0 want: *
44 silly placeDep ROOT nodemon@3.1.10 OK for: proyecto-ing@1.0.0 want: *
45 silly fetch manifest @eslint-community/eslint-utils@^4.2.0
46 silly fetch manifest @eslint-community/regexpp@^4.12.1
47 silly fetch manifest @eslint/config-array@^0.21.0
48 silly fetch manifest @eslint/config-helpers@^0.3.1
49 silly fetch manifest @eslint/core@^0.15.2
50 silly fetch manifest @eslint/eslintrc@^3.3.1
51 silly fetch manifest @eslint/js@9.33.0
52 silly fetch manifest @eslint/plugin-kit@^0.3.5
53 silly fetch manifest @humanfs/node@^0.16.6
54 silly fetch manifest @humanwhocodes/module-importer@^1.0.1
55 silly fetch manifest @humanwhocodes/retry@^0.4.2
56 silly fetch manifest @types/estree@^1.0.6
57 silly fetch manifest @types/json-schema@^7.0.15
58 silly fetch manifest ajv@^6.12.4
59 silly fetch manifest chalk@^4.0.0
60 silly fetch manifest cross-spawn@^7.0.6
61 silly fetch manifest escape-string-regexp@^4.0.0
62 silly fetch manifest eslint-scope@^8.4.0
63 silly fetch manifest eslint-visitor-keys@^4.2.1
64 silly fetch manifest espree@^10.4.0
65 silly fetch manifest esquery@^1.5.0
66 silly fetch manifest esutils@^2.0.2
67 silly fetch manifest fast-deep-equal@^3.1.3
68 silly fetch manifest file-entry-cache@^8.0.0
69 silly fetch manifest find-up@^5.0.0
70 silly fetch manifest glob-parent@^6.0.2
71 silly fetch manifest ignore@^5.2.0
72 silly fetch manifest imurmurhash@^0.1.4
73 silly fetch manifest is-glob@^4.0.0
74 silly fetch manifest json-stable-stringify-without-jsonify@^1.0.1
75 silly fetch manifest lodash.merge@^4.6.2
76 silly fetch manifest minimatch@^3.1.2
77 silly fetch manifest natural-compare@^1.4.0
78 silly fetch manifest optionator@^0.9.3
79 silly fetch manifest touch@^3.1.0
80 silly fetch manifest semver@^7.5.3
81 silly fetch manifest chokidar@^3.5.2
82 silly fetch manifest undefsafe@^2.0.5
83 silly fetch manifest pstree.remy@^1.1.8
84 silly fetch manifest supports-color@^5.5.0
85 silly fetch manifest ignore-by-default@^1.0.1
86 silly fetch manifest simple-update-notifier@^2.0.0
87 http fetch GET 200 https://registry.npmjs.org/@eslint-community%2feslint-utils 198ms (cache miss)
88 http fetch GET 200 https://registry.npmjs.org/cross-spawn 270ms (cache miss)
89 http fetch GET 200 https://registry.npmjs.org/@eslint-community%2fregexpp 307ms (cache miss)
90 http fetch GET 200 https://registry.npmjs.org/chalk 319ms (cache miss)
91 http fetch GET 200 https://registry.npmjs.org/@types%2festree 342ms (cache miss)
92 http fetch GET 200 https://registry.npmjs.org/@humanfs%2fnode 349ms (cache miss)
93 http fetch GET 200 https://registry.npmjs.org/@eslint%2fplugin-kit 351ms (cache miss)
94 http fetch GET 200 https://registry.npmjs.org/@eslint%2feslintrc 436ms (cache miss)
95 http fetch GET 200 https://registry.npmjs.org/@humanwhocodes%2fretry 436ms (cache miss)
96 http fetch GET 200 https://registry.npmjs.org/@eslint%2fcore 444ms (cache miss)
97 http fetch GET 200 https://registry.npmjs.org/@eslint%2fconfig-helpers 447ms (cache miss)
98 http fetch GET 200 https://registry.npmjs.org/@types%2fjson-schema 448ms (cache miss)
99 http fetch GET 200 https://registry.npmjs.org/@eslint%2fjs 460ms (cache miss)
100 http fetch GET 200 https://registry.npmjs.org/@humanwhocodes%2fmodule-importer 466ms (cache miss)
101 http fetch GET 200 https://registry.npmjs.org/escape-string-regexp 467ms (cache miss)
102 http fetch GET 200 https://registry.npmjs.org/eslint-scope 479ms (cache miss)
103 http fetch GET 200 https://registry.npmjs.org/eslint-visitor-keys 481ms (cache miss)
104 http fetch GET 200 https://registry.npmjs.org/@eslint%2fconfig-array 522ms (cache miss)
105 http fetch GET 200 https://registry.npmjs.org/espree 542ms (cache miss)
106 http fetch GET 200 https://registry.npmjs.org/esquery 558ms (cache miss)
107 http fetch GET 200 https://registry.npmjs.org/ajv 570ms (cache miss)
108 http fetch GET 200 https://registry.npmjs.org/esutils 587ms (cache miss)
109 http fetch GET 200 https://registry.npmjs.org/find-up 605ms (cache miss)
110 http fetch GET 200 https://registry.npmjs.org/fast-deep-equal 611ms (cache miss)
111 http fetch GET 200 https://registry.npmjs.org/file-entry-cache 614ms (cache miss)
112 http fetch GET 200 https://registry.npmjs.org/glob-parent 615ms (cache miss)
113 http fetch GET 200 https://registry.npmjs.org/ignore 652ms (cache miss)
114 http fetch GET 200 https://registry.npmjs.org/json-stable-stringify-without-jsonify 658ms (cache miss)
115 http fetch GET 200 https://registry.npmjs.org/is-glob 660ms (cache miss)
116 http fetch GET 200 https://registry.npmjs.org/imurmurhash 666ms (cache miss)
117 http fetch GET 200 https://registry.npmjs.org/lodash.merge 669ms (cache miss)
118 http fetch GET 200 https://registry.npmjs.org/minimatch 706ms (cache miss)
119 http fetch GET 200 https://registry.npmjs.org/natural-compare 712ms (cache miss)
120 http fetch GET 200 https://registry.npmjs.org/touch 716ms (cache miss)
121 http fetch GET 200 https://registry.npmjs.org/optionator 720ms (cache miss)
122 http fetch GET 200 https://registry.npmjs.org/semver 735ms (cache miss)
123 http fetch GET 200 https://registry.npmjs.org/chokidar 777ms (cache miss)
124 http fetch GET 200 https://registry.npmjs.org/undefsafe 784ms (cache miss)
125 http fetch GET 200 https://registry.npmjs.org/ignore-by-default 778ms (cache miss)
126 http fetch GET 200 https://registry.npmjs.org/supports-color 793ms (cache miss)
127 http fetch GET 200 https://registry.npmjs.org/pstree.remy 803ms (cache miss)
128 http fetch GET 200 https://registry.npmjs.org/simple-update-notifier 802ms (cache miss)
129 timing idealTree:#root Completed in 1672ms
130 silly fetch manifest eslint@^6.0.0 || ^7.0.0 || >=8.0.0
131 silly placeDep ROOT @eslint-community/eslint-utils@4.7.0 OK for: eslint@9.33.0 want: ^4.2.0
132 silly placeDep ROOT @eslint-community/regexpp@4.12.1 OK for: eslint@9.33.0 want: ^4.12.1
133 silly placeDep ROOT @eslint/config-array@0.21.0 OK for: eslint@9.33.0 want: ^0.21.0
134 silly placeDep ROOT @eslint/config-helpers@0.3.1 OK for: eslint@9.33.0 want: ^0.3.1
135 silly placeDep ROOT @eslint/core@0.15.2 OK for: eslint@9.33.0 want: ^0.15.2
136 silly placeDep ROOT @eslint/eslintrc@3.3.1 OK for: eslint@9.33.0 want: ^3.3.1
137 silly placeDep ROOT @eslint/js@9.33.0 OK for: eslint@9.33.0 want: 9.33.0
138 silly placeDep ROOT @eslint/plugin-kit@0.3.5 OK for: eslint@9.33.0 want: ^0.3.5
139 silly placeDep ROOT @humanfs/node@0.16.6 OK for: eslint@9.33.0 want: ^0.16.6
140 silly placeDep ROOT @humanwhocodes/module-importer@1.0.1 OK for: eslint@9.33.0 want: ^1.0.1
141 silly placeDep ROOT @humanwhocodes/retry@0.4.3 OK for: eslint@9.33.0 want: ^0.4.2
142 silly placeDep ROOT @types/estree@1.0.8 OK for: eslint@9.33.0 want: ^1.0.6
143 silly placeDep ROOT @types/json-schema@7.0.15 OK for: eslint@9.33.0 want: ^7.0.15
144 silly placeDep ROOT ajv@6.12.6 OK for: eslint@9.33.0 want: ^6.12.4
145 silly placeDep ROOT chalk@4.1.2 OK for: eslint@9.33.0 want: ^4.0.0
146 silly placeDep ROOT cross-spawn@7.0.6 OK for: eslint@9.33.0 want: ^7.0.6
147 silly placeDep ROOT escape-string-regexp@4.0.0 OK for: eslint@9.33.0 want: ^4.0.0
148 silly placeDep ROOT eslint-scope@8.4.0 OK for: eslint@9.33.0 want: ^8.4.0
149 silly placeDep ROOT eslint-visitor-keys@4.2.1 OK for: eslint@9.33.0 want: ^4.2.1
150 silly placeDep ROOT espree@10.4.0 OK for: eslint@9.33.0 want: ^10.4.0
151 silly placeDep ROOT esquery@1.6.0 OK for: eslint@9.33.0 want: ^1.5.0
152 silly placeDep ROOT esutils@2.0.3 OK for: eslint@9.33.0 want: ^2.0.2
153 silly placeDep ROOT fast-deep-equal@3.1.3 OK for: eslint@9.33.0 want: ^3.1.3
154 silly placeDep ROOT file-entry-cache@8.0.0 OK for: eslint@9.33.0 want: ^8.0.0
155 silly placeDep ROOT find-up@5.0.0 OK for: eslint@9.33.0 want: ^5.0.0
156 silly placeDep ROOT glob-parent@6.0.2 OK for: eslint@9.33.0 want: ^6.0.2
157 silly placeDep ROOT ignore@5.3.2 OK for: eslint@9.33.0 want: ^5.2.0
158 silly placeDep ROOT imurmurhash@0.1.4 OK for: eslint@9.33.0 want: ^0.1.4
159 silly placeDep ROOT is-glob@4.0.3 OK for: eslint@9.33.0 want: ^4.0.0
160 silly placeDep ROOT json-stable-stringify-without-jsonify@1.0.1 OK for: eslint@9.33.0 want: ^1.0.1
161 silly placeDep ROOT lodash.merge@4.6.2 OK for: eslint@9.33.0 want: ^4.6.2
162 silly placeDep ROOT minimatch@3.1.2 OK for: eslint@9.33.0 want: ^3.1.2
163 silly placeDep ROOT natural-compare@1.4.0 OK for: eslint@9.33.0 want: ^1.4.0
164 silly placeDep ROOT optionator@0.9.4 OK for: eslint@9.33.0 want: ^0.9.3
165 silly fetch manifest eslint-visitor-keys@^3.4.3
166 silly fetch manifest @eslint/object-schema@^2.1.6
167 silly fetch manifest globals@^14.0.0
168 silly fetch manifest import-fresh@^3.2.1
169 silly fetch manifest js-yaml@^4.1.0
170 silly fetch manifest strip-json-comments@^3.1.1
171 silly fetch manifest levn@^0.4.1
172 silly fetch manifest @humanwhocodes/retry@^0.3.0
173 silly fetch manifest @humanfs/core@^0.19.1
174 silly fetch manifest uri-js@^4.2.2
175 silly fetch manifest json-schema-traverse@^0.4.1
176 silly fetch manifest fast-json-stable-stringify@^2.0.0
177 silly fetch manifest ansi-styles@^4.1.0
178 silly fetch manifest supports-color@^7.1.0
179 silly fetch manifest which@^2.0.1
180 silly fetch manifest path-key@^3.1.0
181 silly fetch manifest shebang-command@^2.0.0
182 silly fetch manifest esrecurse@^4.3.0
183 silly fetch manifest estraverse@^5.2.0
184 silly fetch manifest acorn@^8.15.0
185 silly fetch manifest acorn-jsx@^5.3.2
186 silly fetch manifest estraverse@^5.1.0
187 silly fetch manifest flat-cache@^4.0.0
188 silly fetch manifest locate-path@^6.0.0
189 silly fetch manifest path-exists@^4.0.0
190 silly fetch manifest is-extglob@^2.1.1
191 silly fetch manifest brace-expansion@^1.1.7
192 silly fetch manifest prelude-ls@^1.2.1
193 silly fetch manifest deep-is@^0.1.3
194 silly fetch manifest word-wrap@^1.2.5
195 silly fetch manifest type-check@^0.4.0
196 silly fetch manifest fast-levenshtein@^2.0.6
197 http fetch GET 200 https://registry.npmjs.org/json-schema-traverse 138ms (cache miss)
198 http fetch GET 200 https://registry.npmjs.org/js-yaml 155ms (cache miss)
199 http fetch GET 200 https://registry.npmjs.org/shebang-command 154ms (cache miss)
200 http fetch GET 200 https://registry.npmjs.org/import-fresh 168ms (cache miss)
201 http fetch GET 200 https://registry.npmjs.org/path-key 162ms (cache miss)
202 http fetch GET 200 https://registry.npmjs.org/ansi-styles 165ms (cache miss)
203 http fetch GET 200 https://registry.npmjs.org/levn 174ms (cache miss)
204 http fetch GET 200 https://registry.npmjs.org/strip-json-comments 178ms (cache miss)
205 http fetch GET 200 https://registry.npmjs.org/globals 213ms (cache miss)
206 http fetch GET 200 https://registry.npmjs.org/uri-js 226ms (cache miss)
207 http fetch GET 200 https://registry.npmjs.org/fast-json-stable-stringify 226ms (cache miss)
208 http fetch GET 200 https://registry.npmjs.org/which 233ms (cache miss)
209 http fetch GET 200 https://registry.npmjs.org/esrecurse 233ms (cache miss)
210 http fetch GET 200 https://registry.npmjs.org/@eslint%2fobject-schema 249ms (cache miss)
211 http fetch GET 200 https://registry.npmjs.org/@humanfs%2fcore 247ms (cache miss)
212 http fetch GET 200 https://registry.npmjs.org/acorn-jsx 262ms (cache miss)
213 http fetch GET 200 https://registry.npmjs.org/acorn 280ms (cache miss)
214 http fetch GET 200 https://registry.npmjs.org/estraverse 293ms (cache miss)
215 http fetch GET 200 https://registry.npmjs.org/estraverse 308ms (cache miss)
216 http fetch GET 200 https://registry.npmjs.org/flat-cache 309ms (cache miss)
217 http fetch GET 200 https://registry.npmjs.org/locate-path 335ms (cache miss)
218 http fetch GET 200 https://registry.npmjs.org/is-extglob 345ms (cache miss)
219 http fetch GET 200 https://registry.npmjs.org/path-exists 348ms (cache miss)
220 http fetch GET 200 https://registry.npmjs.org/prelude-ls 350ms (cache miss)
221 http fetch GET 200 https://registry.npmjs.org/type-check 349ms (cache miss)
222 http fetch GET 200 https://registry.npmjs.org/fast-levenshtein 349ms (cache miss)
223 http fetch GET 200 https://registry.npmjs.org/brace-expansion 353ms (cache miss)
224 http fetch GET 200 https://registry.npmjs.org/word-wrap 353ms (cache miss)
225 http fetch GET 200 https://registry.npmjs.org/deep-is 354ms (cache miss)
226 timing idealTree:node_modules/eslint Completed in 441ms
227 silly placeDep node_modules/@eslint-community/eslint-utils eslint-visitor-keys@3.4.3 OK for: @eslint-community/eslint-utils@4.7.0 want: ^3.4.3
228 timing idealTree:node_modules/@eslint-community/eslint-utils Completed in 2ms
229 timing idealTree:node_modules/@eslint-community/regexpp Completed in 0ms
230 silly placeDep ROOT @eslint/object-schema@2.1.6 OK for: @eslint/config-array@0.21.0 want: ^2.1.6
231 timing idealTree:node_modules/@eslint/config-array Completed in 1ms
232 timing idealTree:node_modules/@eslint/config-helpers Completed in 0ms
233 timing idealTree:node_modules/@eslint/core Completed in 0ms
234 silly placeDep ROOT globals@14.0.0 OK for: @eslint/eslintrc@3.3.1 want: ^14.0.0
235 silly placeDep ROOT import-fresh@3.3.1 OK for: @eslint/eslintrc@3.3.1 want: ^3.2.1
236 silly placeDep ROOT js-yaml@4.1.0 OK for: @eslint/eslintrc@3.3.1 want: ^4.1.0
237 silly placeDep ROOT strip-json-comments@3.1.1 OK for: @eslint/eslintrc@3.3.1 want: ^3.1.1
238 silly fetch manifest parent-module@^1.0.0
239 silly fetch manifest resolve-from@^4.0.0
240 silly fetch manifest argparse@^2.0.1
241 http fetch GET 200 https://registry.npmjs.org/resolve-from 120ms (cache miss)
242 http fetch GET 200 https://registry.npmjs.org/parent-module 125ms (cache miss)
243 http fetch GET 200 https://registry.npmjs.org/argparse 125ms (cache miss)
244 timing idealTree:node_modules/@eslint/eslintrc Completed in 132ms
245 timing idealTree:node_modules/@eslint/js Completed in 0ms
246 timing idealTree:node_modules/@eslint/object-schema Completed in 0ms
247 silly placeDep ROOT levn@0.4.1 OK for: @eslint/plugin-kit@0.3.5 want: ^0.4.1
248 silly fetch manifest type-check@~0.4.0
249 timing idealTree:node_modules/@eslint/plugin-kit Completed in 2ms
250 silly placeDep ROOT @humanfs/core@0.19.1 OK for: @humanfs/node@0.16.6 want: ^0.19.1
251 silly placeDep node_modules/@humanfs/node @humanwhocodes/retry@0.3.1 OK for: @humanfs/node@0.16.6 want: ^0.3.0
252 timing idealTree:node_modules/@humanfs/node Completed in 3ms
253 timing idealTree:node_modules/@humanfs/core Completed in 0ms
254 timing idealTree:node_modules/@humanwhocodes/module-importer Completed in 0ms
255 timing idealTree:node_modules/@humanwhocodes/retry Completed in 0ms
256 timing idealTree:node_modules/@types/estree Completed in 0ms
257 timing idealTree:node_modules/@types/json-schema Completed in 0ms
258 silly placeDep ROOT fast-json-stable-stringify@2.1.0 OK for: ajv@6.12.6 want: ^2.0.0
259 silly placeDep ROOT json-schema-traverse@0.4.1 OK for: ajv@6.12.6 want: ^0.4.1
260 silly placeDep ROOT uri-js@4.4.1 OK for: ajv@6.12.6 want: ^4.2.2
261 silly fetch manifest punycode@^2.1.0
262 http fetch GET 200 https://registry.npmjs.org/punycode 115ms (cache miss)
263 timing idealTree:node_modules/ajv Completed in 122ms
264 silly placeDep ROOT ansi-styles@4.3.0 OK for: chalk@4.1.2 want: ^4.1.0
265 silly placeDep ROOT supports-color@7.2.0 OK for: chalk@4.1.2 want: ^7.1.0
266 silly fetch manifest color-convert@^2.0.1
267 silly fetch manifest has-flag@^4.0.0
268 http fetch GET 200 https://registry.npmjs.org/has-flag 102ms (cache miss)
269 http fetch GET 200 https://registry.npmjs.org/color-convert 125ms (cache miss)
270 timing idealTree:node_modules/chalk Completed in 130ms
271 silly placeDep ROOT color-convert@2.0.1 OK for: ansi-styles@4.3.0 want: ^2.0.1
272 silly fetch manifest color-name@~1.1.4
273 http fetch GET 200 https://registry.npmjs.org/color-name 102ms (cache miss)
274 timing idealTree:node_modules/ansi-styles Completed in 106ms
275 silly placeDep ROOT color-name@1.1.4 OK for: color-convert@2.0.1 want: ~1.1.4
276 timing idealTree:node_modules/color-convert Completed in 2ms
277 timing idealTree:node_modules/color-name Completed in 0ms
278 silly placeDep ROOT path-key@3.1.1 OK for: cross-spawn@7.0.6 want: ^3.1.0
279 silly placeDep ROOT shebang-command@2.0.0 OK for: cross-spawn@7.0.6 want: ^2.0.0
280 silly placeDep ROOT which@2.0.2 OK for: cross-spawn@7.0.6 want: ^2.0.1
281 silly fetch manifest shebang-regex@^3.0.0
282 silly fetch manifest isexe@^2.0.0
283 http fetch GET 200 https://registry.npmjs.org/shebang-regex 115ms (cache miss)
284 http fetch GET 200 https://registry.npmjs.org/isexe 114ms (cache miss)
285 timing idealTree:node_modules/cross-spawn Completed in 121ms
286 timing idealTree:node_modules/escape-string-regexp Completed in 0ms
287 silly placeDep ROOT esrecurse@4.3.0 OK for: eslint-scope@8.4.0 want: ^4.3.0
288 silly placeDep ROOT estraverse@5.3.0 OK for: eslint-scope@8.4.0 want: ^5.2.0
289 timing idealTree:node_modules/eslint-scope Completed in 4ms
290 timing idealTree:node_modules/eslint-visitor-keys Completed in 0ms
291 silly placeDep ROOT acorn@8.15.0 OK for: espree@10.4.0 want: ^8.15.0
292 silly placeDep ROOT acorn-jsx@5.3.2 OK for: espree@10.4.0 want: ^5.3.2
293 timing idealTree:node_modules/espree Completed in 4ms
294 timing idealTree:node_modules/acorn Completed in 0ms
295 timing idealTree:node_modules/acorn-jsx Completed in 0ms
296 timing idealTree:node_modules/esquery Completed in 0ms
297 timing idealTree:node_modules/esrecurse Completed in 0ms
298 timing idealTree:node_modules/estraverse Completed in 0ms
299 timing idealTree:node_modules/esutils Completed in 0ms
300 timing idealTree:node_modules/fast-deep-equal Completed in 0ms
301 timing idealTree:node_modules/fast-json-stable-stringify Completed in 0ms
302 silly placeDep ROOT flat-cache@4.0.1 OK for: file-entry-cache@8.0.0 want: ^4.0.0
303 silly fetch manifest keyv@^4.5.4
304 silly fetch manifest flatted@^3.2.9
305 http fetch GET 200 https://registry.npmjs.org/keyv 149ms (cache miss)
306 http fetch GET 200 https://registry.npmjs.org/flatted 151ms (cache miss)
307 timing idealTree:node_modules/file-entry-cache Completed in 155ms
308 silly placeDep ROOT locate-path@6.0.0 OK for: find-up@5.0.0 want: ^6.0.0
309 silly placeDep ROOT path-exists@4.0.0 OK for: find-up@5.0.0 want: ^4.0.0
310 silly fetch manifest p-locate@^5.0.0
311 http fetch GET 200 https://registry.npmjs.org/p-locate 117ms (cache miss)
312 timing idealTree:node_modules/find-up Completed in 121ms
313 silly placeDep ROOT flatted@3.3.3 OK for: flat-cache@4.0.1 want: ^3.2.9
314 silly placeDep ROOT keyv@4.5.4 OK for: flat-cache@4.0.1 want: ^4.5.4
315 silly fetch manifest json-buffer@3.0.1
316 http fetch GET 200 https://registry.npmjs.org/json-buffer 111ms (cache miss)
317 timing idealTree:node_modules/flat-cache Completed in 115ms
318 timing idealTree:node_modules/flatted Completed in 0ms
319 timing idealTree:node_modules/glob-parent Completed in 0ms
320 timing idealTree:node_modules/globals Completed in 0ms
321 timing idealTree:node_modules/ignore Completed in 0ms
322 silly placeDep ROOT parent-module@1.0.1 OK for: import-fresh@3.3.1 want: ^1.0.0
323 silly placeDep ROOT resolve-from@4.0.0 OK for: import-fresh@3.3.1 want: ^4.0.0
324 silly fetch manifest callsites@^3.0.0
325 http fetch GET 200 https://registry.npmjs.org/callsites 114ms (cache miss)
326 timing idealTree:node_modules/import-fresh Completed in 119ms
327 timing idealTree:node_modules/imurmurhash Completed in 0ms
328 silly placeDep ROOT is-extglob@2.1.1 OK for: is-glob@4.0.3 want: ^2.1.1
329 timing idealTree:node_modules/is-glob Completed in 1ms
330 timing idealTree:node_modules/is-extglob Completed in 0ms
331 silly placeDep ROOT argparse@2.0.1 OK for: js-yaml@4.1.0 want: ^2.0.1
332 timing idealTree:node_modules/js-yaml Completed in 1ms
333 timing idealTree:node_modules/argparse Completed in 0ms
334 timing idealTree:node_modules/json-schema-traverse Completed in 0ms
335 timing idealTree:node_modules/json-stable-stringify-without-jsonify Completed in 0ms
336 silly placeDep ROOT json-buffer@3.0.1 OK for: keyv@4.5.4 want: 3.0.1
337 timing idealTree:node_modules/keyv Completed in 1ms
338 timing idealTree:node_modules/json-buffer Completed in 0ms
339 silly placeDep ROOT prelude-ls@1.2.1 OK for: levn@0.4.1 want: ^1.2.1
340 silly placeDep ROOT type-check@0.4.0 OK for: levn@0.4.1 want: ~0.4.0
341 timing idealTree:node_modules/levn Completed in 2ms
342 silly placeDep ROOT p-locate@5.0.0 OK for: locate-path@6.0.0 want: ^5.0.0
343 silly fetch manifest p-limit@^3.0.2
344 http fetch GET 200 https://registry.npmjs.org/p-limit 123ms (cache miss)
345 timing idealTree:node_modules/locate-path Completed in 124ms
346 timing idealTree:node_modules/lodash.merge Completed in 0ms
347 silly placeDep ROOT brace-expansion@1.1.12 OK for: minimatch@3.1.2 want: ^1.1.7
348 silly fetch manifest balanced-match@^1.0.0
349 silly fetch manifest concat-map@0.0.1
350 http fetch GET 200 https://registry.npmjs.org/balanced-match 116ms (cache miss)
351 http fetch GET 200 https://registry.npmjs.org/concat-map 118ms (cache miss)
352 timing idealTree:node_modules/minimatch Completed in 123ms
353 silly placeDep ROOT balanced-match@1.0.2 OK for: brace-expansion@1.1.12 want: ^1.0.0
354 silly placeDep ROOT concat-map@0.0.1 OK for: brace-expansion@1.1.12 want: 0.0.1
355 timing idealTree:node_modules/brace-expansion Completed in 2ms
356 timing idealTree:node_modules/balanced-match Completed in 0ms
357 timing idealTree:node_modules/concat-map Completed in 0ms
358 timing idealTree:node_modules/natural-compare Completed in 0ms
359 silly placeDep ROOT chokidar@3.6.0 OK for: nodemon@3.1.10 want: ^3.5.2
360 silly placeDep ROOT ignore-by-default@1.0.1 OK for: nodemon@3.1.10 want: ^1.0.1
361 silly placeDep ROOT pstree.remy@1.1.8 OK for: nodemon@3.1.10 want: ^1.1.8
362 silly placeDep ROOT semver@7.7.2 OK for: nodemon@3.1.10 want: ^7.5.3
363 silly placeDep ROOT simple-update-notifier@2.0.0 OK for: nodemon@3.1.10 want: ^2.0.0
364 silly placeDep node_modules/nodemon supports-color@5.5.0 OK for: nodemon@3.1.10 want: ^5.5.0
365 silly placeDep ROOT touch@3.1.1 OK for: nodemon@3.1.10 want: ^3.1.0
366 silly placeDep ROOT undefsafe@2.0.5 OK for: nodemon@3.1.10 want: ^2.0.5
367 silly fetch manifest braces@~3.0.2
368 silly fetch manifest anymatch@~3.1.2
369 silly fetch manifest readdirp@~3.6.0
370 silly fetch manifest glob-parent@~5.1.2
371 silly fetch manifest is-binary-path@~2.1.0
372 silly fetch manifest normalize-path@~3.0.0
373 silly fetch manifest fsevents@~2.3.2
374 silly fetch manifest has-flag@^3.0.0
375 http fetch GET 200 https://registry.npmjs.org/fsevents 121ms (cache miss)
376 http fetch GET 200 https://registry.npmjs.org/normalize-path 136ms (cache miss)
377 http fetch GET 200 https://registry.npmjs.org/is-binary-path 138ms (cache miss)
378 http fetch GET 200 https://registry.npmjs.org/braces 142ms (cache miss)
379 http fetch GET 200 https://registry.npmjs.org/anymatch 143ms (cache miss)
380 http fetch GET 200 https://registry.npmjs.org/readdirp 397ms (cache miss)
381 timing idealTree:node_modules/nodemon Completed in 410ms
382 silly placeDep ROOT anymatch@3.1.3 OK for: chokidar@3.6.0 want: ~3.1.2
383 silly placeDep ROOT braces@3.0.3 OK for: chokidar@3.6.0 want: ~3.0.2
384 silly placeDep ROOT fsevents@2.3.3 OK for: chokidar@3.6.0 want: ~2.3.2
385 silly placeDep node_modules/chokidar glob-parent@5.1.2 OK for: chokidar@3.6.0 want: ~5.1.2
386 silly placeDep ROOT is-binary-path@2.1.0 OK for: chokidar@3.6.0 want: ~2.1.0
387 silly placeDep ROOT normalize-path@3.0.0 OK for: chokidar@3.6.0 want: ~3.0.0
388 silly placeDep ROOT readdirp@3.6.0 OK for: chokidar@3.6.0 want: ~3.6.0
389 silly fetch manifest picomatch@^2.0.4
390 silly fetch manifest fill-range@^7.1.1
391 silly fetch manifest binary-extensions@^2.0.0
392 silly fetch manifest picomatch@^2.2.1
393 http fetch GET 200 https://registry.npmjs.org/picomatch 129ms (cache miss)
394 http fetch GET 200 https://registry.npmjs.org/fill-range 140ms (cache miss)
395 http fetch GET 200 https://registry.npmjs.org/picomatch 152ms (cache miss)
396 http fetch GET 200 https://registry.npmjs.org/binary-extensions 161ms (cache miss)
397 timing idealTree:node_modules/chokidar Completed in 174ms
398 silly placeDep ROOT picomatch@2.3.1 OK for: anymatch@3.1.3 want: ^2.0.4
399 timing idealTree:node_modules/anymatch Completed in 2ms
400 silly placeDep ROOT fill-range@7.1.1 OK for: braces@3.0.3 want: ^7.1.1
401 silly fetch manifest to-regex-range@^5.0.1
402 http fetch GET 200 https://registry.npmjs.org/to-regex-range 107ms (cache miss)
403 timing idealTree:node_modules/braces Completed in 109ms
404 silly placeDep ROOT to-regex-range@5.0.1 OK for: fill-range@7.1.1 want: ^5.0.1
405 silly fetch manifest is-number@^7.0.0
406 http fetch GET 200 https://registry.npmjs.org/is-number 107ms (cache miss)
407 timing idealTree:node_modules/fill-range Completed in 111ms
408 timing idealTree:node_modules/fsevents Completed in 0ms
409 timing idealTree:node_modules/ignore-by-default Completed in 0ms
410 silly placeDep ROOT binary-extensions@2.3.0 OK for: is-binary-path@2.1.0 want: ^2.0.0
411 timing idealTree:node_modules/is-binary-path Completed in 1ms
412 timing idealTree:node_modules/binary-extensions Completed in 0ms
413 timing idealTree:node_modules/normalize-path Completed in 0ms
414 silly placeDep ROOT deep-is@0.1.4 OK for: optionator@0.9.4 want: ^0.1.3
415 silly placeDep ROOT fast-levenshtein@2.0.6 OK for: optionator@0.9.4 want: ^2.0.6
416 silly placeDep ROOT word-wrap@1.2.5 OK for: optionator@0.9.4 want: ^1.2.5
417 timing idealTree:node_modules/optionator Completed in 3ms
418 timing idealTree:node_modules/deep-is Completed in 0ms
419 timing idealTree:node_modules/fast-levenshtein Completed in 0ms
420 silly placeDep ROOT p-limit@3.1.0 OK for: p-locate@5.0.0 want: ^3.0.2
421 silly fetch manifest yocto-queue@^0.1.0
422 http fetch GET 200 https://registry.npmjs.org/yocto-queue 105ms (cache miss)
423 timing idealTree:node_modules/p-locate Completed in 107ms
424 silly placeDep ROOT yocto-queue@0.1.0 OK for: p-limit@3.1.0 want: ^0.1.0
425 timing idealTree:node_modules/p-limit Completed in 2ms
426 silly placeDep ROOT callsites@3.1.0 OK for: parent-module@1.0.1 want: ^3.0.0
427 timing idealTree:node_modules/parent-module Completed in 2ms
428 timing idealTree:node_modules/callsites Completed in 0ms
429 timing idealTree:node_modules/path-exists Completed in 0ms
430 timing idealTree:node_modules/path-key Completed in 0ms
431 timing idealTree:node_modules/picomatch Completed in 0ms
432 timing idealTree:node_modules/prelude-ls Completed in 0ms
433 timing idealTree:node_modules/pstree.remy Completed in 1ms
434 timing idealTree:node_modules/readdirp Completed in 0ms
435 timing idealTree:node_modules/resolve-from Completed in 0ms
436 timing idealTree:node_modules/semver Completed in 0ms
437 silly placeDep ROOT shebang-regex@3.0.0 OK for: shebang-command@2.0.0 want: ^3.0.0
438 timing idealTree:node_modules/shebang-command Completed in 1ms
439 timing idealTree:node_modules/shebang-regex Completed in 0ms
440 timing idealTree:node_modules/simple-update-notifier Completed in 0ms
441 timing idealTree:node_modules/strip-json-comments Completed in 0ms
442 silly placeDep ROOT has-flag@4.0.0 OK for: supports-color@7.2.0 want: ^4.0.0
443 timing idealTree:node_modules/supports-color Completed in 2ms
444 timing idealTree:node_modules/has-flag Completed in 0ms
445 silly placeDep ROOT is-number@7.0.0 OK for: to-regex-range@5.0.1 want: ^7.0.0
446 timing idealTree:node_modules/to-regex-range Completed in 1ms
447 timing idealTree:node_modules/is-number Completed in 0ms
448 timing idealTree:node_modules/touch Completed in 0ms
449 timing idealTree:node_modules/type-check Completed in 0ms
450 timing idealTree:node_modules/undefsafe Completed in 0ms
451 silly placeDep ROOT punycode@2.3.1 OK for: uri-js@4.4.1 want: ^2.1.0
452 timing idealTree:node_modules/uri-js Completed in 0ms
453 timing idealTree:node_modules/punycode Completed in 0ms
454 silly placeDep ROOT isexe@2.0.0 OK for: which@2.0.2 want: ^2.0.0
455 timing idealTree:node_modules/which Completed in 1ms
456 timing idealTree:node_modules/isexe Completed in 0ms
457 timing idealTree:node_modules/word-wrap Completed in 0ms
458 timing idealTree:node_modules/yocto-queue Completed in 0ms
459 timing idealTree:node_modules/@eslint-community/eslint-utils/node_modules/eslint-visitor-keys Completed in 0ms
460 timing idealTree:node_modules/@humanfs/node/node_modules/@humanwhocodes/retry Completed in 0ms
461 timing idealTree:node_modules/chokidar/node_modules/glob-parent Completed in 0ms
462 silly placeDep node_modules/nodemon has-flag@3.0.0 OK for: supports-color@5.5.0 want: ^3.0.0
463 timing idealTree:node_modules/nodemon/node_modules/supports-color Completed in 1ms
464 timing idealTree:node_modules/nodemon/node_modules/has-flag Completed in 0ms
465 timing idealTree:buildDeps Completed in 4449ms
466 timing idealTree:fixDepFlags Completed in 2ms
467 warn EBADENGINE Unsupported engine {
467 warn EBADENGINE   package: 'eslint@9.33.0',
467 warn EBADENGINE   required: { node: '^18.18.0 || ^20.9.0 || >=21.1.0' },
467 warn EBADENGINE   current: { node: 'v20.1.0', npm: '9.6.4' }
467 warn EBADENGINE }
468 warn EBADENGINE Unsupported engine {
468 warn EBADENGINE   package: '@eslint/config-array@0.21.0',
468 warn EBADENGINE   required: { node: '^18.18.0 || ^20.9.0 || >=21.1.0' },
468 warn EBADENGINE   current: { node: 'v20.1.0', npm: '9.6.4' }
468 warn EBADENGINE }
469 warn EBADENGINE Unsupported engine {
469 warn EBADENGINE   package: '@eslint/config-helpers@0.3.1',
469 warn EBADENGINE   required: { node: '^18.18.0 || ^20.9.0 || >=21.1.0' },
469 warn EBADENGINE   current: { node: 'v20.1.0', npm: '9.6.4' }
469 warn EBADENGINE }
470 warn EBADENGINE Unsupported engine {
470 warn EBADENGINE   package: '@eslint/core@0.15.2',
470 warn EBADENGINE   required: { node: '^18.18.0 || ^20.9.0 || >=21.1.0' },
470 warn EBADENGINE   current: { node: 'v20.1.0', npm: '9.6.4' }
470 warn EBADENGINE }
471 warn EBADENGINE Unsupported engine {
471 warn EBADENGINE   package: '@eslint/eslintrc@3.3.1',
471 warn EBADENGINE   required: { node: '^18.18.0 || ^20.9.0 || >=21.1.0' },
471 warn EBADENGINE   current: { node: 'v20.1.0', npm: '9.6.4' }
471 warn EBADENGINE }
472 warn EBADENGINE Unsupported engine {
472 warn EBADENGINE   package: '@eslint/js@9.33.0',
472 warn EBADENGINE   required: { node: '^18.18.0 || ^20.9.0 || >=21.1.0' },
472 warn EBADENGINE   current: { node: 'v20.1.0', npm: '9.6.4' }
472 warn EBADENGINE }
473 warn EBADENGINE Unsupported engine {
473 warn EBADENGINE   package: '@eslint/plugin-kit@0.3.5',
473 warn EBADENGINE   required: { node: '^18.18.0 || ^20.9.0 || >=21.1.0' },
473 warn EBADENGINE   current: { node: 'v20.1.0', npm: '9.6.4' }
473 warn EBADENGINE }
474 warn EBADENGINE Unsupported engine {
474 warn EBADENGINE   package: 'eslint-scope@8.4.0',
474 warn EBADENGINE   required: { node: '^18.18.0 || ^20.9.0 || >=21.1.0' },
474 warn EBADENGINE   current: { node: 'v20.1.0', npm: '9.6.4' }
474 warn EBADENGINE }
475 warn EBADENGINE Unsupported engine {
475 warn EBADENGINE   package: 'eslint-visitor-keys@4.2.1',
475 warn EBADENGINE   required: { node: '^18.18.0 || ^20.9.0 || >=21.1.0' },
475 warn EBADENGINE   current: { node: 'v20.1.0', npm: '9.6.4' }
475 warn EBADENGINE }
476 warn EBADENGINE Unsupported engine {
476 warn EBADENGINE   package: 'espree@10.4.0',
476 warn EBADENGINE   required: { node: '^18.18.0 || ^20.9.0 || >=21.1.0' },
476 warn EBADENGINE   current: { node: 'v20.1.0', npm: '9.6.4' }
476 warn EBADENGINE }
477 warn EBADENGINE Unsupported engine {
477 warn EBADENGINE   package: '@eslint/object-schema@2.1.6',
477 warn EBADENGINE   required: { node: '^18.18.0 || ^20.9.0 || >=21.1.0' },
477 warn EBADENGINE   current: { node: 'v20.1.0', npm: '9.6.4' }
477 warn EBADENGINE }
478 timing idealTree Completed in 4544ms
479 timing reify:loadTrees Completed in 4545ms
480 timing reify:diffTrees Completed in 5ms
481 silly reify moves {}
482 timing reify:retireShallow Completed in 0ms
483 timing reify:createSparse Completed in 107ms
484 timing reify:loadBundles Completed in 0ms
485 silly audit bulk request {
485 silly audit   accepts: [ '2.0.0' ],
485 silly audit   'body-parser': [ '2.2.0' ],
485 silly audit   bytes: [ '3.1.2' ],
485 silly audit   'call-bind-apply-helpers': [ '1.0.2' ],
485 silly audit   'call-bound': [ '1.0.4' ],
485 silly audit   'content-disposition': [ '1.0.0' ],
485 silly audit   'content-type': [ '1.0.5' ],
485 silly audit   cookie: [ '0.7.2' ],
485 silly audit   'cookie-signature': [ '1.2.2' ],
485 silly audit   debug: [ '4.4.1' ],
485 silly audit   depd: [ '2.0.0' ],
485 silly audit   'dunder-proto': [ '1.0.1' ],
485 silly audit   'ee-first': [ '1.1.1' ],
485 silly audit   encodeurl: [ '2.0.0' ],
485 silly audit   'es-define-property': [ '1.0.1' ],
485 silly audit   'es-errors': [ '1.3.0' ],
485 silly audit   'es-object-atoms': [ '1.1.1' ],
485 silly audit   'escape-html': [ '1.0.3' ],
485 silly audit   etag: [ '1.8.1' ],
485 silly audit   express: [ '5.1.0' ],
485 silly audit   finalhandler: [ '2.1.0' ],
485 silly audit   forwarded: [ '0.2.0' ],
485 silly audit   fresh: [ '2.0.0' ],
485 silly audit   'function-bind': [ '1.1.2' ],
485 silly audit   'get-intrinsic': [ '1.3.0' ],
485 silly audit   'get-proto': [ '1.0.1' ],
485 silly audit   gopd: [ '1.2.0' ],
485 silly audit   'has-symbols': [ '1.1.0' ],
485 silly audit   hasown: [ '2.0.2' ],
485 silly audit   'http-errors': [ '2.0.0' ],
485 silly audit   statuses: [ '2.0.1', '2.0.2' ],
485 silly audit   'iconv-lite': [ '0.6.3' ],
485 silly audit   inherits: [ '2.0.4' ],
485 silly audit   'ipaddr.js': [ '1.9.1' ],
485 silly audit   'is-promise': [ '4.0.0' ],
485 silly audit   'math-intrinsics': [ '1.1.0' ],
485 silly audit   'media-typer': [ '1.1.0' ],
485 silly audit   'merge-descriptors': [ '2.0.0' ],
485 silly audit   'mime-db': [ '1.54.0' ],
485 silly audit   'mime-types': [ '3.0.1' ],
485 silly audit   ms: [ '2.1.3' ],
485 silly audit   negotiator: [ '1.0.0' ],
485 silly audit   'object-inspect': [ '1.13.4' ],
485 silly audit   'on-finished': [ '2.4.1' ],
485 silly audit   once: [ '1.4.0' ],
485 silly audit   parseurl: [ '1.3.3' ],
485 silly audit   'path-to-regexp': [ '8.2.0' ],
485 silly audit   'proxy-addr': [ '2.0.7' ],
485 silly audit   qs: [ '6.14.0' ],
485 silly audit   'range-parser': [ '1.2.1' ],
485 silly audit   'raw-body': [ '3.0.0' ],
485 silly audit   router: [ '2.2.0' ],
485 silly audit   'safe-buffer': [ '5.2.1' ],
485 silly audit   'safer-buffer': [ '2.1.2' ],
485 silly audit   send: [ '1.2.0' ],
485 silly audit   'serve-static': [ '2.2.0' ],
485 silly audit   setprototypeof: [ '1.2.0' ],
485 silly audit   'side-channel': [ '1.1.0' ],
485 silly audit   'side-channel-list': [ '1.0.0' ],
485 silly audit   'side-channel-map': [ '1.0.1' ],
485 silly audit   'side-channel-weakmap': [ '1.0.2' ],
485 silly audit   toidentifier: [ '1.0.1' ],
485 silly audit   'type-is': [ '2.0.1' ],
485 silly audit   unpipe: [ '1.0.0' ],
485 silly audit   vary: [ '1.1.2' ],
485 silly audit   wrappy: [ '1.0.2' ],
485 silly audit   eslint: [ '9.33.0' ],
485 silly audit   nodemon: [ '3.1.10' ],
485 silly audit   '@eslint-community/eslint-utils': [ '4.7.0' ],
485 silly audit   '@eslint-community/regexpp': [ '4.12.1' ],
485 silly audit   '@eslint/config-array': [ '0.21.0' ],
485 silly audit   '@eslint/config-helpers': [ '0.3.1' ],
485 silly audit   '@eslint/core': [ '0.15.2' ],
485 silly audit   '@eslint/eslintrc': [ '3.3.1' ],
485 silly audit   '@eslint/js': [ '9.33.0' ],
485 silly audit   '@eslint/plugin-kit': [ '0.3.5' ],
485 silly audit   '@humanfs/node': [ '0.16.6' ],
485 silly audit   '@humanwhocodes/module-importer': [ '1.0.1' ],
485 silly audit   '@humanwhocodes/retry': [ '0.4.3', '0.3.1' ],
485 silly audit   '@types/estree': [ '1.0.8' ],
485 silly audit   '@types/json-schema': [ '7.0.15' ],
485 silly audit   ajv: [ '6.12.6' ],
485 silly audit   chalk: [ '4.1.2' ],
485 silly audit   'cross-spawn': [ '7.0.6' ],
485 silly audit   'escape-string-regexp': [ '4.0.0' ],
485 silly audit   'eslint-scope': [ '8.4.0' ],
485 silly audit   'eslint-visitor-keys': [ '4.2.1', '3.4.3' ],
485 silly audit   espree: [ '10.4.0' ],
485 silly audit   esquery: [ '1.6.0' ],
485 silly audit   esutils: [ '2.0.3' ],
485 silly audit   'fast-deep-equal': [ '3.1.3' ],
485 silly audit   'file-entry-cache': [ '8.0.0' ],
485 silly audit   'find-up': [ '5.0.0' ],
485 silly audit   'glob-parent': [ '6.0.2', '5.1.2' ],
485 silly audit   ignore: [ '5.3.2' ],
485 silly audit   imurmurhash: [ '0.1.4' ],
485 silly audit   'is-glob': [ '4.0.3' ],
485 silly audit   'json-stable-stringify-without-jsonify': [ '1.0.1' ],
485 silly audit   'lodash.merge': [ '4.6.2' ],
485 silly audit   minimatch: [ '3.1.2' ],
485 silly audit   'natural-compare': [ '1.4.0' ],
485 silly audit   optionator: [ '0.9.4' ],
485 silly audit   '@eslint/object-schema': [ '2.1.6' ],
485 silly audit   globals: [ '14.0.0' ],
485 silly audit   'import-fresh': [ '3.3.1' ],
485 silly audit   'js-yaml': [ '4.1.0' ],
485 silly audit   'strip-json-comments': [ '3.1.1' ],
485 silly audit   levn: [ '0.4.1' ],
485 silly audit   '@humanfs/core': [ '0.19.1' ],
485 silly audit   'fast-json-stable-stringify': [ '2.1.0' ],
485 silly audit   'json-schema-traverse': [ '0.4.1' ],
485 silly audit   'uri-js': [ '4.4.1' ],
485 silly audit   'ansi-styles': [ '4.3.0' ],
485 silly audit   'supports-color': [ '7.2.0', '5.5.0' ],
485 silly audit   'color-convert': [ '2.0.1' ],
485 silly audit   'color-name': [ '1.1.4' ],
485 silly audit   'path-key': [ '3.1.1' ],
485 silly audit   'shebang-command': [ '2.0.0' ],
485 silly audit   which: [ '2.0.2' ],
485 silly audit   esrecurse: [ '4.3.0' ],
485 silly audit   estraverse: [ '5.3.0' ],
485 silly audit   acorn: [ '8.15.0' ],
485 silly audit   'acorn-jsx': [ '5.3.2' ],
485 silly audit   'flat-cache': [ '4.0.1' ],
485 silly audit   'locate-path': [ '6.0.0' ],
485 silly audit   'path-exists': [ '4.0.0' ],
485 silly audit   flatted: [ '3.3.3' ],
485 silly audit   keyv: [ '4.5.4' ],
485 silly audit   'parent-module': [ '1.0.1' ],
485 silly audit   'resolve-from': [ '4.0.0' ],
485 silly audit   'is-extglob': [ '2.1.1' ],
485 silly audit   argparse: [ '2.0.1' ],
485 silly audit   'json-buffer': [ '3.0.1' ],
485 silly audit   'prelude-ls': [ '1.2.1' ],
485 silly audit   'type-check': [ '0.4.0' ],
485 silly audit   'p-locate': [ '5.0.0' ],
485 silly audit   'brace-expansion': [ '1.1.12' ],
485 silly audit   'balanced-match': [ '1.0.2' ],
485 silly audit   'concat-map': [ '0.0.1' ],
485 silly audit   chokidar: [ '3.6.0' ],
485 silly audit   'ignore-by-default': [ '1.0.1' ],
485 silly audit   'pstree.remy': [ '1.1.8' ],
485 silly audit   semver: [ '7.7.2' ],
485 silly audit   'simple-update-notifier': [ '2.0.0' ],
485 silly audit   touch: [ '3.1.1' ],
485 silly audit   undefsafe: [ '2.0.5' ],
485 silly audit   anymatch: [ '3.1.3' ],
485 silly audit   braces: [ '3.0.3' ],
485 silly audit   fsevents: [ '2.3.3' ],
485 silly audit   'is-binary-path': [ '2.1.0' ],
485 silly audit   'normalize-path': [ '3.0.0' ],
485 silly audit   readdirp: [ '3.6.0' ],
485 silly audit   picomatch: [ '2.3.1' ],
485 silly audit   'fill-range': [ '7.1.1' ],
485 silly audit   'to-regex-range': [ '5.0.1' ],
485 silly audit   'binary-extensions': [ '2.3.0' ],
485 silly audit   'deep-is': [ '0.1.4' ],
485 silly audit   'fast-levenshtein': [ '2.0.6' ],
485 silly audit   'word-wrap': [ '1.2.5' ],
485 silly audit   'p-limit': [ '3.1.0' ],
485 silly audit   'yocto-queue': [ '0.1.0' ],
485 silly audit   callsites: [ '3.1.0' ],
485 silly audit   'shebang-regex': [ '3.0.0' ],
485 silly audit   'has-flag': [ '4.0.0', '3.0.0' ],
485 silly audit   'is-number': [ '7.0.0' ],
485 silly audit   punycode: [ '2.3.1' ],
485 silly audit   isexe: [ '2.0.0' ]
485 silly audit }
486 verbose reify failed optional dependency /home/frank/Proyecto-Ing/node_modules/fsevents
487 silly reify mark deleted [ '/home/frank/Proyecto-Ing/node_modules/fsevents' ]
488 timing reifyNode:node_modules/fsevents Completed in 36ms
489 silly tarball no local data for isexe@https://registry.npmjs.org/isexe/-/isexe-2.0.0.tgz. Extracting by manifest.
490 silly tarball no local data for shebang-regex@https://registry.npmjs.org/shebang-regex/-/shebang-regex-3.0.0.tgz. Extracting by manifest.
491 silly tarball no local data for callsites@https://registry.npmjs.org/callsites/-/callsites-3.1.0.tgz. Extracting by manifest.
492 silly tarball no local data for is-number@https://registry.npmjs.org/is-number/-/is-number-7.0.0.tgz. Extracting by manifest.
493 silly tarball no local data for yocto-queue@https://registry.npmjs.org/yocto-queue/-/yocto-queue-0.1.0.tgz. Extracting by manifest.
494 silly tarball no local data for p-limit@https://registry.npmjs.org/p-limit/-/p-limit-3.1.0.tgz. Extracting by manifest.
495 silly tarball no local data for word-wrap@https://registry.npmjs.org/word-wrap/-/word-wrap-1.2.5.tgz. Extracting by manifest.
496 silly tarball no local data for fast-levenshtein@https://registry.npmjs.org/fast-levenshtein/-/fast-levenshtein-2.0.6.tgz. Extracting by manifest.
497 silly tarball no local data for deep-is@https://registry.npmjs.org/deep-is/-/deep-is-0.1.4.tgz. Extracting by manifest.
498 silly tarball no local data for binary-extensions@https://registry.npmjs.org/binary-extensions/-/binary-extensions-2.3.0.tgz. Extracting by manifest.
499 silly tarball no local data for to-regex-range@https://registry.npmjs.org/to-regex-range/-/to-regex-range-5.0.1.tgz. Extracting by manifest.
500 silly tarball no local data for fill-range@https://registry.npmjs.org/fill-range/-/fill-range-7.1.1.tgz. Extracting by manifest.
501 silly tarball no local data for picomatch@https://registry.npmjs.org/picomatch/-/picomatch-2.3.1.tgz. Extracting by manifest.
502 silly tarball no local data for normalize-path@https://registry.npmjs.org/normalize-path/-/normalize-path-3.0.0.tgz. Extracting by manifest.
503 silly tarball no local data for readdirp@https://registry.npmjs.org/readdirp/-/readdirp-3.6.0.tgz. Extracting by manifest.
504 silly tarball no local data for is-binary-path@https://registry.npmjs.org/is-binary-path/-/is-binary-path-2.1.0.tgz. Extracting by manifest.
505 silly tarball no local data for braces@https://registry.npmjs.org/braces/-/braces-3.0.3.tgz. Extracting by manifest.
506 silly tarball no local data for anymatch@https://registry.npmjs.org/anymatch/-/anymatch-3.1.3.tgz. Extracting by manifest.
507 silly tarball no local data for undefsafe@https://registry.npmjs.org/undefsafe/-/undefsafe-2.0.5.tgz. Extracting by manifest.
508 silly tarball no local data for touch@https://registry.npmjs.org/touch/-/touch-3.1.1.tgz. Extracting by manifest.
509 silly tarball no local data for simple-update-notifier@https://registry.npmjs.org/simple-update-notifier/-/simple-update-notifier-2.0.0.tgz. Extracting by manifest.
510 silly tarball no local data for semver@https://registry.npmjs.org/semver/-/semver-7.7.2.tgz. Extracting by manifest.
511 silly tarball no local data for pstree.remy@https://registry.npmjs.org/pstree.remy/-/pstree.remy-1.1.8.tgz. Extracting by manifest.
512 silly tarball no local data for ignore-by-default@https://registry.npmjs.org/ignore-by-default/-/ignore-by-default-1.0.1.tgz. Extracting by manifest.
513 silly tarball no local data for punycode@https://registry.npmjs.org/punycode/-/punycode-2.3.1.tgz. Extracting by manifest.
514 silly tarball no local data for concat-map@https://registry.npmjs.org/concat-map/-/concat-map-0.0.1.tgz. Extracting by manifest.
515 silly tarball no local data for balanced-match@https://registry.npmjs.org/balanced-match/-/balanced-match-1.0.2.tgz. Extracting by manifest.
516 silly tarball no local data for brace-expansion@https://registry.npmjs.org/brace-expansion/-/brace-expansion-1.1.12.tgz. Extracting by manifest.
517 silly tarball no local data for p-locate@https://registry.npmjs.org/p-locate/-/p-locate-5.0.0.tgz. Extracting by manifest.
518 silly tarball no local data for type-check@https://registry.npmjs.org/type-check/-/type-check-0.4.0.tgz. Extracting by manifest.
519 silly tarball no local data for prelude-ls@https://registry.npmjs.org/prelude-ls/-/prelude-ls-1.2.1.tgz. Extracting by manifest.
520 silly tarball no local data for json-buffer@https://registry.npmjs.org/json-buffer/-/json-buffer-3.0.1.tgz. Extracting by manifest.
521 silly tarball no local data for argparse@https://registry.npmjs.org/argparse/-/argparse-2.0.1.tgz. Extracting by manifest.
522 silly tarball no local data for is-extglob@https://registry.npmjs.org/is-extglob/-/is-extglob-2.1.1.tgz. Extracting by manifest.
523 silly tarball no local data for parent-module@https://registry.npmjs.org/parent-module/-/parent-module-1.0.1.tgz. Extracting by manifest.
524 silly tarball no local data for keyv@https://registry.npmjs.org/keyv/-/keyv-4.5.4.tgz. Extracting by manifest.
525 silly tarball no local data for resolve-from@https://registry.npmjs.org/resolve-from/-/resolve-from-4.0.0.tgz. Extracting by manifest.
526 silly tarball no local data for flatted@https://registry.npmjs.org/flatted/-/flatted-3.3.3.tgz. Extracting by manifest.
527 silly tarball no local data for path-exists@https://registry.npmjs.org/path-exists/-/path-exists-4.0.0.tgz. Extracting by manifest.
528 silly tarball no local data for locate-path@https://registry.npmjs.org/locate-path/-/locate-path-6.0.0.tgz. Extracting by manifest.
529 silly tarball no local data for flat-cache@https://registry.npmjs.org/flat-cache/-/flat-cache-4.0.1.tgz. Extracting by manifest.
530 silly tarball no local data for acorn-jsx@https://registry.npmjs.org/acorn-jsx/-/acorn-jsx-5.3.2.tgz. Extracting by manifest.
531 silly tarball no local data for acorn@https://registry.npmjs.org/acorn/-/acorn-8.15.0.tgz. Extracting by manifest.
532 silly tarball no local data for has-flag@https://registry.npmjs.org/has-flag/-/has-flag-4.0.0.tgz. Extracting by manifest.
533 silly tarball no local data for estraverse@https://registry.npmjs.org/estraverse/-/estraverse-5.3.0.tgz. Extracting by manifest.
534 silly tarball no local data for esrecurse@https://registry.npmjs.org/esrecurse/-/esrecurse-4.3.0.tgz. Extracting by manifest.
535 silly tarball no local data for which@https://registry.npmjs.org/which/-/which-2.0.2.tgz. Extracting by manifest.
536 silly tarball no local data for shebang-command@https://registry.npmjs.org/shebang-command/-/shebang-command-2.0.0.tgz. Extracting by manifest.
537 silly tarball no local data for path-key@https://registry.npmjs.org/path-key/-/path-key-3.1.1.tgz. Extracting by manifest.
538 silly tarball no local data for color-name@https://registry.npmjs.org/color-name/-/color-name-1.1.4.tgz. Extracting by manifest.
539 silly tarball no local data for color-convert@https://registry.npmjs.org/color-convert/-/color-convert-2.0.1.tgz. Extracting by manifest.
540 silly tarball no local data for supports-color@https://registry.npmjs.org/supports-color/-/supports-color-7.2.0.tgz. Extracting by manifest.
541 silly tarball no local data for ansi-styles@https://registry.npmjs.org/ansi-styles/-/ansi-styles-4.3.0.tgz. Extracting by manifest.
542 silly tarball no local data for uri-js@https://registry.npmjs.org/uri-js/-/uri-js-4.4.1.tgz. Extracting by manifest.
543 silly tarball no local data for json-schema-traverse@https://registry.npmjs.org/json-schema-traverse/-/json-schema-traverse-0.4.1.tgz. Extracting by manifest.
544 silly tarball no local data for fast-json-stable-stringify@https://registry.npmjs.org/fast-json-stable-stringify/-/fast-json-stable-stringify-2.1.0.tgz. Extracting by manifest.
545 silly tarball no local data for @humanfs/core@https://registry.npmjs.org/@humanfs/core/-/core-0.19.1.tgz. Extracting by manifest.
546 silly tarball no local data for levn@https://registry.npmjs.org/levn/-/levn-0.4.1.tgz. Extracting by manifest.
547 silly tarball no local data for strip-json-comments@https://registry.npmjs.org/strip-json-comments/-/strip-json-comments-3.1.1.tgz. Extracting by manifest.
548 silly tarball no local data for js-yaml@https://registry.npmjs.org/js-yaml/-/js-yaml-4.1.0.tgz. Extracting by manifest.
549 silly tarball no local data for globals@https://registry.npmjs.org/globals/-/globals-14.0.0.tgz. Extracting by manifest.
550 silly tarball no local data for import-fresh@https://registry.npmjs.org/import-fresh/-/import-fresh-3.3.1.tgz. Extracting by manifest.
551 silly tarball no local data for optionator@https://registry.npmjs.org/optionator/-/optionator-0.9.4.tgz. Extracting by manifest.
552 silly tarball no local data for natural-compare@https://registry.npmjs.org/natural-compare/-/natural-compare-1.4.0.tgz. Extracting by manifest.
553 silly tarball no local data for minimatch@https://registry.npmjs.org/minimatch/-/minimatch-3.1.2.tgz. Extracting by manifest.
554 silly tarball no local data for @eslint/object-schema@https://registry.npmjs.org/@eslint/object-schema/-/object-schema-2.1.6.tgz. Extracting by manifest.
555 silly tarball no local data for lodash.merge@https://registry.npmjs.org/lodash.merge/-/lodash.merge-4.6.2.tgz. Extracting by manifest.
556 silly tarball no local data for json-stable-stringify-without-jsonify@https://registry.npmjs.org/json-stable-stringify-without-jsonify/-/json-stable-stringify-without-jsonify-1.0.1.tgz. Extracting by manifest.
557 silly tarball no local data for is-glob@https://registry.npmjs.org/is-glob/-/is-glob-4.0.3.tgz. Extracting by manifest.
558 silly tarball no local data for imurmurhash@https://registry.npmjs.org/imurmurhash/-/imurmurhash-0.1.4.tgz. Extracting by manifest.
559 silly tarball no local data for ignore@https://registry.npmjs.org/ignore/-/ignore-5.3.2.tgz. Extracting by manifest.
560 silly tarball no local data for find-up@https://registry.npmjs.org/find-up/-/find-up-5.0.0.tgz. Extracting by manifest.
561 silly tarball no local data for glob-parent@https://registry.npmjs.org/glob-parent/-/glob-parent-6.0.2.tgz. Extracting by manifest.
562 silly tarball no local data for chokidar@https://registry.npmjs.org/chokidar/-/chokidar-3.6.0.tgz. Extracting by manifest.
563 silly tarball no local data for file-entry-cache@https://registry.npmjs.org/file-entry-cache/-/file-entry-cache-8.0.0.tgz. Extracting by manifest.
564 silly tarball no local data for fast-deep-equal@https://registry.npmjs.org/fast-deep-equal/-/fast-deep-equal-3.1.3.tgz. Extracting by manifest.
565 silly tarball no local data for esutils@https://registry.npmjs.org/esutils/-/esutils-2.0.3.tgz. Extracting by manifest.
566 silly tarball no local data for eslint-visitor-keys@https://registry.npmjs.org/eslint-visitor-keys/-/eslint-visitor-keys-4.2.1.tgz. Extracting by manifest.
567 silly tarball no local data for espree@https://registry.npmjs.org/espree/-/espree-10.4.0.tgz. Extracting by manifest.
568 silly tarball no local data for eslint-scope@https://registry.npmjs.org/eslint-scope/-/eslint-scope-8.4.0.tgz. Extracting by manifest.
569 silly tarball no local data for esquery@https://registry.npmjs.org/esquery/-/esquery-1.6.0.tgz. Extracting by manifest.
570 silly tarball no local data for cross-spawn@https://registry.npmjs.org/cross-spawn/-/cross-spawn-7.0.6.tgz. Extracting by manifest.
571 silly tarball no local data for chalk@https://registry.npmjs.org/chalk/-/chalk-4.1.2.tgz. Extracting by manifest.
572 silly tarball no local data for escape-string-regexp@https://registry.npmjs.org/escape-string-regexp/-/escape-string-regexp-4.0.0.tgz. Extracting by manifest.
573 silly tarball no local data for ajv@https://registry.npmjs.org/ajv/-/ajv-6.12.6.tgz. Extracting by manifest.
574 silly tarball no local data for @types/estree@https://registry.npmjs.org/@types/estree/-/estree-1.0.8.tgz. Extracting by manifest.
575 silly tarball no local data for @types/json-schema@https://registry.npmjs.org/@types/json-schema/-/json-schema-7.0.15.tgz. Extracting by manifest.
576 silly tarball no local data for @humanwhocodes/retry@https://registry.npmjs.org/@humanwhocodes/retry/-/retry-0.4.3.tgz. Extracting by manifest.
577 silly tarball no local data for @humanwhocodes/module-importer@https://registry.npmjs.org/@humanwhocodes/module-importer/-/module-importer-1.0.1.tgz. Extracting by manifest.
578 silly tarball no local data for @humanfs/node@https://registry.npmjs.org/@humanfs/node/-/node-0.16.6.tgz. Extracting by manifest.
579 silly tarball no local data for @eslint/plugin-kit@https://registry.npmjs.org/@eslint/plugin-kit/-/plugin-kit-0.3.5.tgz. Extracting by manifest.
580 silly tarball no local data for @eslint/js@https://registry.npmjs.org/@eslint/js/-/js-9.33.0.tgz. Extracting by manifest.
581 silly tarball no local data for @eslint/eslintrc@https://registry.npmjs.org/@eslint/eslintrc/-/eslintrc-3.3.1.tgz. Extracting by manifest.
582 silly tarball no local data for @eslint/core@https://registry.npmjs.org/@eslint/core/-/core-0.15.2.tgz. Extracting by manifest.
583 silly tarball no local data for @eslint/config-helpers@https://registry.npmjs.org/@eslint/config-helpers/-/config-helpers-0.3.1.tgz. Extracting by manifest.
584 silly tarball no local data for @eslint/config-array@https://registry.npmjs.org/@eslint/config-array/-/config-array-0.21.0.tgz. Extracting by manifest.
585 silly tarball no local data for @eslint-community/regexpp@https://registry.npmjs.org/@eslint-community/regexpp/-/regexpp-4.12.1.tgz. Extracting by manifest.
586 silly tarball no local data for nodemon@https://registry.npmjs.org/nodemon/-/nodemon-3.1.10.tgz. Extracting by manifest.
587 silly tarball no local data for @eslint-community/eslint-utils@https://registry.npmjs.org/@eslint-community/eslint-utils/-/eslint-utils-4.7.0.tgz. Extracting by manifest.
588 silly tarball no local data for eslint@https://registry.npmjs.org/eslint/-/eslint-9.33.0.tgz. Extracting by manifest.
589 silly tarball no local data for glob-parent@https://registry.npmjs.org/glob-parent/-/glob-parent-5.1.2.tgz. Extracting by manifest.
590 silly tarball no local data for @humanwhocodes/retry@https://registry.npmjs.org/@humanwhocodes/retry/-/retry-0.3.1.tgz. Extracting by manifest.
591 silly tarball no local data for eslint-visitor-keys@https://registry.npmjs.org/eslint-visitor-keys/-/eslint-visitor-keys-3.4.3.tgz. Extracting by manifest.
592 silly tarball no local data for has-flag@https://registry.npmjs.org/has-flag/-/has-flag-3.0.0.tgz. Extracting by manifest.
593 silly tarball no local data for supports-color@https://registry.npmjs.org/supports-color/-/supports-color-5.5.0.tgz. Extracting by manifest.
594 http fetch POST 200 https://registry.npmjs.org/-/npm/v1/security/advisories/bulk 273ms
595 timing auditReport:getReport Completed in 278ms
596 silly audit report {}
597 timing auditReport:init Completed in 0ms
598 timing reify:audit Completed in 279ms
599 http fetch GET 200 https://registry.npmjs.org/yocto-queue/-/yocto-queue-0.1.0.tgz 324ms (cache miss)
600 timing reifyNode:node_modules/yocto-queue Completed in 410ms
601 http fetch GET 200 https://registry.npmjs.org/word-wrap/-/word-wrap-1.2.5.tgz 363ms (cache miss)
602 timing reifyNode:node_modules/word-wrap Completed in 451ms
603 http fetch GET 200 https://registry.npmjs.org/is-number/-/is-number-7.0.0.tgz 381ms (cache miss)
604 timing reifyNode:node_modules/is-number Completed in 466ms
605 http fetch GET 200 https://registry.npmjs.org/to-regex-range/-/to-regex-range-5.0.1.tgz 400ms (cache miss)
606 timing reifyNode:node_modules/to-regex-range Completed in 490ms
607 http fetch GET 200 https://registry.npmjs.org/callsites/-/callsites-3.1.0.tgz 472ms (cache miss)
608 timing reifyNode:node_modules/callsites Completed in 556ms
609 http fetch GET 200 https://registry.npmjs.org/binary-extensions/-/binary-extensions-2.3.0.tgz 489ms (cache miss)
610 timing reifyNode:node_modules/binary-extensions Completed in 578ms
611 http fetch GET 200 https://registry.npmjs.org/p-limit/-/p-limit-3.1.0.tgz 494ms (cache miss)
612 timing reifyNode:node_modules/p-limit Completed in 580ms
613 http fetch GET 200 https://registry.npmjs.org/normalize-path/-/normalize-path-3.0.0.tgz 507ms (cache miss)
614 timing reifyNode:node_modules/normalize-path Completed in 600ms
615 http fetch GET 200 https://registry.npmjs.org/deep-is/-/deep-is-0.1.4.tgz 536ms (cache miss)
616 http fetch GET 200 https://registry.npmjs.org/fill-range/-/fill-range-7.1.1.tgz 534ms (cache miss)
617 timing reifyNode:node_modules/fill-range Completed in 625ms
618 http fetch GET 200 https://registry.npmjs.org/shebang-regex/-/shebang-regex-3.0.0.tgz 575ms (cache miss)
619 timing reifyNode:node_modules/shebang-regex Completed in 657ms
620 http fetch GET 200 https://registry.npmjs.org/is-binary-path/-/is-binary-path-2.1.0.tgz 563ms (cache miss)
621 timing reifyNode:node_modules/is-binary-path Completed in 658ms
622 http fetch GET 200 https://registry.npmjs.org/isexe/-/isexe-2.0.0.tgz 595ms (cache miss)
623 timing reifyNode:node_modules/isexe Completed in 676ms
624 timing reifyNode:node_modules/deep-is Completed in 675ms
625 http fetch GET 200 https://registry.npmjs.org/undefsafe/-/undefsafe-2.0.5.tgz 578ms (cache miss)
626 http fetch GET 200 https://registry.npmjs.org/fast-levenshtein/-/fast-levenshtein-2.0.6.tgz 610ms (cache miss)
627 timing reifyNode:node_modules/fast-levenshtein Completed in 698ms
628 http fetch GET 200 https://registry.npmjs.org/anymatch/-/anymatch-3.1.3.tgz 601ms (cache miss)
629 timing reifyNode:node_modules/anymatch Completed in 699ms
630 http fetch GET 200 https://registry.npmjs.org/picomatch/-/picomatch-2.3.1.tgz 621ms (cache miss)
631 http fetch GET 200 https://registry.npmjs.org/readdirp/-/readdirp-3.6.0.tgz 621ms (cache miss)
632 timing reifyNode:node_modules/readdirp Completed in 715ms
633 http fetch GET 200 https://registry.npmjs.org/ignore-by-default/-/ignore-by-default-1.0.1.tgz 623ms (cache miss)
634 timing reifyNode:node_modules/ignore-by-default Completed in 731ms
635 http fetch GET 200 https://registry.npmjs.org/concat-map/-/concat-map-0.0.1.tgz 622ms (cache miss)
636 timing reifyNode:node_modules/picomatch Completed in 758ms
637 http fetch GET 200 https://registry.npmjs.org/braces/-/braces-3.0.3.tgz 664ms (cache miss)
638 http fetch GET 200 https://registry.npmjs.org/punycode/-/punycode-2.3.1.tgz 652ms (cache miss)
639 http fetch GET 200 https://registry.npmjs.org/balanced-match/-/balanced-match-1.0.2.tgz 650ms (cache miss)
640 timing reifyNode:node_modules/balanced-match Completed in 761ms
641 timing reifyNode:node_modules/undefsafe Completed in 785ms
642 timing reifyNode:node_modules/punycode Completed in 788ms
643 http fetch GET 200 https://registry.npmjs.org/touch/-/touch-3.1.1.tgz 682ms (cache miss)
644 timing reifyNode:node_modules/touch Completed in 787ms
645 timing reifyNode:node_modules/concat-map Completed in 787ms
646 http fetch GET 200 https://registry.npmjs.org/json-buffer/-/json-buffer-3.0.1.tgz 672ms (cache miss)
647 timing reifyNode:node_modules/json-buffer Completed in 788ms
648 http fetch GET 200 https://registry.npmjs.org/type-check/-/type-check-0.4.0.tgz 675ms (cache miss)
649 timing reifyNode:node_modules/type-check Completed in 803ms
650 http fetch GET 200 https://registry.npmjs.org/parent-module/-/parent-module-1.0.1.tgz 685ms (cache miss)
651 timing reifyNode:node_modules/parent-module Completed in 805ms
652 http fetch GET 200 https://registry.npmjs.org/keyv/-/keyv-4.5.4.tgz 685ms (cache miss)
653 timing reifyNode:node_modules/keyv Completed in 804ms
654 timing reifyNode:node_modules/braces Completed in 821ms
655 http fetch GET 200 https://registry.npmjs.org/brace-expansion/-/brace-expansion-1.1.12.tgz 709ms (cache miss)
656 timing reifyNode:node_modules/brace-expansion Completed in 823ms
657 http fetch GET 200 https://registry.npmjs.org/p-locate/-/p-locate-5.0.0.tgz 711ms (cache miss)
658 timing reifyNode:node_modules/p-locate Completed in 825ms
659 http fetch GET 200 https://registry.npmjs.org/is-extglob/-/is-extglob-2.1.1.tgz 722ms (cache miss)
660 timing reifyNode:node_modules/is-extglob Completed in 840ms
661 http fetch GET 200 https://registry.npmjs.org/path-exists/-/path-exists-4.0.0.tgz 718ms (cache miss)
662 timing reifyNode:node_modules/path-exists Completed in 840ms
663 http fetch GET 200 https://registry.npmjs.org/locate-path/-/locate-path-6.0.0.tgz 718ms (cache miss)
664 timing reifyNode:node_modules/locate-path Completed in 841ms
665 http fetch GET 200 https://registry.npmjs.org/resolve-from/-/resolve-from-4.0.0.tgz 742ms (cache miss)
666 timing reifyNode:node_modules/resolve-from Completed in 863ms
667 http fetch GET 200 https://registry.npmjs.org/has-flag/-/has-flag-4.0.0.tgz 737ms (cache miss)
668 timing reifyNode:node_modules/has-flag Completed in 867ms
669 http fetch GET 200 https://registry.npmjs.org/pstree.remy/-/pstree.remy-1.1.8.tgz 765ms (cache miss)
670 http fetch GET 200 https://registry.npmjs.org/prelude-ls/-/prelude-ls-1.2.1.tgz 768ms (cache miss)
671 http fetch GET 200 https://registry.npmjs.org/flat-cache/-/flat-cache-4.0.1.tgz 759ms (cache miss)
672 http fetch GET 200 https://registry.npmjs.org/acorn-jsx/-/acorn-jsx-5.3.2.tgz 767ms (cache miss)
673 timing reifyNode:node_modules/acorn-jsx Completed in 892ms
674 timing reifyNode:node_modules/pstree.remy Completed in 905ms
675 timing reifyNode:node_modules/prelude-ls Completed in 913ms
676 timing reifyNode:node_modules/flat-cache Completed in 915ms
677 http fetch GET 200 https://registry.npmjs.org/simple-update-notifier/-/simple-update-notifier-2.0.0.tgz 816ms (cache miss)
678 http fetch GET 200 https://registry.npmjs.org/which/-/which-2.0.2.tgz 792ms (cache miss)
679 http fetch GET 200 https://registry.npmjs.org/supports-color/-/supports-color-7.2.0.tgz 790ms (cache miss)
680 timing reifyNode:node_modules/supports-color Completed in 924ms
681 http fetch GET 200 https://registry.npmjs.org/color-convert/-/color-convert-2.0.1.tgz 792ms (cache miss)
682 timing reifyNode:node_modules/which Completed in 932ms
683 http fetch GET 200 https://registry.npmjs.org/shebang-command/-/shebang-command-2.0.0.tgz 802ms (cache miss)
684 timing reifyNode:node_modules/shebang-command Completed in 933ms
685 http fetch GET 200 https://registry.npmjs.org/path-key/-/path-key-3.1.1.tgz 802ms (cache miss)
686 timing reifyNode:node_modules/path-key Completed in 934ms
687 http fetch GET 200 https://registry.npmjs.org/color-name/-/color-name-1.1.4.tgz 803ms (cache miss)
688 timing reifyNode:node_modules/color-name Completed in 935ms
689 timing reifyNode:node_modules/color-convert Completed in 939ms
690 timing reifyNode:node_modules/simple-update-notifier Completed in 948ms
691 http fetch GET 200 https://registry.npmjs.org/estraverse/-/estraverse-5.3.0.tgz 821ms (cache miss)
692 timing reifyNode:node_modules/estraverse Completed in 949ms
693 http fetch GET 200 https://registry.npmjs.org/ansi-styles/-/ansi-styles-4.3.0.tgz 816ms (cache miss)
694 timing reifyNode:node_modules/ansi-styles Completed in 951ms
695 http fetch GET 200 https://registry.npmjs.org/esrecurse/-/esrecurse-4.3.0.tgz 831ms (cache miss)
696 timing reifyNode:node_modules/esrecurse Completed in 960ms
697 http fetch GET 200 https://registry.npmjs.org/flatted/-/flatted-3.3.3.tgz 850ms (cache miss)
698 http fetch GET 200 https://registry.npmjs.org/json-schema-traverse/-/json-schema-traverse-0.4.1.tgz 829ms (cache miss)
699 http fetch GET 200 https://registry.npmjs.org/levn/-/levn-0.4.1.tgz 835ms (cache miss)
700 timing reifyNode:node_modules/levn Completed in 980ms
701 timing reifyNode:node_modules/flatted Completed in 988ms
702 timing reifyNode:node_modules/json-schema-traverse Completed in 988ms
703 http fetch GET 200 https://registry.npmjs.org/argparse/-/argparse-2.0.1.tgz 877ms (cache miss)
704 timing reifyNode:node_modules/argparse Completed in 994ms
705 http fetch GET 200 https://registry.npmjs.org/natural-compare/-/natural-compare-1.4.0.tgz 855ms (cache miss)
706 timing reifyNode:node_modules/natural-compare Completed in 1005ms
707 http fetch GET 200 https://registry.npmjs.org/import-fresh/-/import-fresh-3.3.1.tgz 866ms (cache miss)
708 timing reifyNode:node_modules/import-fresh Completed in 1014ms
709 http fetch GET 200 https://registry.npmjs.org/fast-json-stable-stringify/-/fast-json-stable-stringify-2.1.0.tgz 883ms (cache miss)
710 http fetch GET 200 https://registry.npmjs.org/@humanfs/core/-/core-0.19.1.tgz 898ms (cache miss)
711 timing reifyNode:node_modules/fast-json-stable-stringify Completed in 1056ms
712 timing reifyNode:node_modules/@humanfs/core Completed in 1092ms
713 http fetch GET 200 https://registry.npmjs.org/strip-json-comments/-/strip-json-comments-3.1.1.tgz 992ms (cache miss)
714 timing reifyNode:node_modules/strip-json-comments Completed in 1138ms
715 http fetch GET 200 https://registry.npmjs.org/optionator/-/optionator-0.9.4.tgz 1017ms (cache miss)
716 http fetch GET 200 https://registry.npmjs.org/globals/-/globals-14.0.0.tgz 1041ms (cache miss)
717 timing reifyNode:node_modules/globals Completed in 1189ms
718 http fetch GET 200 https://registry.npmjs.org/lodash.merge/-/lodash.merge-4.6.2.tgz 1037ms (cache miss)
719 timing reifyNode:node_modules/lodash.merge Completed in 1191ms
720 timing reifyNode:node_modules/optionator Completed in 1198ms
721 http fetch GET 200 https://registry.npmjs.org/minimatch/-/minimatch-3.1.2.tgz 1049ms (cache miss)
722 timing reifyNode:node_modules/minimatch Completed in 1200ms
723 http fetch GET 200 https://registry.npmjs.org/@eslint/object-schema/-/object-schema-2.1.6.tgz 1064ms (cache miss)
724 http fetch GET 200 https://registry.npmjs.org/find-up/-/find-up-5.0.0.tgz 1059ms (cache miss)
725 timing reifyNode:node_modules/find-up Completed in 1216ms
726 http fetch GET 200 https://registry.npmjs.org/is-glob/-/is-glob-4.0.3.tgz 1070ms (cache miss)
727 timing reifyNode:node_modules/is-glob Completed in 1225ms
728 http fetch GET 200 https://registry.npmjs.org/glob-parent/-/glob-parent-6.0.2.tgz 1074ms (cache miss)
729 timing reifyNode:node_modules/glob-parent Completed in 1233ms
730 http fetch GET 200 https://registry.npmjs.org/imurmurhash/-/imurmurhash-0.1.4.tgz 1081ms (cache miss)
731 timing reifyNode:node_modules/imurmurhash Completed in 1238ms
732 http fetch GET 200 https://registry.npmjs.org/file-entry-cache/-/file-entry-cache-8.0.0.tgz 1077ms (cache miss)
733 timing reifyNode:node_modules/file-entry-cache Completed in 1238ms
734 http fetch GET 200 https://registry.npmjs.org/ignore/-/ignore-5.3.2.tgz 1086ms (cache miss)
735 timing reifyNode:node_modules/ignore Completed in 1244ms
736 http fetch GET 200 https://registry.npmjs.org/acorn/-/acorn-8.15.0.tgz 1126ms (cache miss)
737 http fetch GET 200 https://registry.npmjs.org/eslint-visitor-keys/-/eslint-visitor-keys-4.2.1.tgz 1088ms (cache miss)
738 http fetch GET 200 https://registry.npmjs.org/esutils/-/esutils-2.0.3.tgz 1090ms (cache miss)
739 http fetch GET 200 https://registry.npmjs.org/fast-deep-equal/-/fast-deep-equal-3.1.3.tgz 1097ms (cache miss)
740 timing reifyNode:node_modules/acorn Completed in 1272ms
741 http fetch GET 200 https://registry.npmjs.org/json-stable-stringify-without-jsonify/-/json-stable-stringify-without-jsonify-1.0.1.tgz 1119ms (cache miss)
742 timing reifyNode:node_modules/fast-deep-equal Completed in 1277ms
743 timing reifyNode:node_modules/esutils Completed in 1280ms
744 timing reifyNode:node_modules/eslint-visitor-keys Completed in 1283ms
745 http fetch GET 200 https://registry.npmjs.org/semver/-/semver-7.7.2.tgz 1182ms (cache miss)
746 timing reifyNode:node_modules/json-stable-stringify-without-jsonify Completed in 1287ms
747 timing reifyNode:node_modules/@eslint/object-schema Completed in 1287ms
748 http fetch GET 200 https://registry.npmjs.org/espree/-/espree-10.4.0.tgz 1128ms (cache miss)
749 http fetch GET 200 https://registry.npmjs.org/chokidar/-/chokidar-3.6.0.tgz 1134ms (cache miss)
750 timing reifyNode:node_modules/chokidar Completed in 1297ms
751 timing reifyNode:node_modules/semver Completed in 1297ms
752 timing reifyNode:node_modules/espree Completed in 1306ms
753 http fetch GET 200 https://registry.npmjs.org/eslint-scope/-/eslint-scope-8.4.0.tgz 1178ms (cache miss)
754 timing reifyNode:node_modules/eslint-scope Completed in 1345ms
755 http fetch GET 200 https://registry.npmjs.org/escape-string-regexp/-/escape-string-regexp-4.0.0.tgz 1180ms (cache miss)
756 timing reifyNode:node_modules/escape-string-regexp Completed in 1348ms
757 http fetch GET 200 https://registry.npmjs.org/cross-spawn/-/cross-spawn-7.0.6.tgz 1184ms (cache miss)
758 http fetch GET 200 https://registry.npmjs.org/chalk/-/chalk-4.1.2.tgz 1185ms (cache miss)
759 timing reifyNode:node_modules/cross-spawn Completed in 1355ms
760 timing reifyNode:node_modules/chalk Completed in 1357ms
761 http fetch GET 200 https://registry.npmjs.org/js-yaml/-/js-yaml-4.1.0.tgz 1237ms (cache miss)
762 timing reifyNode:node_modules/js-yaml Completed in 1384ms
763 http fetch GET 200 https://registry.npmjs.org/uri-js/-/uri-js-4.4.1.tgz 1264ms (cache miss)
764 timing reifyNode:node_modules/uri-js Completed in 1402ms
765 http fetch GET 200 https://registry.npmjs.org/esquery/-/esquery-1.6.0.tgz 1250ms (cache miss)
766 timing reifyNode:node_modules/esquery Completed in 1416ms
767 http fetch GET 200 https://registry.npmjs.org/@humanwhocodes/retry/-/retry-0.4.3.tgz 1371ms (cache miss)
768 http fetch GET 200 https://registry.npmjs.org/@eslint/js/-/js-9.33.0.tgz 1384ms (cache miss)
769 http fetch GET 200 https://registry.npmjs.org/@humanwhocodes/module-importer/-/module-importer-1.0.1.tgz 1389ms (cache miss)
770 http fetch GET 200 https://registry.npmjs.org/@types/estree/-/estree-1.0.8.tgz 1393ms (cache miss)
771 timing reifyNode:node_modules/@types/estree Completed in 1570ms
772 http fetch GET 200 https://registry.npmjs.org/@types/json-schema/-/json-schema-7.0.15.tgz 1395ms (cache miss)
773 timing reifyNode:node_modules/@types/json-schema Completed in 1573ms
774 timing reifyNode:node_modules/@eslint/js Completed in 1575ms
775 timing reifyNode:node_modules/@humanwhocodes/module-importer Completed in 1577ms
776 timing reifyNode:node_modules/@humanwhocodes/retry Completed in 1578ms
777 http fetch GET 200 https://registry.npmjs.org/@humanfs/node/-/node-0.16.6.tgz 1398ms (cache miss)
778 timing reifyNode:node_modules/@humanfs/node Completed in 1581ms
779 http fetch GET 200 https://registry.npmjs.org/@eslint/core/-/core-0.15.2.tgz 1398ms (cache miss)
780 timing reifyNode:node_modules/@eslint/core Completed in 1585ms
781 http fetch GET 200 https://registry.npmjs.org/@eslint/plugin-kit/-/plugin-kit-0.3.5.tgz 1408ms (cache miss)
782 timing reifyNode:node_modules/@eslint/plugin-kit Completed in 1592ms
783 http fetch GET 200 https://registry.npmjs.org/ajv/-/ajv-6.12.6.tgz 1432ms (cache miss)
784 timing reifyNode:node_modules/ajv Completed in 1608ms
785 http fetch GET 200 https://registry.npmjs.org/@eslint/eslintrc/-/eslintrc-3.3.1.tgz 1457ms (cache miss)
786 timing reifyNode:node_modules/@eslint/eslintrc Completed in 1639ms
787 http fetch GET 200 https://registry.npmjs.org/@eslint/config-helpers/-/config-helpers-0.3.1.tgz 1459ms (cache miss)
788 timing reifyNode:node_modules/@eslint/config-helpers Completed in 1643ms
789 http fetch GET 200 https://registry.npmjs.org/nodemon/-/nodemon-3.1.10.tgz 1503ms (cache miss)
790 timing reifyNode:node_modules/nodemon Completed in 1690ms
791 http fetch GET 200 https://registry.npmjs.org/@eslint/config-array/-/config-array-0.21.0.tgz 1546ms (cache miss)
792 timing reifyNode:node_modules/@eslint/config-array Completed in 1731ms
793 http fetch GET 200 https://registry.npmjs.org/@eslint-community/regexpp/-/regexpp-4.12.1.tgz 1602ms (cache miss)
794 timing reifyNode:node_modules/@eslint-community/regexpp Completed in 1788ms
795 http fetch GET 200 https://registry.npmjs.org/@eslint-community/eslint-utils/-/eslint-utils-4.7.0.tgz 1657ms (cache miss)
796 timing reifyNode:node_modules/@eslint-community/eslint-utils Completed in 1845ms
797 http fetch GET 200 https://registry.npmjs.org/glob-parent/-/glob-parent-5.1.2.tgz 1765ms (cache miss)
798 timing reifyNode:node_modules/chokidar/node_modules/glob-parent Completed in 1960ms
799 http fetch GET 200 https://registry.npmjs.org/@humanwhocodes/retry/-/retry-0.3.1.tgz 1969ms (cache miss)
800 timing reifyNode:node_modules/@humanfs/node/node_modules/@humanwhocodes/retry Completed in 2163ms
801 http fetch GET 200 https://registry.npmjs.org/has-flag/-/has-flag-3.0.0.tgz 1974ms (cache miss)
802 timing reifyNode:node_modules/nodemon/node_modules/has-flag Completed in 2167ms
803 http fetch GET 200 https://registry.npmjs.org/supports-color/-/supports-color-5.5.0.tgz 1974ms (cache miss)
804 timing reifyNode:node_modules/nodemon/node_modules/supports-color Completed in 2169ms
805 http fetch GET 200 https://registry.npmjs.org/eslint-visitor-keys/-/eslint-visitor-keys-3.4.3.tgz 1983ms (cache miss)
806 timing reifyNode:node_modules/@eslint-community/eslint-utils/node_modules/eslint-visitor-keys Completed in 2175ms
807 http fetch GET 200 https://registry.npmjs.org/eslint/-/eslint-9.33.0.tgz 2155ms (cache miss)
808 timing reifyNode:node_modules/eslint Completed in 2343ms
809 timing reify:unpack Completed in 2353ms
810 timing reify:unretire Completed in 0ms
811 timing build:queue Completed in 9ms
812 timing build:link:node_modules/semver Completed in 6ms
813 timing build:link:node_modules/acorn Completed in 8ms
814 timing build:link:node_modules/eslint Completed in 7ms
815 timing build:link:node_modules/nodemon Completed in 6ms
816 timing build:link:node_modules/js-yaml Completed in 7ms
817 timing build:link:node_modules/touch Completed in 6ms
818 timing build:link:node_modules/which Completed in 6ms
819 timing build:link Completed in 8ms
820 timing build:deps Completed in 17ms
821 timing build Completed in 18ms
822 timing reify:build Completed in 19ms
823 timing reify:trash Completed in 0ms
824 timing reify:save Completed in 47ms
825 timing reify Completed in 7111ms
826 silly ADD node_modules/isexe
827 silly ADD node_modules/punycode
828 silly ADD node_modules/is-number
829 silly ADD node_modules/has-flag
830 silly ADD node_modules/shebang-regex
831 silly ADD node_modules/callsites
832 silly ADD node_modules/yocto-queue
833 silly ADD node_modules/p-limit
834 silly ADD node_modules/word-wrap
835 silly ADD node_modules/fast-levenshtein
836 silly ADD node_modules/deep-is
837 silly ADD node_modules/binary-extensions
838 silly ADD node_modules/to-regex-range
839 silly ADD node_modules/fill-range
840 silly ADD node_modules/picomatch
841 silly ADD node_modules/readdirp
842 silly ADD node_modules/normalize-path
843 silly ADD node_modules/is-binary-path
844 silly ADD
845 silly ADD node_modules/braces
846 silly ADD node_modules/anymatch
847 silly ADD node_modules/undefsafe
848 silly ADD node_modules/touch
849 silly ADD node_modules/simple-update-notifier
850 silly ADD node_modules/semver
851 silly ADD node_modules/pstree.remy
852 silly ADD node_modules/ignore-by-default
853 silly ADD node_modules/chokidar
854 silly ADD node_modules/chokidar/node_modules/glob-parent
855 silly ADD node_modules/concat-map
856 silly ADD node_modules/balanced-match
857 silly ADD node_modules/brace-expansion
858 silly ADD node_modules/p-locate
859 silly ADD node_modules/type-check
860 silly ADD node_modules/prelude-ls
861 silly ADD node_modules/json-buffer
862 silly ADD node_modules/argparse
863 silly ADD node_modules/is-extglob
864 silly ADD node_modules/resolve-from
865 silly ADD node_modules/parent-module
866 silly ADD node_modules/keyv
867 silly ADD node_modules/flatted
868 silly ADD node_modules/path-exists
869 silly ADD node_modules/locate-path
870 silly ADD node_modules/flat-cache
871 silly ADD node_modules/acorn-jsx
872 silly ADD node_modules/acorn
873 silly ADD node_modules/estraverse
874 silly ADD node_modules/esrecurse
875 silly ADD node_modules/which
876 silly ADD node_modules/shebang-command
877 silly ADD node_modules/path-key
878 silly ADD node_modules/color-name
879 silly ADD node_modules/color-convert
880 silly ADD node_modules/supports-color
881 silly ADD node_modules/ansi-styles
882 silly ADD node_modules/uri-js
883 silly ADD node_modules/json-schema-traverse
884 silly ADD node_modules/fast-json-stable-stringify
885 silly ADD node_modules/@humanfs/core
886 silly ADD node_modules/levn
887 silly ADD node_modules/strip-json-comments
888 silly ADD node_modules/js-yaml
889 silly ADD node_modules/import-fresh
890 silly ADD node_modules/globals
891 silly ADD node_modules/@eslint/object-schema
892 silly ADD node_modules/optionator
893 silly ADD node_modules/natural-compare
894 silly ADD node_modules/minimatch
895 silly ADD node_modules/lodash.merge
896 silly ADD node_modules/json-stable-stringify-without-jsonify
897 silly ADD node_modules/is-glob
898 silly ADD node_modules/imurmurhash
899 silly ADD node_modules/ignore
900 silly ADD node_modules/glob-parent
901 silly ADD node_modules/find-up
902 silly ADD node_modules/file-entry-cache
903 silly ADD node_modules/fast-deep-equal
904 silly ADD node_modules/esutils
905 silly ADD node_modules/esquery
906 silly ADD node_modules/espree
907 silly ADD node_modules/eslint-visitor-keys
908 silly ADD node_modules/eslint-scope
909 silly ADD node_modules/escape-string-regexp
910 silly ADD node_modules/cross-spawn
911 silly ADD node_modules/chalk
912 silly ADD node_modules/ajv
913 silly ADD node_modules/@types/json-schema
914 silly ADD node_modules/@types/estree
915 silly ADD node_modules/@humanwhocodes/retry
916 silly ADD node_modules/@humanwhocodes/module-importer
917 silly ADD node_modules/@humanfs/node
918 silly ADD node_modules/@humanfs/node/node_modules/@humanwhocodes/retry
919 silly ADD node_modules/@eslint/plugin-kit
920 silly ADD node_modules/@eslint/js
921 silly ADD node_modules/@eslint/eslintrc
922 silly ADD node_modules/@eslint/core
923 silly ADD node_modules/@eslint/config-helpers
924 silly ADD node_modules/@eslint/config-array
925 silly ADD node_modules/@eslint-community/regexpp
926 silly ADD node_modules/@eslint-community/eslint-utils
927 silly ADD node_modules/@eslint-community/eslint-utils/node_modules/eslint-visitor-keys
928 silly ADD node_modules/nodemon
929 silly ADD node_modules/nodemon/node_modules/has-flag
930 silly ADD node_modules/nodemon/node_modules/supports-color
931 silly ADD node_modules/eslint
932 timing command:install Completed in 7125ms
933 verbose exit 0
934 timing npm Completed in 7170ms
935 info ok
