0 verbose cli /usr/local/bin/node /usr/local/bin/npm
1 info using npm@9.6.4
2 info using node@v20.1.0
3 timing npm:load:whichnode Completed in 1ms
4 timing config:load:defaults Completed in 2ms
5 timing config:load:file:/usr/local/lib/node_modules/npm/npmrc Completed in 1ms
6 timing config:load:builtin Completed in 2ms
7 timing config:load:cli Completed in 2ms
8 timing config:load:env Completed in 1ms
9 timing config:load:file:/home/frank/Proyecto-Ing/.npmrc Completed in 0ms
10 timing config:load:project Completed in 2ms
11 timing config:load:file:/home/frank/.npmrc Completed in 4ms
12 timing config:load:user Completed in 4ms
13 timing config:load:file:/usr/local/etc/npmrc Completed in 1ms
14 timing config:load:global Completed in 1ms
15 timing config:load:setEnvs Completed in 1ms
16 timing config:load Completed in 15ms
17 timing npm:load:configload Completed in 15ms
18 timing npm:load:mkdirpcache Completed in 0ms
19 timing npm:load:mkdirplogs Completed in 1ms
20 verbose title npm install express
21 verbose argv "install" "express"
22 timing npm:load:setTitle Completed in 1ms
23 timing config:load:flatten Completed in 2ms
24 timing npm:load:display Completed in 3ms
25 verbose logfile logs-max:10 dir:/home/frank/.npm/_logs/2025-08-12T22_56_27_065Z-
26 verbose logfile /home/frank/.npm/_logs/2025-08-12T22_56_27_065Z-debug-0.log
27 timing npm:load:logFile Completed in 8ms
28 timing npm:load:timers Completed in 0ms
29 timing npm:load:configScope Completed in 0ms
30 timing npm:load Completed in 29ms
31 timing arborist:ctor Completed in 1ms
32 silly logfile done cleaning log files
33 timing arborist:ctor Completed in 0ms
34 timing idealTree:init Completed in 24ms
35 timing idealTree:userRequests Completed in 3ms
36 silly idealTree buildDeps
37 silly fetch manifest express@*
38 http fetch GET 200 https://registry.npmjs.org/express 461ms (cache miss)
39 silly placeDep ROOT express@5.1.0 OK for: proyecto-ing@1.0.0 want: *
40 silly fetch manifest qs@^6.14.0
41 silly fetch manifest etag@^1.8.1
42 silly fetch manifest once@^1.4.0
43 silly fetch manifest send@^1.1.0
44 silly fetch manifest vary@^1.1.2
45 silly fetch manifest debug@^4.4.0
46 silly fetch manifest fresh@^2.0.0
47 silly fetch manifest cookie@^0.7.1
48 silly fetch manifest router@^2.2.0
49 silly fetch manifest accepts@^2.0.0
50 silly fetch manifest type-is@^2.0.1
51 silly fetch manifest parseurl@^1.3.3
52 silly fetch manifest statuses@^2.0.1
53 silly fetch manifest encodeurl@^2.0.0
54 silly fetch manifest mime-types@^3.0.0
55 silly fetch manifest proxy-addr@^2.0.7
56 silly fetch manifest body-parser@^2.2.0
57 silly fetch manifest escape-html@^1.0.3
58 silly fetch manifest http-errors@^2.0.0
59 silly fetch manifest on-finished@^2.4.1
60 silly fetch manifest content-type@^1.0.5
61 silly fetch manifest finalhandler@^2.1.0
62 silly fetch manifest range-parser@^1.2.1
63 silly fetch manifest serve-static@^2.2.0
64 silly fetch manifest cookie-signature@^1.2.1
65 silly fetch manifest merge-descriptors@^2.0.0
66 silly fetch manifest content-disposition@^1.0.0
67 http fetch GET 200 https://registry.npmjs.org/npm 782ms (cache miss)
68 http fetch GET 200 https://registry.npmjs.org/qs 276ms (cache miss)
69 http fetch GET 200 https://registry.npmjs.org/mime-types 299ms (cache miss)
70 http fetch GET 200 https://registry.npmjs.org/once 371ms (cache miss)
71 http fetch GET 200 https://registry.npmjs.org/proxy-addr 366ms (cache miss)
72 http fetch GET 200 https://registry.npmjs.org/vary 379ms (cache miss)
73 http fetch GET 200 https://registry.npmjs.org/etag 384ms (cache miss)
74 http fetch GET 200 https://registry.npmjs.org/send 392ms (cache miss)
75 http fetch GET 200 https://registry.npmjs.org/body-parser 413ms (cache miss)
76 http fetch GET 200 https://registry.npmjs.org/fresh 428ms (cache miss)
77 http fetch GET 200 https://registry.npmjs.org/router 463ms (cache miss)
78 http fetch GET 200 https://registry.npmjs.org/statuses 465ms (cache miss)
79 http fetch GET 200 https://registry.npmjs.org/parseurl 470ms (cache miss)
80 http fetch GET 200 https://registry.npmjs.org/debug 507ms (cache miss)
81 http fetch GET 200 https://registry.npmjs.org/accepts 506ms (cache miss)
82 http fetch GET 200 https://registry.npmjs.org/cookie 530ms (cache miss)
83 http fetch GET 200 https://registry.npmjs.org/encodeurl 528ms (cache miss)
84 http fetch GET 200 https://registry.npmjs.org/type-is 544ms (cache miss)
85 http fetch GET 200 https://registry.npmjs.org/http-errors 558ms (cache miss)
86 http fetch GET 200 https://registry.npmjs.org/escape-html 563ms (cache miss)
87 http fetch GET 200 https://registry.npmjs.org/content-type 566ms (cache miss)
88 http fetch GET 200 https://registry.npmjs.org/on-finished 576ms (cache miss)
89 http fetch GET 200 https://registry.npmjs.org/finalhandler 580ms (cache miss)
90 http fetch GET 200 https://registry.npmjs.org/range-parser 596ms (cache miss)
91 http fetch GET 200 https://registry.npmjs.org/serve-static 600ms (cache miss)
92 http fetch GET 200 https://registry.npmjs.org/cookie-signature 602ms (cache miss)
93 http fetch GET 200 https://registry.npmjs.org/content-disposition 602ms (cache miss)
94 http fetch GET 200 https://registry.npmjs.org/merge-descriptors 604ms (cache miss)
95 timing idealTree:#root Completed in 1109ms
96 silly placeDep ROOT accepts@2.0.0 OK for: express@5.1.0 want: ^2.0.0
97 silly placeDep ROOT body-parser@2.2.0 OK for: express@5.1.0 want: ^2.2.0
98 silly placeDep ROOT content-disposition@1.0.0 OK for: express@5.1.0 want: ^1.0.0
99 silly placeDep ROOT content-type@1.0.5 OK for: express@5.1.0 want: ^1.0.5
100 silly placeDep ROOT cookie@0.7.2 OK for: express@5.1.0 want: ^0.7.1
101 silly placeDep ROOT cookie-signature@1.2.2 OK for: express@5.1.0 want: ^1.2.1
102 silly placeDep ROOT debug@4.4.1 OK for: express@5.1.0 want: ^4.4.0
103 silly placeDep ROOT encodeurl@2.0.0 OK for: express@5.1.0 want: ^2.0.0
104 silly placeDep ROOT escape-html@1.0.3 OK for: express@5.1.0 want: ^1.0.3
105 silly placeDep ROOT etag@1.8.1 OK for: express@5.1.0 want: ^1.8.1
106 silly placeDep ROOT finalhandler@2.1.0 OK for: express@5.1.0 want: ^2.1.0
107 silly placeDep ROOT fresh@2.0.0 OK for: express@5.1.0 want: ^2.0.0
108 silly placeDep ROOT http-errors@2.0.0 OK for: express@5.1.0 want: ^2.0.0
109 silly placeDep ROOT merge-descriptors@2.0.0 OK for: express@5.1.0 want: ^2.0.0
110 silly placeDep ROOT mime-types@3.0.1 OK for: express@5.1.0 want: ^3.0.0
111 silly placeDep ROOT on-finished@2.4.1 OK for: express@5.1.0 want: ^2.4.1
112 silly placeDep ROOT once@1.4.0 OK for: express@5.1.0 want: ^1.4.0
113 silly placeDep ROOT parseurl@1.3.3 OK for: express@5.1.0 want: ^1.3.3
114 silly placeDep ROOT proxy-addr@2.0.7 OK for: express@5.1.0 want: ^2.0.7
115 silly placeDep ROOT qs@6.14.0 OK for: express@5.1.0 want: ^6.14.0
116 silly placeDep ROOT range-parser@1.2.1 OK for: express@5.1.0 want: ^1.2.1
117 silly placeDep ROOT router@2.2.0 OK for: express@5.1.0 want: ^2.2.0
118 silly placeDep ROOT send@1.2.0 OK for: express@5.1.0 want: ^1.1.0
119 silly placeDep ROOT serve-static@2.2.0 OK for: express@5.1.0 want: ^2.2.0
120 silly placeDep ROOT statuses@2.0.2 OK for: express@5.1.0 want: ^2.0.1
121 silly placeDep ROOT type-is@2.0.1 OK for: express@5.1.0 want: ^2.0.1
122 silly placeDep ROOT vary@1.1.2 OK for: express@5.1.0 want: ^1.1.2
123 silly fetch manifest negotiator@^1.0.0
124 silly fetch manifest bytes@^3.1.2
125 silly fetch manifest iconv-lite@^0.6.3
126 silly fetch manifest raw-body@^3.0.0
127 silly fetch manifest safe-buffer@5.2.1
128 silly fetch manifest ms@^2.1.3
129 silly fetch manifest depd@2.0.0
130 silly fetch manifest inherits@2.0.4
131 silly fetch manifest statuses@2.0.1
132 silly fetch manifest toidentifier@1.0.1
133 silly fetch manifest setprototypeof@1.2.0
134 silly fetch manifest mime-db@^1.54.0
135 silly fetch manifest ee-first@1.1.1
136 silly fetch manifest wrappy@1
137 silly fetch manifest forwarded@0.2.0
138 silly fetch manifest ipaddr.js@1.9.1
139 silly fetch manifest side-channel@^1.1.0
140 silly fetch manifest depd@^2.0.0
141 silly fetch manifest is-promise@^4.0.0
142 silly fetch manifest path-to-regexp@^8.0.0
143 silly fetch manifest media-typer@^1.1.0
144 http fetch GET 200 https://registry.npmjs.org/depd 138ms (cache miss)
145 http fetch GET 200 https://registry.npmjs.org/inherits 145ms (cache miss)
146 http fetch GET 200 https://registry.npmjs.org/bytes 155ms (cache miss)
147 http fetch GET 200 https://registry.npmjs.org/negotiator 162ms (cache miss)
148 http fetch GET 200 https://registry.npmjs.org/setprototypeof 178ms (cache miss)
149 http fetch GET 200 https://registry.npmjs.org/raw-body 201ms (cache miss)
150 http fetch GET 200 https://registry.npmjs.org/toidentifier 200ms (cache miss)
151 http fetch GET 200 https://registry.npmjs.org/ms 206ms (cache miss)
152 http fetch GET 200 https://registry.npmjs.org/ee-first 203ms (cache miss)
153 http fetch GET 200 https://registry.npmjs.org/forwarded 207ms (cache miss)
154 http fetch GET 200 https://registry.npmjs.org/mime-db 244ms (cache miss)
155 http fetch GET 200 https://registry.npmjs.org/iconv-lite 282ms (cache miss)
156 http fetch GET 200 https://registry.npmjs.org/wrappy 273ms (cache miss)
157 http fetch GET 200 https://registry.npmjs.org/safe-buffer 290ms (cache miss)
158 http fetch GET 200 https://registry.npmjs.org/ipaddr.js 308ms (cache miss)
159 http fetch GET 200 https://registry.npmjs.org/depd 311ms (cache miss)
160 http fetch GET 200 https://registry.npmjs.org/side-channel 325ms (cache miss)
161 http fetch GET 200 https://registry.npmjs.org/is-promise 325ms (cache miss)
162 http fetch GET 200 https://registry.npmjs.org/media-typer 327ms (cache miss)
163 http fetch GET 200 https://registry.npmjs.org/path-to-regexp 330ms (cache miss)
164 timing idealTree:node_modules/express Completed in 415ms
165 silly placeDep ROOT negotiator@1.0.0 OK for: accepts@2.0.0 want: ^1.0.0
166 timing idealTree:node_modules/accepts Completed in 2ms
167 silly placeDep ROOT bytes@3.1.2 OK for: body-parser@2.2.0 want: ^3.1.2
168 silly placeDep ROOT iconv-lite@0.6.3 OK for: body-parser@2.2.0 want: ^0.6.3
169 silly placeDep ROOT raw-body@3.0.0 OK for: body-parser@2.2.0 want: ^3.0.0
170 silly fetch manifest safer-buffer@>= 2.1.2 < 3.0.0
171 silly fetch manifest unpipe@1.0.0
172 http fetch GET 200 https://registry.npmjs.org/safer-buffer 100ms (cache miss)
173 http fetch GET 200 https://registry.npmjs.org/unpipe 107ms (cache miss)
174 timing idealTree:node_modules/body-parser Completed in 114ms
175 timing idealTree:node_modules/bytes Completed in 0ms
176 silly placeDep ROOT safe-buffer@5.2.1 OK for: content-disposition@1.0.0 want: 5.2.1
177 timing idealTree:node_modules/content-disposition Completed in 1ms
178 timing idealTree:node_modules/content-type Completed in 0ms
179 timing idealTree:node_modules/cookie Completed in 0ms
180 timing idealTree:node_modules/cookie-signature Completed in 0ms
181 silly placeDep ROOT ms@2.1.3 OK for: debug@4.4.1 want: ^2.1.3
182 timing idealTree:node_modules/debug Completed in 2ms
183 timing idealTree:node_modules/encodeurl Completed in 0ms
184 timing idealTree:node_modules/escape-html Completed in 0ms
185 timing idealTree:node_modules/etag Completed in 0ms
186 timing idealTree:node_modules/finalhandler Completed in 0ms
187 timing idealTree:node_modules/fresh Completed in 0ms
188 silly placeDep ROOT depd@2.0.0 OK for: http-errors@2.0.0 want: 2.0.0
189 silly placeDep ROOT inherits@2.0.4 OK for: http-errors@2.0.0 want: 2.0.4
190 silly placeDep ROOT setprototypeof@1.2.0 OK for: http-errors@2.0.0 want: 1.2.0
191 silly placeDep node_modules/http-errors statuses@2.0.1 OK for: http-errors@2.0.0 want: 2.0.1
192 silly placeDep ROOT toidentifier@1.0.1 OK for: http-errors@2.0.0 want: 1.0.1
193 timing idealTree:node_modules/http-errors Completed in 6ms
194 timing idealTree:node_modules/depd Completed in 0ms
195 silly placeDep ROOT safer-buffer@2.1.2 OK for: iconv-lite@0.6.3 want: >= 2.1.2 < 3.0.0
196 timing idealTree:node_modules/iconv-lite Completed in 1ms
197 timing idealTree:node_modules/inherits Completed in 0ms
198 timing idealTree:node_modules/merge-descriptors Completed in 0ms
199 silly placeDep ROOT mime-db@1.54.0 OK for: mime-types@3.0.1 want: ^1.54.0
200 timing idealTree:node_modules/mime-types Completed in 1ms
201 timing idealTree:node_modules/mime-db Completed in 0ms
202 timing idealTree:node_modules/ms Completed in 0ms
203 timing idealTree:node_modules/negotiator Completed in 0ms
204 silly placeDep ROOT ee-first@1.1.1 OK for: on-finished@2.4.1 want: 1.1.1
205 timing idealTree:node_modules/on-finished Completed in 1ms
206 timing idealTree:node_modules/ee-first Completed in 0ms
207 silly placeDep ROOT wrappy@1.0.2 OK for: once@1.4.0 want: 1
208 timing idealTree:node_modules/once Completed in 2ms
209 timing idealTree:node_modules/parseurl Completed in 0ms
210 silly placeDep ROOT forwarded@0.2.0 OK for: proxy-addr@2.0.7 want: 0.2.0
211 silly placeDep ROOT ipaddr.js@1.9.1 OK for: proxy-addr@2.0.7 want: 1.9.1
212 timing idealTree:node_modules/proxy-addr Completed in 3ms
213 timing idealTree:node_modules/forwarded Completed in 0ms
214 timing idealTree:node_modules/ipaddr.js Completed in 0ms
215 silly placeDep ROOT side-channel@1.1.0 OK for: qs@6.14.0 want: ^1.1.0
216 silly fetch manifest es-errors@^1.3.0
217 silly fetch manifest object-inspect@^1.13.3
218 silly fetch manifest side-channel-list@^1.0.0
219 silly fetch manifest side-channel-map@^1.0.1
220 silly fetch manifest side-channel-weakmap@^1.0.2
221 http fetch GET 200 https://registry.npmjs.org/side-channel-weakmap 100ms (cache miss)
222 http fetch GET 200 https://registry.npmjs.org/side-channel-list 105ms (cache miss)
223 http fetch GET 200 https://registry.npmjs.org/es-errors 114ms (cache miss)
224 http fetch GET 200 https://registry.npmjs.org/object-inspect 142ms (cache miss)
225 http fetch GET 200 https://registry.npmjs.org/side-channel-map 142ms (cache miss)
226 timing idealTree:node_modules/qs Completed in 147ms
227 timing idealTree:node_modules/range-parser Completed in 0ms
228 silly placeDep ROOT unpipe@1.0.0 OK for: raw-body@3.0.0 want: 1.0.0
229 timing idealTree:node_modules/raw-body Completed in 1ms
230 silly placeDep ROOT is-promise@4.0.0 OK for: router@2.2.0 want: ^4.0.0
231 silly placeDep ROOT path-to-regexp@8.2.0 OK for: router@2.2.0 want: ^8.0.0
232 timing idealTree:node_modules/router Completed in 2ms
233 timing idealTree:node_modules/is-promise Completed in 0ms
234 timing idealTree:node_modules/path-to-regexp Completed in 0ms
235 timing idealTree:node_modules/safe-buffer Completed in 0ms
236 timing idealTree:node_modules/safer-buffer Completed in 0ms
237 timing idealTree:node_modules/send Completed in 0ms
238 timing idealTree:node_modules/serve-static Completed in 0ms
239 timing idealTree:node_modules/setprototypeof Completed in 0ms
240 silly placeDep ROOT es-errors@1.3.0 OK for: side-channel@1.1.0 want: ^1.3.0
241 silly placeDep ROOT object-inspect@1.13.4 OK for: side-channel@1.1.0 want: ^1.13.3
242 silly placeDep ROOT side-channel-list@1.0.0 OK for: side-channel@1.1.0 want: ^1.0.0
243 silly placeDep ROOT side-channel-map@1.0.1 OK for: side-channel@1.1.0 want: ^1.0.1
244 silly placeDep ROOT side-channel-weakmap@1.0.2 OK for: side-channel@1.1.0 want: ^1.0.2
245 silly fetch manifest call-bound@^1.0.2
246 silly fetch manifest get-intrinsic@^1.2.5
247 http fetch GET 200 https://registry.npmjs.org/call-bound 105ms (cache miss)
248 http fetch GET 200 https://registry.npmjs.org/get-intrinsic 106ms (cache miss)
249 timing idealTree:node_modules/side-channel Completed in 115ms
250 timing idealTree:node_modules/es-errors Completed in 0ms
251 timing idealTree:node_modules/object-inspect Completed in 0ms
252 timing idealTree:node_modules/side-channel-list Completed in 0ms
253 silly placeDep ROOT call-bound@1.0.4 OK for: side-channel-map@1.0.1 want: ^1.0.2
254 silly placeDep ROOT get-intrinsic@1.3.0 OK for: side-channel-map@1.0.1 want: ^1.2.5
255 silly fetch manifest call-bind-apply-helpers@^1.0.2
256 silly fetch manifest es-define-property@^1.0.1
257 silly fetch manifest es-object-atoms@^1.1.1
258 silly fetch manifest function-bind@^1.1.2
259 silly fetch manifest get-proto@^1.0.1
260 silly fetch manifest gopd@^1.2.0
261 silly fetch manifest has-symbols@^1.1.0
262 silly fetch manifest hasown@^2.0.2
263 silly fetch manifest math-intrinsics@^1.1.0
264 http fetch GET 200 https://registry.npmjs.org/get-proto 130ms (cache miss)
265 http fetch GET 200 https://registry.npmjs.org/function-bind 133ms (cache miss)
266 http fetch GET 200 https://registry.npmjs.org/es-object-atoms 137ms (cache miss)
267 http fetch GET 200 https://registry.npmjs.org/call-bind-apply-helpers 140ms (cache miss)
268 http fetch GET 200 https://registry.npmjs.org/hasown 137ms (cache miss)
269 http fetch GET 200 https://registry.npmjs.org/math-intrinsics 137ms (cache miss)
270 http fetch GET 200 https://registry.npmjs.org/has-symbols 140ms (cache miss)
271 http fetch GET 200 https://registry.npmjs.org/gopd 142ms (cache miss)
272 http fetch GET 200 https://registry.npmjs.org/es-define-property 146ms (cache miss)
273 timing idealTree:node_modules/side-channel-map Completed in 151ms
274 silly placeDep ROOT call-bind-apply-helpers@1.0.2 OK for: call-bound@1.0.4 want: ^1.0.2
275 timing idealTree:node_modules/call-bound Completed in 2ms
276 silly placeDep ROOT function-bind@1.1.2 OK for: call-bind-apply-helpers@1.0.2 want: ^1.1.2
277 timing idealTree:node_modules/call-bind-apply-helpers Completed in 1ms
278 timing idealTree:node_modules/function-bind Completed in 0ms
279 silly placeDep ROOT es-define-property@1.0.1 OK for: get-intrinsic@1.3.0 want: ^1.0.1
280 silly placeDep ROOT es-object-atoms@1.1.1 OK for: get-intrinsic@1.3.0 want: ^1.1.1
281 silly placeDep ROOT get-proto@1.0.1 OK for: get-intrinsic@1.3.0 want: ^1.0.1
282 silly placeDep ROOT gopd@1.2.0 OK for: get-intrinsic@1.3.0 want: ^1.2.0
283 silly placeDep ROOT has-symbols@1.1.0 OK for: get-intrinsic@1.3.0 want: ^1.1.0
284 silly placeDep ROOT hasown@2.0.2 OK for: get-intrinsic@1.3.0 want: ^2.0.2
285 silly placeDep ROOT math-intrinsics@1.1.0 OK for: get-intrinsic@1.3.0 want: ^1.1.0
286 silly fetch manifest dunder-proto@^1.0.1
287 http fetch GET 200 https://registry.npmjs.org/dunder-proto 96ms (cache miss)
288 timing idealTree:node_modules/get-intrinsic Completed in 106ms
289 timing idealTree:node_modules/es-define-property Completed in 0ms
290 timing idealTree:node_modules/es-object-atoms Completed in 0ms
291 silly placeDep ROOT dunder-proto@1.0.1 OK for: get-proto@1.0.1 want: ^1.0.1
292 timing idealTree:node_modules/get-proto Completed in 3ms
293 timing idealTree:node_modules/dunder-proto Completed in 0ms
294 timing idealTree:node_modules/gopd Completed in 0ms
295 timing idealTree:node_modules/has-symbols Completed in 0ms
296 timing idealTree:node_modules/hasown Completed in 0ms
297 timing idealTree:node_modules/math-intrinsics Completed in 0ms
298 timing idealTree:node_modules/side-channel-weakmap Completed in 0ms
299 timing idealTree:node_modules/statuses Completed in 0ms
300 timing idealTree:node_modules/toidentifier Completed in 0ms
301 silly placeDep ROOT media-typer@1.1.0 OK for: type-is@2.0.1 want: ^1.1.0
302 timing idealTree:node_modules/type-is Completed in 1ms
303 timing idealTree:node_modules/media-typer Completed in 0ms
304 timing idealTree:node_modules/unpipe Completed in 0ms
305 timing idealTree:node_modules/vary Completed in 0ms
306 timing idealTree:node_modules/wrappy Completed in 0ms
307 timing idealTree:node_modules/http-errors/node_modules/statuses Completed in 0ms
308 timing idealTree:buildDeps Completed in 2194ms
309 timing idealTree:fixDepFlags Completed in 2ms
310 timing idealTree Completed in 2226ms
311 timing reify:loadTrees Completed in 2228ms
312 timing reify:diffTrees Completed in 2ms
313 silly reify moves {}
314 timing reify:retireShallow Completed in 3ms
315 timing reify:createSparse Completed in 68ms
316 timing reify:loadBundles Completed in 0ms
317 silly audit bulk request {
317 silly audit   express: [ '5.1.0' ],
317 silly audit   accepts: [ '2.0.0' ],
317 silly audit   'body-parser': [ '2.2.0' ],
317 silly audit   'content-disposition': [ '1.0.0' ],
317 silly audit   'content-type': [ '1.0.5' ],
317 silly audit   cookie: [ '0.7.2' ],
317 silly audit   'cookie-signature': [ '1.2.2' ],
317 silly audit   debug: [ '4.4.1' ],
317 silly audit   encodeurl: [ '2.0.0' ],
317 silly audit   'escape-html': [ '1.0.3' ],
317 silly audit   etag: [ '1.8.1' ],
317 silly audit   finalhandler: [ '2.1.0' ],
317 silly audit   fresh: [ '2.0.0' ],
317 silly audit   'http-errors': [ '2.0.0' ],
317 silly audit   'merge-descriptors': [ '2.0.0' ],
317 silly audit   'mime-types': [ '3.0.1' ],
317 silly audit   'on-finished': [ '2.4.1' ],
317 silly audit   once: [ '1.4.0' ],
317 silly audit   parseurl: [ '1.3.3' ],
317 silly audit   'proxy-addr': [ '2.0.7' ],
317 silly audit   qs: [ '6.14.0' ],
317 silly audit   'range-parser': [ '1.2.1' ],
317 silly audit   router: [ '2.2.0' ],
317 silly audit   send: [ '1.2.0' ],
317 silly audit   'serve-static': [ '2.2.0' ],
317 silly audit   statuses: [ '2.0.2', '2.0.1' ],
317 silly audit   'type-is': [ '2.0.1' ],
317 silly audit   vary: [ '1.1.2' ],
317 silly audit   negotiator: [ '1.0.0' ],
317 silly audit   bytes: [ '3.1.2' ],
317 silly audit   'iconv-lite': [ '0.6.3' ],
317 silly audit   'raw-body': [ '3.0.0' ],
317 silly audit   'safe-buffer': [ '5.2.1' ],
317 silly audit   ms: [ '2.1.3' ],
317 silly audit   depd: [ '2.0.0' ],
317 silly audit   inherits: [ '2.0.4' ],
317 silly audit   setprototypeof: [ '1.2.0' ],
317 silly audit   toidentifier: [ '1.0.1' ],
317 silly audit   'safer-buffer': [ '2.1.2' ],
317 silly audit   'mime-db': [ '1.54.0' ],
317 silly audit   'ee-first': [ '1.1.1' ],
317 silly audit   wrappy: [ '1.0.2' ],
317 silly audit   forwarded: [ '0.2.0' ],
317 silly audit   'ipaddr.js': [ '1.9.1' ],
317 silly audit   'side-channel': [ '1.1.0' ],
317 silly audit   unpipe: [ '1.0.0' ],
317 silly audit   'is-promise': [ '4.0.0' ],
317 silly audit   'path-to-regexp': [ '8.2.0' ],
317 silly audit   'es-errors': [ '1.3.0' ],
317 silly audit   'object-inspect': [ '1.13.4' ],
317 silly audit   'side-channel-list': [ '1.0.0' ],
317 silly audit   'side-channel-map': [ '1.0.1' ],
317 silly audit   'side-channel-weakmap': [ '1.0.2' ],
317 silly audit   'call-bound': [ '1.0.4' ],
317 silly audit   'get-intrinsic': [ '1.3.0' ],
317 silly audit   'call-bind-apply-helpers': [ '1.0.2' ],
317 silly audit   'function-bind': [ '1.1.2' ],
317 silly audit   'es-define-property': [ '1.0.1' ],
317 silly audit   'es-object-atoms': [ '1.1.1' ],
317 silly audit   'get-proto': [ '1.0.1' ],
317 silly audit   gopd: [ '1.2.0' ],
317 silly audit   'has-symbols': [ '1.1.0' ],
317 silly audit   hasown: [ '2.0.2' ],
317 silly audit   'math-intrinsics': [ '1.1.0' ],
317 silly audit   'dunder-proto': [ '1.0.1' ],
317 silly audit   'media-typer': [ '1.1.0' ]
317 silly audit }
318 silly tarball no local data for media-typer@https://registry.npmjs.org/media-typer/-/media-typer-1.1.0.tgz. Extracting by manifest.
319 silly tarball no local data for dunder-proto@https://registry.npmjs.org/dunder-proto/-/dunder-proto-1.0.1.tgz. Extracting by manifest.
320 silly tarball no local data for math-intrinsics@https://registry.npmjs.org/math-intrinsics/-/math-intrinsics-1.1.0.tgz. Extracting by manifest.
321 silly tarball no local data for has-symbols@https://registry.npmjs.org/has-symbols/-/has-symbols-1.1.0.tgz. Extracting by manifest.
322 silly tarball no local data for gopd@https://registry.npmjs.org/gopd/-/gopd-1.2.0.tgz. Extracting by manifest.
323 silly tarball no local data for hasown@https://registry.npmjs.org/hasown/-/hasown-2.0.2.tgz. Extracting by manifest.
324 silly tarball no local data for es-object-atoms@https://registry.npmjs.org/es-object-atoms/-/es-object-atoms-1.1.1.tgz. Extracting by manifest.
325 silly tarball no local data for es-define-property@https://registry.npmjs.org/es-define-property/-/es-define-property-1.0.1.tgz. Extracting by manifest.
326 silly tarball no local data for get-intrinsic@https://registry.npmjs.org/get-intrinsic/-/get-intrinsic-1.3.0.tgz. Extracting by manifest.
327 silly tarball no local data for call-bound@https://registry.npmjs.org/call-bound/-/call-bound-1.0.4.tgz. Extracting by manifest.
328 silly tarball no local data for call-bind-apply-helpers@https://registry.npmjs.org/call-bind-apply-helpers/-/call-bind-apply-helpers-1.0.2.tgz. Extracting by manifest.
329 silly tarball no local data for get-proto@https://registry.npmjs.org/get-proto/-/get-proto-1.0.1.tgz. Extracting by manifest.
330 silly tarball no local data for side-channel-map@https://registry.npmjs.org/side-channel-map/-/side-channel-map-1.0.1.tgz. Extracting by manifest.
331 silly tarball no local data for side-channel-weakmap@https://registry.npmjs.org/side-channel-weakmap/-/side-channel-weakmap-1.0.2.tgz. Extracting by manifest.
332 silly tarball no local data for side-channel-list@https://registry.npmjs.org/side-channel-list/-/side-channel-list-1.0.0.tgz. Extracting by manifest.
333 silly tarball no local data for object-inspect@https://registry.npmjs.org/object-inspect/-/object-inspect-1.13.4.tgz. Extracting by manifest.
334 silly tarball no local data for es-errors@https://registry.npmjs.org/es-errors/-/es-errors-1.3.0.tgz. Extracting by manifest.
335 silly tarball no local data for is-promise@https://registry.npmjs.org/is-promise/-/is-promise-4.0.0.tgz. Extracting by manifest.
336 silly tarball no local data for path-to-regexp@https://registry.npmjs.org/path-to-regexp/-/path-to-regexp-8.2.0.tgz. Extracting by manifest.
337 silly tarball no local data for unpipe@https://registry.npmjs.org/unpipe/-/unpipe-1.0.0.tgz. Extracting by manifest.
338 silly tarball no local data for side-channel@https://registry.npmjs.org/side-channel/-/side-channel-1.1.0.tgz. Extracting by manifest.
339 silly tarball no local data for ipaddr.js@https://registry.npmjs.org/ipaddr.js/-/ipaddr.js-1.9.1.tgz. Extracting by manifest.
340 silly tarball no local data for forwarded@https://registry.npmjs.org/forwarded/-/forwarded-0.2.0.tgz. Extracting by manifest.
341 silly tarball no local data for wrappy@https://registry.npmjs.org/wrappy/-/wrappy-1.0.2.tgz. Extracting by manifest.
342 silly tarball no local data for ee-first@https://registry.npmjs.org/ee-first/-/ee-first-1.1.1.tgz. Extracting by manifest.
343 silly tarball no local data for mime-db@https://registry.npmjs.org/mime-db/-/mime-db-1.54.0.tgz. Extracting by manifest.
344 silly tarball no local data for toidentifier@https://registry.npmjs.org/toidentifier/-/toidentifier-1.0.1.tgz. Extracting by manifest.
345 silly tarball no local data for safer-buffer@https://registry.npmjs.org/safer-buffer/-/safer-buffer-2.1.2.tgz. Extracting by manifest.
346 silly tarball no local data for setprototypeof@https://registry.npmjs.org/setprototypeof/-/setprototypeof-1.2.0.tgz. Extracting by manifest.
347 silly tarball no local data for inherits@https://registry.npmjs.org/inherits/-/inherits-2.0.4.tgz. Extracting by manifest.
348 silly tarball no local data for depd@https://registry.npmjs.org/depd/-/depd-2.0.0.tgz. Extracting by manifest.
349 silly tarball no local data for ms@https://registry.npmjs.org/ms/-/ms-2.1.3.tgz. Extracting by manifest.
350 silly tarball no local data for safe-buffer@https://registry.npmjs.org/safe-buffer/-/safe-buffer-5.2.1.tgz. Extracting by manifest.
351 silly tarball no local data for raw-body@https://registry.npmjs.org/raw-body/-/raw-body-3.0.0.tgz. Extracting by manifest.
352 silly tarball no local data for bytes@https://registry.npmjs.org/bytes/-/bytes-3.1.2.tgz. Extracting by manifest.
353 silly tarball no local data for vary@https://registry.npmjs.org/vary/-/vary-1.1.2.tgz. Extracting by manifest.
354 silly tarball no local data for negotiator@https://registry.npmjs.org/negotiator/-/negotiator-1.0.0.tgz. Extracting by manifest.
355 silly tarball no local data for iconv-lite@https://registry.npmjs.org/iconv-lite/-/iconv-lite-0.6.3.tgz. Extracting by manifest.
356 silly tarball no local data for type-is@https://registry.npmjs.org/type-is/-/type-is-2.0.1.tgz. Extracting by manifest.
357 silly tarball no local data for statuses@https://registry.npmjs.org/statuses/-/statuses-2.0.2.tgz. Extracting by manifest.
358 silly tarball no local data for serve-static@https://registry.npmjs.org/serve-static/-/serve-static-2.2.0.tgz. Extracting by manifest.
359 silly tarball no local data for send@https://registry.npmjs.org/send/-/send-1.2.0.tgz. Extracting by manifest.
360 silly tarball no local data for router@https://registry.npmjs.org/router/-/router-2.2.0.tgz. Extracting by manifest.
361 silly tarball no local data for range-parser@https://registry.npmjs.org/range-parser/-/range-parser-1.2.1.tgz. Extracting by manifest.
362 silly tarball no local data for qs@https://registry.npmjs.org/qs/-/qs-6.14.0.tgz. Extracting by manifest.
363 silly tarball no local data for function-bind@https://registry.npmjs.org/function-bind/-/function-bind-1.1.2.tgz. Extracting by manifest.
364 silly tarball no local data for proxy-addr@https://registry.npmjs.org/proxy-addr/-/proxy-addr-2.0.7.tgz. Extracting by manifest.
365 silly tarball no local data for parseurl@https://registry.npmjs.org/parseurl/-/parseurl-1.3.3.tgz. Extracting by manifest.
366 silly tarball no local data for once@https://registry.npmjs.org/once/-/once-1.4.0.tgz. Extracting by manifest.
367 silly tarball no local data for on-finished@https://registry.npmjs.org/on-finished/-/on-finished-2.4.1.tgz. Extracting by manifest.
368 silly tarball no local data for merge-descriptors@https://registry.npmjs.org/merge-descriptors/-/merge-descriptors-2.0.0.tgz. Extracting by manifest.
369 silly tarball no local data for http-errors@https://registry.npmjs.org/http-errors/-/http-errors-2.0.0.tgz. Extracting by manifest.
370 silly tarball no local data for mime-types@https://registry.npmjs.org/mime-types/-/mime-types-3.0.1.tgz. Extracting by manifest.
371 silly tarball no local data for finalhandler@https://registry.npmjs.org/finalhandler/-/finalhandler-2.1.0.tgz. Extracting by manifest.
372 silly tarball no local data for fresh@https://registry.npmjs.org/fresh/-/fresh-2.0.0.tgz. Extracting by manifest.
373 silly tarball no local data for etag@https://registry.npmjs.org/etag/-/etag-1.8.1.tgz. Extracting by manifest.
374 silly tarball no local data for escape-html@https://registry.npmjs.org/escape-html/-/escape-html-1.0.3.tgz. Extracting by manifest.
375 silly tarball no local data for debug@https://registry.npmjs.org/debug/-/debug-4.4.1.tgz. Extracting by manifest.
376 silly tarball no local data for encodeurl@https://registry.npmjs.org/encodeurl/-/encodeurl-2.0.0.tgz. Extracting by manifest.
377 silly tarball no local data for cookie@https://registry.npmjs.org/cookie/-/cookie-0.7.2.tgz. Extracting by manifest.
378 silly tarball no local data for content-type@https://registry.npmjs.org/content-type/-/content-type-1.0.5.tgz. Extracting by manifest.
379 silly tarball no local data for cookie-signature@https://registry.npmjs.org/cookie-signature/-/cookie-signature-1.2.2.tgz. Extracting by manifest.
380 silly tarball no local data for content-disposition@https://registry.npmjs.org/content-disposition/-/content-disposition-1.0.0.tgz. Extracting by manifest.
381 silly tarball no local data for body-parser@https://registry.npmjs.org/body-parser/-/body-parser-2.2.0.tgz. Extracting by manifest.
382 silly tarball no local data for accepts@https://registry.npmjs.org/accepts/-/accepts-2.0.0.tgz. Extracting by manifest.
383 silly tarball no local data for express@https://registry.npmjs.org/express/-/express-5.1.0.tgz. Extracting by manifest.
384 silly tarball no local data for statuses@https://registry.npmjs.org/statuses/-/statuses-2.0.1.tgz. Extracting by manifest.
385 http fetch POST 200 https://registry.npmjs.org/-/npm/v1/security/advisories/bulk 205ms
386 timing auditReport:getReport Completed in 209ms
387 silly audit report {}
388 timing auditReport:init Completed in 0ms
389 timing reify:audit Completed in 211ms
390 http fetch GET 200 https://registry.npmjs.org/media-typer/-/media-typer-1.1.0.tgz 377ms (cache miss)
391 timing reifyNode:node_modules/media-typer Completed in 437ms
392 http fetch GET 200 https://registry.npmjs.org/dunder-proto/-/dunder-proto-1.0.1.tgz 422ms (cache miss)
393 http fetch GET 200 https://registry.npmjs.org/gopd/-/gopd-1.2.0.tgz 420ms (cache miss)
394 timing reifyNode:node_modules/gopd Completed in 536ms
395 http fetch GET 200 https://registry.npmjs.org/side-channel-list/-/side-channel-list-1.0.0.tgz 466ms (cache miss)
396 http fetch GET 200 https://registry.npmjs.org/es-define-property/-/es-define-property-1.0.1.tgz 496ms (cache miss)
397 http fetch GET 200 https://registry.npmjs.org/side-channel-weakmap/-/side-channel-weakmap-1.0.2.tgz 512ms (cache miss)
398 timing reifyNode:node_modules/dunder-proto Completed in 609ms
399 http fetch GET 200 https://registry.npmjs.org/hasown/-/hasown-2.0.2.tgz 549ms (cache miss)
400 http fetch GET 200 https://registry.npmjs.org/es-object-atoms/-/es-object-atoms-1.1.1.tgz 561ms (cache miss)
401 timing reifyNode:node_modules/es-define-property Completed in 626ms
402 timing reifyNode:node_modules/hasown Completed in 628ms
403 http fetch GET 200 https://registry.npmjs.org/path-to-regexp/-/path-to-regexp-8.2.0.tgz 554ms (cache miss)
404 http fetch GET 200 https://registry.npmjs.org/is-promise/-/is-promise-4.0.0.tgz 554ms (cache miss)
405 timing reifyNode:node_modules/is-promise Completed in 629ms
406 timing reifyNode:node_modules/side-channel-weakmap Completed in 646ms
407 http fetch GET 200 https://registry.npmjs.org/get-proto/-/get-proto-1.0.1.tgz 580ms (cache miss)
408 http fetch GET 200 https://registry.npmjs.org/side-channel-map/-/side-channel-map-1.0.1.tgz 580ms (cache miss)
409 timing reifyNode:node_modules/side-channel-map Completed in 650ms
410 timing reifyNode:node_modules/side-channel-list Completed in 663ms
411 timing reifyNode:node_modules/es-object-atoms Completed in 689ms
412 http fetch GET 200 https://registry.npmjs.org/ipaddr.js/-/ipaddr.js-1.9.1.tgz 615ms (cache miss)
413 http fetch GET 200 https://registry.npmjs.org/inherits/-/inherits-2.0.4.tgz 608ms (cache miss)
414 timing reifyNode:node_modules/inherits Completed in 691ms
415 http fetch GET 200 https://registry.npmjs.org/toidentifier/-/toidentifier-1.0.1.tgz 612ms (cache miss)
416 timing reifyNode:node_modules/toidentifier Completed in 692ms
417 timing reifyNode:node_modules/path-to-regexp Completed in 707ms
418 timing reifyNode:node_modules/ipaddr.js Completed in 707ms
419 timing reifyNode:node_modules/get-proto Completed in 708ms
420 http fetch GET 200 https://registry.npmjs.org/ee-first/-/ee-first-1.1.1.tgz 630ms (cache miss)
421 timing reifyNode:node_modules/ee-first Completed in 709ms
422 http fetch GET 200 https://registry.npmjs.org/unpipe/-/unpipe-1.0.0.tgz 647ms (cache miss)
423 timing reifyNode:node_modules/unpipe Completed in 723ms
424 http fetch GET 200 https://registry.npmjs.org/safe-buffer/-/safe-buffer-5.2.1.tgz 637ms (cache miss)
425 timing reifyNode:node_modules/safe-buffer Completed in 723ms
426 http fetch GET 200 https://registry.npmjs.org/call-bound/-/call-bound-1.0.4.tgz 668ms (cache miss)
427 timing reifyNode:node_modules/call-bound Completed in 736ms
428 http fetch GET 200 https://registry.npmjs.org/setprototypeof/-/setprototypeof-1.2.0.tgz 656ms (cache miss)
429 timing reifyNode:node_modules/setprototypeof Completed in 739ms
430 http fetch GET 200 https://registry.npmjs.org/wrappy/-/wrappy-1.0.2.tgz 662ms (cache miss)
431 timing reifyNode:node_modules/wrappy Completed in 740ms
432 http fetch GET 200 https://registry.npmjs.org/forwarded/-/forwarded-0.2.0.tgz 672ms (cache miss)
433 timing reifyNode:node_modules/forwarded Completed in 751ms
434 http fetch GET 200 https://registry.npmjs.org/bytes/-/bytes-3.1.2.tgz 663ms (cache miss)
435 timing reifyNode:node_modules/bytes Completed in 750ms
436 http fetch GET 200 https://registry.npmjs.org/raw-body/-/raw-body-3.0.0.tgz 665ms (cache miss)
437 timing reifyNode:node_modules/raw-body Completed in 752ms
438 http fetch GET 200 https://registry.npmjs.org/ms/-/ms-2.1.3.tgz 676ms (cache miss)
439 timing reifyNode:node_modules/ms Completed in 761ms
440 http fetch GET 200 https://registry.npmjs.org/call-bind-apply-helpers/-/call-bind-apply-helpers-1.0.2.tgz 713ms (cache miss)
441 http fetch GET 200 https://registry.npmjs.org/depd/-/depd-2.0.0.tgz 698ms (cache miss)
442 timing reifyNode:node_modules/depd Completed in 782ms
443 http fetch GET 200 https://registry.npmjs.org/vary/-/vary-1.1.2.tgz 722ms (cache miss)
444 timing reifyNode:node_modules/vary Completed in 810ms
445 http fetch GET 200 https://registry.npmjs.org/es-errors/-/es-errors-1.3.0.tgz 757ms (cache miss)
446 http fetch GET 200 https://registry.npmjs.org/serve-static/-/serve-static-2.2.0.tgz 737ms (cache miss)
447 timing reifyNode:node_modules/serve-static Completed in 832ms
448 timing reifyNode:node_modules/call-bind-apply-helpers Completed in 844ms
449 http fetch GET 200 https://registry.npmjs.org/has-symbols/-/has-symbols-1.1.0.tgz 797ms (cache miss)
450 timing reifyNode:node_modules/has-symbols Completed in 859ms
451 http fetch GET 200 https://registry.npmjs.org/side-channel/-/side-channel-1.1.0.tgz 783ms (cache miss)
452 timing reifyNode:node_modules/side-channel Completed in 859ms
453 http fetch GET 200 https://registry.npmjs.org/statuses/-/statuses-2.0.2.tgz 767ms (cache miss)
454 timing reifyNode:node_modules/statuses Completed in 860ms
455 http fetch GET 200 https://registry.npmjs.org/type-is/-/type-is-2.0.1.tgz 768ms (cache miss)
456 timing reifyNode:node_modules/type-is Completed in 860ms
457 http fetch GET 200 https://registry.npmjs.org/range-parser/-/range-parser-1.2.1.tgz 757ms (cache miss)
458 timing reifyNode:node_modules/range-parser Completed in 861ms
459 timing reifyNode:node_modules/es-errors Completed in 877ms
460 http fetch GET 200 https://registry.npmjs.org/safer-buffer/-/safer-buffer-2.1.2.tgz 797ms (cache miss)
461 timing reifyNode:node_modules/safer-buffer Completed in 879ms
462 http fetch GET 200 https://registry.npmjs.org/get-intrinsic/-/get-intrinsic-1.3.0.tgz 828ms (cache miss)
463 timing reifyNode:node_modules/get-intrinsic Completed in 894ms
464 http fetch GET 200 https://registry.npmjs.org/send/-/send-1.2.0.tgz 799ms (cache miss)
465 timing reifyNode:node_modules/send Completed in 895ms
466 http fetch GET 200 https://registry.npmjs.org/once/-/once-1.4.0.tgz 787ms (cache miss)
467 timing reifyNode:node_modules/once Completed in 897ms
468 http fetch GET 200 https://registry.npmjs.org/on-finished/-/on-finished-2.4.1.tgz 788ms (cache miss)
469 timing reifyNode:node_modules/on-finished Completed in 898ms
470 http fetch GET 200 https://registry.npmjs.org/proxy-addr/-/proxy-addr-2.0.7.tgz 804ms (cache miss)
471 timing reifyNode:node_modules/proxy-addr Completed in 912ms
472 http fetch GET 200 https://registry.npmjs.org/parseurl/-/parseurl-1.3.3.tgz 821ms (cache miss)
473 timing reifyNode:node_modules/parseurl Completed in 929ms
474 http fetch GET 200 https://registry.npmjs.org/function-bind/-/function-bind-1.1.2.tgz 829ms (cache miss)
475 http fetch GET 200 https://registry.npmjs.org/merge-descriptors/-/merge-descriptors-2.0.0.tgz 825ms (cache miss)
476 timing reifyNode:node_modules/merge-descriptors Completed in 935ms
477 http fetch GET 200 https://registry.npmjs.org/router/-/router-2.2.0.tgz 840ms (cache miss)
478 timing reifyNode:node_modules/router Completed in 949ms
479 timing reifyNode:node_modules/function-bind Completed in 951ms
480 http fetch GET 200 https://registry.npmjs.org/finalhandler/-/finalhandler-2.1.0.tgz 845ms (cache miss)
481 timing reifyNode:node_modules/finalhandler Completed in 958ms
482 http fetch GET 200 https://registry.npmjs.org/http-errors/-/http-errors-2.0.0.tgz 853ms (cache miss)
483 timing reifyNode:node_modules/http-errors Completed in 964ms
484 http fetch GET 200 https://registry.npmjs.org/negotiator/-/negotiator-1.0.0.tgz 880ms (cache miss)
485 timing reifyNode:node_modules/negotiator Completed in 969ms
486 http fetch GET 200 https://registry.npmjs.org/etag/-/etag-1.8.1.tgz 855ms (cache miss)
487 timing reifyNode:node_modules/etag Completed in 969ms
488 http fetch GET 200 https://registry.npmjs.org/cookie-signature/-/cookie-signature-1.2.2.tgz 851ms (cache miss)
489 timing reifyNode:node_modules/cookie-signature Completed in 971ms
490 http fetch GET 200 https://registry.npmjs.org/math-intrinsics/-/math-intrinsics-1.1.0.tgz 913ms (cache miss)
491 http fetch GET 200 https://registry.npmjs.org/escape-html/-/escape-html-1.0.3.tgz 860ms (cache miss)
492 timing reifyNode:node_modules/escape-html Completed in 975ms
493 http fetch GET 200 https://registry.npmjs.org/content-type/-/content-type-1.0.5.tgz 856ms (cache miss)
494 timing reifyNode:node_modules/content-type Completed in 975ms
495 http fetch GET 200 https://registry.npmjs.org/mime-types/-/mime-types-3.0.1.tgz 866ms (cache miss)
496 timing reifyNode:node_modules/mime-types Completed in 979ms
497 http fetch GET 200 https://registry.npmjs.org/fresh/-/fresh-2.0.0.tgz 866ms (cache miss)
498 timing reifyNode:node_modules/fresh Completed in 979ms
499 http fetch GET 200 https://registry.npmjs.org/encodeurl/-/encodeurl-2.0.0.tgz 863ms (cache miss)
500 timing reifyNode:node_modules/encodeurl Completed in 980ms
501 http fetch GET 200 https://registry.npmjs.org/cookie/-/cookie-0.7.2.tgz 865ms (cache miss)
502 timing reifyNode:node_modules/cookie Completed in 983ms
503 timing reifyNode:node_modules/math-intrinsics Completed in 987ms
504 http fetch GET 200 https://registry.npmjs.org/statuses/-/statuses-2.0.1.tgz 852ms (cache miss)
505 timing reifyNode:node_modules/http-errors/node_modules/statuses Completed in 985ms
506 http fetch GET 200 https://registry.npmjs.org/accepts/-/accepts-2.0.0.tgz 863ms (cache miss)
507 timing reifyNode:node_modules/accepts Completed in 985ms
508 http fetch GET 200 https://registry.npmjs.org/content-disposition/-/content-disposition-1.0.0.tgz 867ms (cache miss)
509 timing reifyNode:node_modules/content-disposition Completed in 988ms
510 http fetch GET 200 https://registry.npmjs.org/debug/-/debug-4.4.1.tgz 872ms (cache miss)
511 timing reifyNode:node_modules/debug Completed in 988ms
512 http fetch GET 200 https://registry.npmjs.org/mime-db/-/mime-db-1.54.0.tgz 911ms (cache miss)
513 timing reifyNode:node_modules/mime-db Completed in 991ms
514 http fetch GET 200 https://registry.npmjs.org/body-parser/-/body-parser-2.2.0.tgz 875ms (cache miss)
515 timing reifyNode:node_modules/body-parser Completed in 1000ms
516 http fetch GET 200 https://registry.npmjs.org/object-inspect/-/object-inspect-1.13.4.tgz 949ms (cache miss)
517 timing reifyNode:node_modules/object-inspect Completed in 1021ms
518 http fetch GET 200 https://registry.npmjs.org/qs/-/qs-6.14.0.tgz 918ms (cache miss)
519 timing reifyNode:node_modules/qs Completed in 1024ms
520 http fetch GET 200 https://registry.npmjs.org/express/-/express-5.1.0.tgz 902ms (cache miss)
521 timing reifyNode:node_modules/express Completed in 1024ms
522 http fetch GET 200 https://registry.npmjs.org/iconv-lite/-/iconv-lite-0.6.3.tgz 956ms (cache miss)
523 timing reifyNode:node_modules/iconv-lite Completed in 1047ms
524 timing reify:unpack Completed in 1050ms
525 timing reify:unretire Completed in 0ms
526 timing build:queue Completed in 6ms
527 timing build:deps Completed in 6ms
528 timing build Completed in 6ms
529 timing reify:build Completed in 6ms
530 timing reify:trash Completed in 1ms
531 timing reify:save Completed in 24ms
532 timing reify Completed in 3468ms
533 silly ADD node_modules/media-typer
534 silly ADD node_modules/dunder-proto
535 silly ADD node_modules/math-intrinsics
536 silly ADD node_modules/hasown
537 silly ADD node_modules/has-symbols
538 silly ADD node_modules/gopd
539 silly ADD node_modules/get-proto
540 silly ADD node_modules/es-object-atoms
541 silly ADD node_modules/es-define-property
542 silly ADD node_modules/function-bind
543 silly ADD node_modules/call-bind-apply-helpers
544 silly ADD node_modules/get-intrinsic
545 silly ADD node_modules/call-bound
546 silly ADD node_modules/side-channel-weakmap
547 silly ADD node_modules/side-channel-map
548 silly ADD node_modules/side-channel-list
549 silly ADD node_modules/object-inspect
550 silly ADD node_modules/es-errors
551 silly ADD node_modules/path-to-regexp
552 silly ADD node_modules/is-promise
553 silly ADD node_modules/unpipe
554 silly ADD node_modules/side-channel
555 silly ADD node_modules/ipaddr.js
556 silly ADD node_modules/forwarded
557 silly ADD node_modules/wrappy
558 silly ADD node_modules/ee-first
559 silly ADD node_modules/mime-db
560 silly ADD node_modules/safer-buffer
561 silly ADD node_modules/toidentifier
562 silly ADD node_modules/setprototypeof
563 silly ADD node_modules/inherits
564 silly ADD node_modules/depd
565 silly ADD node_modules/ms
566 silly ADD node_modules/safe-buffer
567 silly ADD node_modules/raw-body
568 silly ADD node_modules/iconv-lite
569 silly ADD node_modules/bytes
570 silly ADD node_modules/negotiator
571 silly ADD node_modules/vary
572 silly ADD node_modules/type-is
573 silly ADD node_modules/statuses
574 silly ADD node_modules/serve-static
575 silly ADD node_modules/send
576 silly ADD node_modules/router
577 silly ADD node_modules/range-parser
578 silly ADD node_modules/qs
579 silly ADD node_modules/proxy-addr
580 silly ADD node_modules/parseurl
581 silly ADD node_modules/once
582 silly ADD node_modules/on-finished
583 silly ADD node_modules/mime-types
584 silly ADD node_modules/merge-descriptors
585 silly ADD node_modules/http-errors
586 silly ADD node_modules/http-errors/node_modules/statuses
587 silly ADD node_modules/fresh
588 silly ADD node_modules/finalhandler
589 silly ADD node_modules/etag
590 silly ADD node_modules/escape-html
591 silly ADD node_modules/encodeurl
592 silly ADD node_modules/debug
593 silly ADD node_modules/cookie-signature
594 silly ADD node_modules/cookie
595 silly ADD node_modules/content-type
596 silly ADD node_modules/content-disposition
597 silly ADD node_modules/body-parser
598 silly ADD node_modules/accepts
599 silly ADD node_modules/express
600 timing command:install Completed in 3477ms
601 notice
601 notice New [31mmajor[39m version of npm available! [31m9.6.4[39m -> [32m11.5.2[39m
601 notice Changelog: [36mhttps://github.com/npm/cli/releases/tag/v11.5.2[39m
601 notice Run [32mnpm install -g npm@11.5.2[39m to update!
601 notice
602 verbose exit 0
603 timing npm Completed in 3530ms
604 info ok
