2023-05-23 11:13:54.158 [info] Extension host with pid 114 started
2023-05-23 11:13:54.311 [error] Error: EEXIST: file already exists, open '/home/frank/.vscode-server/data/User/workspaceStorage/be6e1357e714c6da599a509ef2a6d95c/vscode.lock'
2023-05-23 11:13:54.353 [info] Lock '/home/frank/.vscode-server/data/User/workspaceStorage/be6e1357e714c6da599a509ef2a6d95c/vscode.lock': Could not acquire lock, checking if the file is stale.
2023-05-23 11:13:54.360 [info] Lock '/home/frank/.vscode-server/data/User/workspaceStorage/be6e1357e714c6da599a509ef2a6d95c/vscode.lock': The pid 561 appears to be gone.
2023-05-23 11:13:54.361 [info] Lock '/home/frank/.vscode-server/data/User/workspaceStorage/be6e1357e714c6da599a509ef2a6d95c/vscode.lock': Deleting a stale lock.
2023-05-23 11:13:54.604 [info] ExtensionService#_doActivateExtension vscode.emmet, startup: false, activationEvent: 'onLanguage'
2023-05-23 11:13:54.615 [info] ExtensionService#_doActivateExtension vscode.html-language-features, startup: false, activationEvent: 'onLanguage:html'
2023-05-23 11:13:54.995 [info] Lock '/home/frank/.vscode-server/data/User/workspaceStorage/be6e1357e714c6da599a509ef2a6d95c/vscode.lock': Lock acquired.
2023-05-23 11:13:55.647 [info] ExtensionService#_doActivateExtension vscode.git-base, startup: true, activationEvent: '*', root cause: vscode.git
2023-05-23 11:13:55.648 [info] ExtensionService#_doActivateExtension yandeu.five-server, startup: true, activationEvent: '*'
2023-05-23 11:13:55.736 [info] ExtensionService#_doActivateExtension vscode.git, startup: true, activationEvent: '*'
2023-05-23 11:13:55.737 [info] ExtensionService#_doActivateExtension vscode.github, startup: true, activationEvent: '*'
2023-05-23 11:13:56.353 [info] Eager extensions activated
2023-05-23 11:13:56.354 [info] ExtensionService#_doActivateExtension vscode.debug-auto-launch, startup: false, activationEvent: 'onStartupFinished'
2023-05-23 11:13:56.356 [info] ExtensionService#_doActivateExtension vscode.merge-conflict, startup: false, activationEvent: 'onStartupFinished'
2023-05-23 11:13:56.356 [info] ExtensionService#_doActivateExtension ritwickdey.LiveServer, startup: false, activationEvent: 'onStartupFinished'
2023-05-23 11:13:58.462 [warning] [Decorations] CAPPING events from decorations provider vscode.git 7895
2023-05-23 11:14:01.397 [warning] [Decorations] CAPPING events from decorations provider vscode.git 7897
2023-05-23 14:53:44.506 [warning] [Decorations] CAPPING events from decorations provider vscode.git 9675
2023-05-23 14:53:51.992 [info] Extension host terminating: received terminate message from renderer
2023-05-23 14:53:51.995 [info] Lock '/home/frank/.vscode-server/data/User/workspaceStorage/be6e1357e714c6da599a509ef2a6d95c/vscode.lock': Marking the lockfile as scheduled to be released in 6000 ms.
2023-05-23 14:53:52.124 [error] Canceled: Canceled
	at new l (/home/frank/.vscode-server/bin/252e5463d60e63238250799aef7375787f68b4ee/out/vs/workbench/api/node/extensionHostProcess.js:99:104563)
	at a.O (/home/frank/.vscode-server/bin/252e5463d60e63238250799aef7375787f68b4ee/out/vs/workbench/api/node/extensionHostProcess.js:111:11657)
	at Proxy.H.<computed>.x.charCodeAt.H.<computed> (/home/frank/.vscode-server/bin/252e5463d60e63238250799aef7375787f68b4ee/out/vs/workbench/api/node/extensionHostProcess.js:111:8947)
	at e.ExtHostCommands.g (/home/frank/.vscode-server/bin/252e5463d60e63238250799aef7375787f68b4ee/out/vs/workbench/api/node/extensionHostProcess.js:99:124729)
	at e.ExtHostCommands.executeCommand (/home/frank/.vscode-server/bin/252e5463d60e63238250799aef7375787f68b4ee/out/vs/workbench/api/node/extensionHostProcess.js:99:124105)
	at C.registerCommand.description (/home/frank/.vscode-server/bin/252e5463d60e63238250799aef7375787f68b4ee/out/vs/workbench/api/node/extensionHostProcess.js:99:123398)
	at e.ExtHostCommands.h (/home/frank/.vscode-server/bin/252e5463d60e63238250799aef7375787f68b4ee/out/vs/workbench/api/node/extensionHostProcess.js:99:125315)
	at e.ExtHostCommands.g (/home/frank/.vscode-server/bin/252e5463d60e63238250799aef7375787f68b4ee/out/vs/workbench/api/node/extensionHostProcess.js:99:124205)
	at e.ExtHostCommands.executeCommand (/home/frank/.vscode-server/bin/252e5463d60e63238250799aef7375787f68b4ee/out/vs/workbench/api/node/extensionHostProcess.js:99:124105)
	at Object.executeCommand (/home/frank/.vscode-server/bin/252e5463d60e63238250799aef7375787f68b4ee/out/vs/workbench/api/node/extensionHostProcess.js:117:24043)
	at D (/home/frank/.vscode-server/bin/252e5463d60e63238250799aef7375787f68b4ee/extensions/git/dist/main.js:2:1259661)
	at v.invoke (/home/frank/.vscode-server/bin/252e5463d60e63238250799aef7375787f68b4ee/out/vs/workbench/api/node/extensionHostProcess.js:63:145)
	at h.deliver (/home/frank/.vscode-server/bin/252e5463d60e63238250799aef7375787f68b4ee/out/vs/workbench/api/node/extensionHostProcess.js:63:2121)
	at i.fire (/home/frank/.vscode-server/bin/252e5463d60e63238250799aef7375787f68b4ee/out/vs/workbench/api/node/extensionHostProcess.js:63:1729)
	at Object.m [as dispose] (/home/frank/.vscode-server/bin/252e5463d60e63238250799aef7375787f68b4ee/extensions/git/dist/main.js:2:1274494)
	at /home/frank/.vscode-server/bin/252e5463d60e63238250799aef7375787f68b4ee/extensions/git/dist/main.js:2:1278940
	at Array.forEach (<anonymous>)
	at g.dispose (/home/frank/.vscode-server/bin/252e5463d60e63238250799aef7375787f68b4ee/extensions/git/dist/main.js:2:1278926)
	at t.<anonymous> (/home/frank/.vscode-server/bin/252e5463d60e63238250799aef7375787f68b4ee/out/vs/workbench/api/node/extensionHostProcess.js:97:12369)
	at t.dispose (/home/frank/.vscode-server/bin/252e5463d60e63238250799aef7375787f68b4ee/out/vs/workbench/api/node/extensionHostProcess.js:97:12504)
	at t.<anonymous> (/home/frank/.vscode-server/bin/252e5463d60e63238250799aef7375787f68b4ee/extensions/git/dist/main.js:2:1261791)
	at t.dispose (/home/frank/.vscode-server/bin/252e5463d60e63238250799aef7375787f68b4ee/out/vs/workbench/api/node/extensionHostProcess.js:97:12504)
	at P (/home/frank/.vscode-server/bin/252e5463d60e63238250799aef7375787f68b4ee/out/vs/workbench/api/node/extensionHostProcess.js:10:12080)
	at v.Y (/home/frank/.vscode-server/bin/252e5463d60e63238250799aef7375787f68b4ee/out/vs/workbench/api/node/extensionHostProcess.js:113:11173)
	at /home/frank/.vscode-server/bin/252e5463d60e63238250799aef7375787f68b4ee/out/vs/workbench/api/node/extensionHostProcess.js:113:9157
	at Array.map (<anonymous>)
	at v.R (/home/frank/.vscode-server/bin/252e5463d60e63238250799aef7375787f68b4ee/out/vs/workbench/api/node/extensionHostProcess.js:113:9144)
	at v.terminate (/home/frank/.vscode-server/bin/252e5463d60e63238250799aef7375787f68b4ee/out/vs/workbench/api/node/extensionHostProcess.js:113:9415)
	at d.terminate (/home/frank/.vscode-server/bin/252e5463d60e63238250799aef7375787f68b4ee/out/vs/workbench/api/node/extensionHostProcess.js:117:1544)
	at g (/home/frank/.vscode-server/bin/252e5463d60e63238250799aef7375787f68b4ee/out/vs/workbench/api/node/extensionHostProcess.js:127:34439)
	at /home/frank/.vscode-server/bin/252e5463d60e63238250799aef7375787f68b4ee/out/vs/workbench/api/node/extensionHostProcess.js:127:32349
	at v.invoke (/home/frank/.vscode-server/bin/252e5463d60e63238250799aef7375787f68b4ee/out/vs/workbench/api/node/extensionHostProcess.js:63:145)
	at h.deliver (/home/frank/.vscode-server/bin/252e5463d60e63238250799aef7375787f68b4ee/out/vs/workbench/api/node/extensionHostProcess.js:63:2121)
	at i.fire (/home/frank/.vscode-server/bin/252e5463d60e63238250799aef7375787f68b4ee/out/vs/workbench/api/node/extensionHostProcess.js:63:1729)
	at g.fire (/home/frank/.vscode-server/bin/252e5463d60e63238250799aef7375787f68b4ee/out/vs/workbench/api/node/extensionHostProcess.js:72:14852)
	at u.E (/home/frank/.vscode-server/bin/252e5463d60e63238250799aef7375787f68b4ee/out/vs/workbench/api/node/extensionHostProcess.js:72:18899)
	at /home/frank/.vscode-server/bin/252e5463d60e63238250799aef7375787f68b4ee/out/vs/workbench/api/node/extensionHostProcess.js:72:18078
	at v.invoke (/home/frank/.vscode-server/bin/252e5463d60e63238250799aef7375787f68b4ee/out/vs/workbench/api/node/extensionHostProcess.js:63:145)
	at h.deliver (/home/frank/.vscode-server/bin/252e5463d60e63238250799aef7375787f68b4ee/out/vs/workbench/api/node/extensionHostProcess.js:63:2121)
	at i.fire (/home/frank/.vscode-server/bin/252e5463d60e63238250799aef7375787f68b4ee/out/vs/workbench/api/node/extensionHostProcess.js:63:1729)
	at d.acceptChunk (/home/frank/.vscode-server/bin/252e5463d60e63238250799aef7375787f68b4ee/out/vs/workbench/api/node/extensionHostProcess.js:72:12583)
	at /home/frank/.vscode-server/bin/252e5463d60e63238250799aef7375787f68b4ee/out/vs/workbench/api/node/extensionHostProcess.js:72:11870
	at v.invoke (/home/frank/.vscode-server/bin/252e5463d60e63238250799aef7375787f68b4ee/out/vs/workbench/api/node/extensionHostProcess.js:63:145)
	at h.deliver (/home/frank/.vscode-server/bin/252e5463d60e63238250799aef7375787f68b4ee/out/vs/workbench/api/node/extensionHostProcess.js:63:2121)
	at i.fire (/home/frank/.vscode-server/bin/252e5463d60e63238250799aef7375787f68b4ee/out/vs/workbench/api/node/extensionHostProcess.js:63:1729)
	at y.u (/home/frank/.vscode-server/bin/252e5463d60e63238250799aef7375787f68b4ee/out/vs/workbench/api/node/extensionHostProcess.js:127:20039)
	at y.acceptFrame (/home/frank/.vscode-server/bin/252e5463d60e63238250799aef7375787f68b4ee/out/vs/workbench/api/node/extensionHostProcess.js:127:19845)
	at h.l (/home/frank/.vscode-server/bin/252e5463d60e63238250799aef7375787f68b4ee/out/vs/workbench/api/node/extensionHostProcess.js:127:18438)
	at /home/frank/.vscode-server/bin/252e5463d60e63238250799aef7375787f68b4ee/out/vs/workbench/api/node/extensionHostProcess.js:127:15775
	at Socket.n (/home/frank/.vscode-server/bin/252e5463d60e63238250799aef7375787f68b4ee/out/vs/workbench/api/node/extensionHostProcess.js:127:13609)
	at Socket.emit (node:events:513:28)
	at addChunk (node:internal/streams/readable:315:12)
	at readableAddChunk (node:internal/streams/readable:289:9)
	at Socket.Readable.push (node:internal/streams/readable:228:10)
	at TCP.onStreamRead (node:internal/stream_base_commons:190:23) setContext undefined
2023-05-23 14:53:52.204 [info] Extension host with pid 114 exiting with code 0
