2023-06-03 11:50:30.275 [info] Extension host with pid 112 started
2023-06-03 11:50:30.368 [info] Lock '/home/frank/.vscode-server/data/User/workspaceStorage/be6e1357e714c6da599a509ef2a6d95c/vscode.lock': Lock acquired.
2023-06-03 11:50:30.715 [info] ExtensionService#_doActivateExtension vscode.emmet, startup: false, activationEvent: 'onLanguage'
2023-06-03 11:50:30.717 [info] ExtensionService#_doActivateExtension vscode.html-language-features, startup: false, activationEvent: 'onLanguage:html'
2023-06-03 11:50:31.720 [info] ExtensionService#_doActivateExtension vscode.git-base, startup: true, activationEvent: '*', root cause: vscode.git
2023-06-03 11:50:31.751 [info] ExtensionService#_doActivateExtension vscode.git, startup: true, activationEvent: '*'
2023-06-03 11:50:31.752 [info] ExtensionService#_doActivateExtension vscode.github, startup: true, activationEvent: '*'
2023-06-03 11:50:32.771 [info] Eager extensions activated
2023-06-03 11:50:32.774 [info] ExtensionService#_doActivateExtension vscode.debug-auto-launch, startup: false, activationEvent: 'onStartupFinished'
2023-06-03 11:50:32.776 [info] ExtensionService#_doActivateExtension vscode.merge-conflict, startup: false, activationEvent: 'onStartupFinished'
2023-06-03 11:50:32.779 [info] ExtensionService#_doActivateExtension ritwickdey.LiveServer, startup: false, activationEvent: 'onStartupFinished'
2023-06-03 11:50:32.782 [info] ExtensionService#_doActivateExtension yandeu.five-server, startup: false, activationEvent: 'onStartupFinished'
2023-06-03 11:50:34.762 [warning] [Decorations] CAPPING events from decorations provider vscode.git 8053
2023-06-03 11:50:37.997 [warning] [Decorations] CAPPING events from decorations provider vscode.git 8053
2023-06-06 23:00:58.529 [warning] [Decorations] CAPPING events from decorations provider vscode.git 8053
2023-06-06 23:01:03.727 [warning] [Decorations] CAPPING events from decorations provider vscode.git 8053
2023-06-06 23:01:10.153 [warning] [Decorations] CAPPING events from decorations provider vscode.git 8053
2023-06-06 23:01:15.298 [warning] [Decorations] CAPPING events from decorations provider vscode.git 8053
2023-06-06 23:01:20.456 [warning] [Decorations] CAPPING events from decorations provider vscode.git 8053
2023-06-06 23:01:25.603 [warning] [Decorations] CAPPING events from decorations provider vscode.git 8053
2023-06-06 23:01:28.092 [info] Extension host terminating: received terminate message from renderer
2023-06-06 23:01:28.097 [info] Lock '/home/frank/.vscode-server/data/User/workspaceStorage/be6e1357e714c6da599a509ef2a6d95c/vscode.lock': Marking the lockfile as scheduled to be released in 6000 ms.
2023-06-06 23:01:28.329 [error] Canceled: Canceled
	at new l (/home/frank/.vscode-server/bin/252e5463d60e63238250799aef7375787f68b4ee/out/vs/workbench/api/node/extensionHostProcess.js:99:104563)
	at a.O (/home/frank/.vscode-server/bin/252e5463d60e63238250799aef7375787f68b4ee/out/vs/workbench/api/node/extensionHostProcess.js:111:11657)
	at Proxy.H.<computed>.x.charCodeAt.H.<computed> (/home/frank/.vscode-server/bin/252e5463d60e63238250799aef7375787f68b4ee/out/vs/workbench/api/node/extensionHostProcess.js:111:8947)
	at e.ExtHostCommands.g (/home/frank/.vscode-server/bin/252e5463d60e63238250799aef7375787f68b4ee/out/vs/workbench/api/node/extensionHostProcess.js:99:124729)
	at e.ExtHostCommands.executeCommand (/home/frank/.vscode-server/bin/252e5463d60e63238250799aef7375787f68b4ee/out/vs/workbench/api/node/extensionHostProcess.js:99:124105)
	at C.registerCommand.description (/home/frank/.vscode-server/bin/252e5463d60e63238250799aef7375787f68b4ee/out/vs/workbench/api/node/extensionHostProcess.js:99:123398)
	at e.ExtHostCommands.h (/home/frank/.vscode-server/bin/252e5463d60e63238250799aef7375787f68b4ee/out/vs/workbench/api/node/extensionHostProcess.js:99:125315)
	at e.ExtHostCommands.g (/home/frank/.vscode-server/bin/252e5463d60e63238250799aef7375787f68b4ee/out/vs/workbench/api/node/extensionHostProcess.js:99:124205)
	at e.ExtHostCommands.executeCommand (/home/frank/.vscode-server/bin/252e5463d60e63238250799aef7375787f68b4ee/out/vs/workbench/api/node/extensionHostProcess.js:99:124105)
	at Object.executeCommand (/home/frank/.vscode-server/bin/252e5463d60e63238250799aef7375787f68b4ee/out/vs/workbench/api/node/extensionHostProcess.js:117:24043)
	at D (/home/frank/.vscode-server/bin/252e5463d60e63238250799aef7375787f68b4ee/extensions/git/dist/main.js:2:1259661)
	at v.invoke (/home/frank/.vscode-server/bin/252e5463d60e63238250799aef7375787f68b4ee/out/vs/workbench/api/node/extensionHostProcess.js:63:145)
	at h.deliver (/home/frank/.vscode-server/bin/252e5463d60e63238250799aef7375787f68b4ee/out/vs/workbench/api/node/extensionHostProcess.js:63:2121)
	at i.fire (/home/frank/.vscode-server/bin/252e5463d60e63238250799aef7375787f68b4ee/out/vs/workbench/api/node/extensionHostProcess.js:63:1729)
	at Object.m [as dispose] (/home/frank/.vscode-server/bin/252e5463d60e63238250799aef7375787f68b4ee/extensions/git/dist/main.js:2:1274494)
	at /home/frank/.vscode-server/bin/252e5463d60e63238250799aef7375787f68b4ee/extensions/git/dist/main.js:2:1278940
	at Array.forEach (<anonymous>)
	at g.dispose (/home/frank/.vscode-server/bin/252e5463d60e63238250799aef7375787f68b4ee/extensions/git/dist/main.js:2:1278926)
	at t.<anonymous> (/home/frank/.vscode-server/bin/252e5463d60e63238250799aef7375787f68b4ee/out/vs/workbench/api/node/extensionHostProcess.js:97:12369)
	at t.dispose (/home/frank/.vscode-server/bin/252e5463d60e63238250799aef7375787f68b4ee/out/vs/workbench/api/node/extensionHostProcess.js:97:12504)
	at t.<anonymous> (/home/frank/.vscode-server/bin/252e5463d60e63238250799aef7375787f68b4ee/extensions/git/dist/main.js:2:1261791)
	at t.dispose (/home/frank/.vscode-server/bin/252e5463d60e63238250799aef7375787f68b4ee/out/vs/workbench/api/node/extensionHostProcess.js:97:12504)
	at P (/home/frank/.vscode-server/bin/252e5463d60e63238250799aef7375787f68b4ee/out/vs/workbench/api/node/extensionHostProcess.js:10:12080)
	at v.Y (/home/frank/.vscode-server/bin/252e5463d60e63238250799aef7375787f68b4ee/out/vs/workbench/api/node/extensionHostProcess.js:113:11173)
	at /home/frank/.vscode-server/bin/252e5463d60e63238250799aef7375787f68b4ee/out/vs/workbench/api/node/extensionHostProcess.js:113:9157
	at Array.map (<anonymous>)
	at v.R (/home/frank/.vscode-server/bin/252e5463d60e63238250799aef7375787f68b4ee/out/vs/workbench/api/node/extensionHostProcess.js:113:9144)
	at v.terminate (/home/frank/.vscode-server/bin/252e5463d60e63238250799aef7375787f68b4ee/out/vs/workbench/api/node/extensionHostProcess.js:113:9415)
	at d.terminate (/home/frank/.vscode-server/bin/252e5463d60e63238250799aef7375787f68b4ee/out/vs/workbench/api/node/extensionHostProcess.js:117:1544)
	at g (/home/frank/.vscode-server/bin/252e5463d60e63238250799aef7375787f68b4ee/out/vs/workbench/api/node/extensionHostProcess.js:127:34439)
	at /home/frank/.vscode-server/bin/252e5463d60e63238250799aef7375787f68b4ee/out/vs/workbench/api/node/extensionHostProcess.js:127:32349
	at v.invoke (/home/frank/.vscode-server/bin/252e5463d60e63238250799aef7375787f68b4ee/out/vs/workbench/api/node/extensionHostProcess.js:63:145)
	at h.deliver (/home/frank/.vscode-server/bin/252e5463d60e63238250799aef7375787f68b4ee/out/vs/workbench/api/node/extensionHostProcess.js:63:2121)
	at i.fire (/home/frank/.vscode-server/bin/252e5463d60e63238250799aef7375787f68b4ee/out/vs/workbench/api/node/extensionHostProcess.js:63:1729)
	at g.fire (/home/frank/.vscode-server/bin/252e5463d60e63238250799aef7375787f68b4ee/out/vs/workbench/api/node/extensionHostProcess.js:72:14852)
	at u.E (/home/frank/.vscode-server/bin/252e5463d60e63238250799aef7375787f68b4ee/out/vs/workbench/api/node/extensionHostProcess.js:72:18899)
	at /home/frank/.vscode-server/bin/252e5463d60e63238250799aef7375787f68b4ee/out/vs/workbench/api/node/extensionHostProcess.js:72:18078
	at v.invoke (/home/frank/.vscode-server/bin/252e5463d60e63238250799aef7375787f68b4ee/out/vs/workbench/api/node/extensionHostProcess.js:63:145)
	at h.deliver (/home/frank/.vscode-server/bin/252e5463d60e63238250799aef7375787f68b4ee/out/vs/workbench/api/node/extensionHostProcess.js:63:2121)
	at i.fire (/home/frank/.vscode-server/bin/252e5463d60e63238250799aef7375787f68b4ee/out/vs/workbench/api/node/extensionHostProcess.js:63:1729)
	at d.acceptChunk (/home/frank/.vscode-server/bin/252e5463d60e63238250799aef7375787f68b4ee/out/vs/workbench/api/node/extensionHostProcess.js:72:12583)
	at /home/frank/.vscode-server/bin/252e5463d60e63238250799aef7375787f68b4ee/out/vs/workbench/api/node/extensionHostProcess.js:72:11870
	at v.invoke (/home/frank/.vscode-server/bin/252e5463d60e63238250799aef7375787f68b4ee/out/vs/workbench/api/node/extensionHostProcess.js:63:145)
	at h.deliver (/home/frank/.vscode-server/bin/252e5463d60e63238250799aef7375787f68b4ee/out/vs/workbench/api/node/extensionHostProcess.js:63:2121)
	at i.fire (/home/frank/.vscode-server/bin/252e5463d60e63238250799aef7375787f68b4ee/out/vs/workbench/api/node/extensionHostProcess.js:63:1729)
	at y.u (/home/frank/.vscode-server/bin/252e5463d60e63238250799aef7375787f68b4ee/out/vs/workbench/api/node/extensionHostProcess.js:127:20039)
	at y.acceptFrame (/home/frank/.vscode-server/bin/252e5463d60e63238250799aef7375787f68b4ee/out/vs/workbench/api/node/extensionHostProcess.js:127:19845)
	at h.l (/home/frank/.vscode-server/bin/252e5463d60e63238250799aef7375787f68b4ee/out/vs/workbench/api/node/extensionHostProcess.js:127:18438)
	at /home/frank/.vscode-server/bin/252e5463d60e63238250799aef7375787f68b4ee/out/vs/workbench/api/node/extensionHostProcess.js:127:15775
	at Socket.n (/home/frank/.vscode-server/bin/252e5463d60e63238250799aef7375787f68b4ee/out/vs/workbench/api/node/extensionHostProcess.js:127:13609)
	at Socket.emit (node:events:513:28)
	at addChunk (node:internal/streams/readable:315:12)
	at readableAddChunk (node:internal/streams/readable:289:9)
	at Socket.Readable.push (node:internal/streams/readable:228:10)
	at TCP.onStreamRead (node:internal/stream_base_commons:190:23) setContext undefined
2023-06-06 23:01:28.544 [info] Extension host with pid 112 exiting with code 0
