2023-06-03 11:50:32.972 [info] Log level: Info
2023-06-03 11:50:32.972 [info] Validating found git in: "git"
2023-06-03 11:50:32.972 [info] Using git "2.34.1" from "git"
2023-06-03 11:50:32.972 [info] > git rev-parse --show-toplevel [195ms]
2023-06-03 11:50:32.975 [info] > git rev-parse --git-dir --git-common-dir [3ms]
2023-06-03 11:50:33.015 [info] Open repository: /home/frank
2023-06-03 11:50:33.298 [info] > git rev-parse --show-toplevel [263ms]
2023-06-03 11:50:33.357 [info] > git rev-parse --show-toplevel [41ms]
2023-06-03 11:50:33.372 [info] > git config --get commit.template [318ms]
2023-06-03 11:50:33.378 [info] > git rev-parse --show-toplevel [9ms]
2023-06-03 11:50:33.428 [info] > git for-each-ref --format=%(refname)%00%(upstream:short)%00%(objectname)%00%(upstream:track)%00%(upstream:remotename)%00%(upstream:remoteref) refs/heads/master refs/remotes/master [29ms]
2023-06-03 11:50:33.445 [info] > git rev-parse --show-toplevel [56ms]
2023-06-03 11:50:33.463 [info] > git rev-parse --show-toplevel [5ms]
2023-06-03 11:50:33.482 [info] > git rev-parse --show-toplevel [3ms]
2023-06-03 11:50:33.495 [info] > git rev-parse --show-toplevel [3ms]
2023-06-03 11:50:33.514 [info] > git rev-parse --show-toplevel [10ms]
2023-06-03 11:50:33.637 [info] > git check-ignore -v -z --stdin [4ms]
2023-06-03 11:50:34.347 [info] > git status -z -uall [903ms]
2023-06-03 11:50:37.628 [info] > git config --get commit.template [110ms]
2023-06-03 11:50:37.676 [info] > git for-each-ref --format=%(refname)%00%(upstream:short)%00%(objectname)%00%(upstream:track)%00%(upstream:remotename)%00%(upstream:remoteref) refs/heads/master refs/remotes/master [18ms]
2023-06-03 11:50:37.787 [info] > git status -z -uall [94ms]
2023-06-03 11:50:40.542 [info] > git show --textconv :web.html [119ms]
2023-06-03 11:50:40.543 [info] > git ls-files --stage -- /home/frank/web.html [107ms]
2023-06-03 11:50:40.568 [info] > git cat-file -s 13bfe645f3b91001a5350fbf5d75ad9f12dc058e [4ms]
2023-06-06 23:00:57.682 [info] > git config --get commit.template [59ms]
2023-06-06 23:00:57.692 [info] > git for-each-ref --format=%(refname)%00%(upstream:short)%00%(objectname)%00%(upstream:track)%00%(upstream:remotename)%00%(upstream:remoteref) refs/heads/master refs/remotes/master [36ms]
2023-06-06 23:00:58.335 [info] > git status -z -uall [620ms]
2023-06-06 23:01:03.572 [info] > git config --get commit.template [1ms]
2023-06-06 23:01:03.595 [info] > git for-each-ref --format=%(refname)%00%(upstream:short)%00%(objectname)%00%(upstream:track)%00%(upstream:remotename)%00%(upstream:remoteref) refs/heads/master refs/remotes/master [2ms]
2023-06-06 23:01:03.660 [info] > git status -z -uall [53ms]
2023-06-06 23:01:10.027 [info] > git config --get commit.template [11ms]
2023-06-06 23:01:10.028 [info] > git for-each-ref --format=%(refname)%00%(upstream:short)%00%(objectname)%00%(upstream:track)%00%(upstream:remotename)%00%(upstream:remoteref) refs/heads/master refs/remotes/master [2ms]
2023-06-06 23:01:10.091 [info] > git status -z -uall [49ms]
2023-06-06 23:01:15.184 [info] > git config --get commit.template [4ms]
2023-06-06 23:01:15.192 [info] > git for-each-ref --format=%(refname)%00%(upstream:short)%00%(objectname)%00%(upstream:track)%00%(upstream:remotename)%00%(upstream:remoteref) refs/heads/master refs/remotes/master [1ms]
2023-06-06 23:01:15.232 [info] > git status -z -uall [33ms]
2023-06-06 23:01:20.327 [info] > git config --get commit.template [2ms]
2023-06-06 23:01:20.337 [info] > git for-each-ref --format=%(refname)%00%(upstream:short)%00%(objectname)%00%(upstream:track)%00%(upstream:remotename)%00%(upstream:remoteref) refs/heads/master refs/remotes/master [1ms]
2023-06-06 23:01:20.388 [info] > git status -z -uall [41ms]
2023-06-06 23:01:25.493 [info] > git config --get commit.template [8ms]
2023-06-06 23:01:25.496 [info] > git for-each-ref --format=%(refname)%00%(upstream:short)%00%(objectname)%00%(upstream:track)%00%(upstream:remotename)%00%(upstream:remoteref) refs/heads/master refs/remotes/master [5ms]
2023-06-06 23:01:25.541 [info] > git status -z -uall [35ms]
