2025-08-12 16:55:19.264 [info] [main] Log level: Info
2025-08-12 16:55:19.264 [info] [main] Validating found git in: "git"
2025-08-12 16:55:19.264 [info] [main] Using git "2.34.1" from "git"
2025-08-12 16:55:19.264 [info] [Model][doInitialScan] Initial repository scan started
2025-08-12 16:55:19.264 [info] > git rev-parse --show-toplevel [87ms]
2025-08-12 16:55:19.264 [info] > git rev-parse --git-dir --git-common-dir [7ms]
2025-08-12 16:55:19.264 [info] [Model][openRepository] Opened repository: /home/frank
2025-08-12 16:55:19.267 [info] > git config --get commit.template [8ms]
2025-08-12 16:55:19.296 [info] > git for-each-ref --format=%(refname)%00%(upstream:short)%00%(objectname)%00%(upstream:track)%00%(upstream:remotename)%00%(upstream:remoteref) refs/heads/master refs/remotes/master [22ms]
2025-08-12 16:55:19.318 [info] > git rev-parse --show-toplevel [30ms]
2025-08-12 16:55:19.325 [info] > git for-each-ref --sort -committerdate --format %(refname) %(objectname) %(*objectname) [10ms]
2025-08-12 16:55:19.328 [info] > git rev-parse --show-toplevel [4ms]
2025-08-12 16:55:19.340 [info] > git rev-parse --show-toplevel [4ms]
2025-08-12 16:55:19.350 [info] > git rev-parse --show-toplevel [3ms]
2025-08-12 16:55:19.358 [info] > git rev-parse --show-toplevel [2ms]
2025-08-12 16:55:19.366 [info] > git rev-parse --show-toplevel [3ms]
2025-08-12 16:55:19.374 [info] > git rev-parse --show-toplevel [3ms]
2025-08-12 16:55:19.388 [info] > git rev-parse --show-toplevel [6ms]
2025-08-12 16:55:19.401 [info] > git rev-parse --show-toplevel [4ms]
2025-08-12 16:55:19.409 [info] [Model][doInitialScan] Initial repository scan completed - repositories (1), closed repositories (0), parent repositories (0), unsafe repositories (0)
2025-08-12 16:55:19.433 [info] > git status -z -uall [127ms]
2025-08-12 16:55:21.289 [info] > git for-each-ref --format=%(refname)%00%(upstream:short)%00%(objectname)%00%(upstream:track)%00%(upstream:remotename)%00%(upstream:remoteref) refs/heads/master refs/remotes/master [1695ms]
2025-08-12 16:55:21.355 [info] > git check-ignore -v -z --stdin [45ms]
2025-08-12 16:55:21.364 [info] > git config --get --local branch.master.vscode-merge-base [59ms]
2025-08-12 16:55:21.365 [warning] [Git][config] git config failed: Failed to execute git
2025-08-12 16:55:21.379 [info] > git config --get commit.template [124ms]
2025-08-12 16:55:21.400 [info] > git reflog master --grep-reflog=branch: Created from *. [23ms]
2025-08-12 16:55:21.413 [info] > git for-each-ref --format=%(refname)%00%(upstream:short)%00%(objectname)%00%(upstream:track)%00%(upstream:remotename)%00%(upstream:remoteref) refs/heads/master refs/remotes/master [16ms]
2025-08-12 16:55:21.445 [info] > git symbolic-ref --short refs/remotes/origin/HEAD [32ms]
2025-08-12 16:55:21.445 [info] fatal: ref refs/remotes/origin/HEAD is not a symbolic ref
2025-08-12 16:55:21.445 [warning] [Repository][getDefaultBranch] Failed to get default branch details: Failed to execute git.
2025-08-12 16:55:21.449 [info] > git for-each-ref --sort -committerdate --format %(refname) %(objectname) %(*objectname) [13ms]
2025-08-12 16:55:21.555 [info] > git show --textconv :web.html [14ms]
2025-08-12 16:55:21.562 [info] > git ls-files --stage -- /home/frank/web.html [13ms]
2025-08-12 16:55:21.574 [info] > git status -z -uall [152ms]
2025-08-12 16:55:21.704 [info] > git cat-file -s 13bfe645f3b91001a5350fbf5d75ad9f12dc058e [135ms]
2025-08-12 16:55:23.448 [info] > git blame --root --incremental 7bf46b6c10eb0d3f2d903db0253721cd8d1d3dc7 -- /home/frank/web.html [10ms]
2025-08-12 16:55:25.405 [info] > git config --get commit.template [26ms]
2025-08-12 16:55:25.406 [info] > git for-each-ref --format=%(refname)%00%(upstream:short)%00%(objectname)%00%(upstream:track)%00%(upstream:remotename)%00%(upstream:remoteref) refs/heads/master refs/remotes/master [3ms]
2025-08-12 16:55:25.423 [info] > git for-each-ref --sort -committerdate --format %(refname) %(objectname) %(*objectname) [4ms]
2025-08-12 16:55:25.501 [info] > git status -z -uall [89ms]
2025-08-12 16:55:30.641 [info] > git config --get commit.template [14ms]
2025-08-12 16:55:30.646 [info] > git for-each-ref --format=%(refname)%00%(upstream:short)%00%(objectname)%00%(upstream:track)%00%(upstream:remotename)%00%(upstream:remoteref) refs/heads/master refs/remotes/master [8ms]
2025-08-12 16:55:30.666 [info] > git for-each-ref --sort -committerdate --format %(refname) %(objectname) %(*objectname) [3ms]
2025-08-12 16:55:30.766 [info] > git status -z -uall [110ms]
2025-08-12 16:55:35.900 [info] > git config --get commit.template [14ms]
2025-08-12 16:55:35.904 [info] > git for-each-ref --format=%(refname)%00%(upstream:short)%00%(objectname)%00%(upstream:track)%00%(upstream:remotename)%00%(upstream:remoteref) refs/heads/master refs/remotes/master [6ms]
2025-08-12 16:55:35.933 [info] > git for-each-ref --sort -committerdate --format %(refname) %(objectname) %(*objectname) [6ms]
2025-08-12 16:55:36.039 [info] > git status -z -uall [124ms]
2025-08-12 16:55:41.158 [info] > git config --get commit.template [14ms]
2025-08-12 16:55:41.161 [info] > git for-each-ref --format=%(refname)%00%(upstream:short)%00%(objectname)%00%(upstream:track)%00%(upstream:remotename)%00%(upstream:remoteref) refs/heads/master refs/remotes/master [5ms]
2025-08-12 16:55:41.193 [info] > git for-each-ref --sort -committerdate --format %(refname) %(objectname) %(*objectname) [6ms]
2025-08-12 16:55:41.312 [info] > git status -z -uall [138ms]
2025-08-12 16:55:46.474 [info] > git config --get commit.template [17ms]
2025-08-12 16:55:46.479 [info] > git for-each-ref --format=%(refname)%00%(upstream:short)%00%(objectname)%00%(upstream:track)%00%(upstream:remotename)%00%(upstream:remoteref) refs/heads/master refs/remotes/master [7ms]
2025-08-12 16:55:46.515 [info] > git for-each-ref --sort -committerdate --format %(refname) %(objectname) %(*objectname) [9ms]
2025-08-12 16:55:46.601 [info] > git status -z -uall [110ms]
