2023-05-05 10:14:46.960 [info] Extension host with pid 561 started
2023-05-05 10:14:47.001 [info] Lock '/home/frank/.vscode-server/data/User/workspaceStorage/be6e1357e714c6da599a509ef2a6d95c/vscode.lock': Lock acquired.
2023-05-05 10:14:47.076 [info] ExtensionService#_doActivateExtension vscode.emmet, startup: false, activationEvent: 'onLanguage'
2023-05-05 10:14:47.077 [info] ExtensionService#_doActivateExtension vscode.html-language-features, startup: false, activationEvent: 'onLanguage:html'
2023-05-05 10:14:48.080 [info] ExtensionService#_doActivateExtension vscode.git-base, startup: true, activationEvent: '*', root cause: vscode.git
2023-05-05 10:14:48.096 [info] ExtensionService#_doActivateExtension vscode.git, startup: true, activationEvent: '*'
2023-05-05 10:14:48.097 [info] ExtensionService#_doActivateExtension vscode.github, startup: true, activationEvent: '*'
2023-05-05 10:14:48.428 [info] Eager extensions activated
2023-05-05 10:14:48.429 [info] ExtensionService#_doActivateExtension vscode.debug-auto-launch, startup: false, activationEvent: 'onStartupFinished'
2023-05-05 10:14:48.430 [info] ExtensionService#_doActivateExtension vscode.merge-conflict, startup: false, activationEvent: 'onStartupFinished'
2023-05-05 10:14:48.431 [info] ExtensionService#_doActivateExtension ritwickdey.LiveServer, startup: false, activationEvent: 'onStartupFinished'
2023-05-05 10:15:04.692 [info] ExtensionService#_doActivateExtension vscode.json-language-features, startup: false, activationEvent: 'onLanguage:jsonc'
2023-05-05 10:15:04.693 [info] ExtensionService#_doActivateExtension vscode.typescript-language-features, startup: false, activationEvent: 'onLanguage:jsonc'
2023-05-05 10:23:04.633 [info] ExtensionService#_doActivateExtension yandeu.five-server, startup: false, activationEvent: '*'
2023-05-05 10:23:11.122 [error] TypeError: res.once is not a function
	at OpenBrowser.launchBrowser (/home/frank/.vscode-server/extensions/yandeu.five-server-0.1.13/node_modules/five-server/lib/openBrowser.js:49:17)
	at runMicrotasks (<anonymous>)
	at processTicksAndRejections (node:internal/process/task_queues:96:5)
	at async OpenBrowser.launchDefaultBrowser (/home/frank/.vscode-server/extensions/yandeu.five-server-0.1.13/node_modules/five-server/lib/openBrowser.js:20:9)
	at async OpenBrowser.launchBrowser (/home/frank/.vscode-server/extensions/yandeu.five-server-0.1.13/node_modules/five-server/lib/openBrowser.js:42:19)
	at async OpenBrowser.openBrowser (/home/frank/.vscode-server/extensions/yandeu.five-server-0.1.13/node_modules/five-server/lib/openBrowser.js:101:17)
	at async LiveServer.launchBrowser (/home/frank/.vscode-server/extensions/yandeu.five-server-0.1.13/node_modules/five-server/lib/index.js:540:9)
2023-05-05 11:53:07.524 [warning] [Decorations] CAPPING events from decorations provider vscode.git 7867
2023-05-05 11:53:09.785 [warning] [Decorations] CAPPING events from decorations provider vscode.git 7867
2023-05-05 12:11:49.497 [warning] [Decorations] CAPPING events from decorations provider vscode.git 7868
2023-05-05 12:11:54.844 [warning] [Decorations] CAPPING events from decorations provider vscode.git 7867
2023-05-05 12:12:07.802 [warning] [Decorations] CAPPING events from decorations provider vscode.git 7869
2023-05-05 12:19:00.453 [warning] [Decorations] CAPPING events from decorations provider vscode.git 7869
2023-05-05 12:19:05.671 [warning] [Decorations] CAPPING events from decorations provider vscode.git 7868
2023-05-05 17:22:10.430 [warning] [Decorations] CAPPING events from decorations provider vscode.git 7870
2023-05-05 19:05:01.005 [warning] [Decorations] CAPPING events from decorations provider vscode.git 7879
2023-05-05 19:05:06.230 [warning] [Decorations] CAPPING events from decorations provider vscode.git 7879
2023-05-05 19:05:11.493 [warning] [Decorations] CAPPING events from decorations provider vscode.git 7879
2023-05-05 19:05:16.670 [warning] [Decorations] CAPPING events from decorations provider vscode.git 7880
2023-05-05 19:05:21.826 [warning] [Decorations] CAPPING events from decorations provider vscode.git 7880
2023-05-05 19:05:26.973 [warning] [Decorations] CAPPING events from decorations provider vscode.git 7880
2023-05-05 19:05:32.203 [warning] [Decorations] CAPPING events from decorations provider vscode.git 7880
2023-05-05 19:05:37.387 [warning] [Decorations] CAPPING events from decorations provider vscode.git 7880
2023-05-05 19:05:42.579 [warning] [Decorations] CAPPING events from decorations provider vscode.git 7880
2023-05-05 19:05:47.731 [warning] [Decorations] CAPPING events from decorations provider vscode.git 7880
2023-05-05 19:05:52.869 [warning] [Decorations] CAPPING events from decorations provider vscode.git 7880
2023-05-05 19:05:58.009 [warning] [Decorations] CAPPING events from decorations provider vscode.git 7880
2023-05-05 19:06:03.163 [warning] [Decorations] CAPPING events from decorations provider vscode.git 7880
2023-05-05 19:06:08.311 [warning] [Decorations] CAPPING events from decorations provider vscode.git 7880
2023-05-05 19:06:13.508 [warning] [Decorations] CAPPING events from decorations provider vscode.git 7880
2023-05-05 19:06:19.643 [warning] [Decorations] CAPPING events from decorations provider vscode.git 7880
2023-05-05 19:06:24.778 [warning] [Decorations] CAPPING events from decorations provider vscode.git 7880
2023-05-05 19:06:29.922 [warning] [Decorations] CAPPING events from decorations provider vscode.git 7880
2023-05-05 19:06:35.074 [warning] [Decorations] CAPPING events from decorations provider vscode.git 7880
2023-05-05 19:06:40.232 [warning] [Decorations] CAPPING events from decorations provider vscode.git 7880
2023-05-05 19:06:45.413 [warning] [Decorations] CAPPING events from decorations provider vscode.git 7880
2023-05-05 19:06:50.561 [warning] [Decorations] CAPPING events from decorations provider vscode.git 7880
2023-05-05 19:06:57.684 [warning] [Decorations] CAPPING events from decorations provider vscode.git 7880
2023-05-05 19:07:02.836 [warning] [Decorations] CAPPING events from decorations provider vscode.git 7880
2023-05-05 19:07:08.015 [warning] [Decorations] CAPPING events from decorations provider vscode.git 7880
2023-05-05 19:07:13.159 [warning] [Decorations] CAPPING events from decorations provider vscode.git 7880
2023-05-05 19:07:18.303 [warning] [Decorations] CAPPING events from decorations provider vscode.git 7880
2023-05-05 19:07:23.453 [warning] [Decorations] CAPPING events from decorations provider vscode.git 7880
2023-05-05 19:07:28.637 [warning] [Decorations] CAPPING events from decorations provider vscode.git 7880
2023-05-05 19:07:33.781 [warning] [Decorations] CAPPING events from decorations provider vscode.git 7880
2023-05-05 19:07:38.922 [warning] [Decorations] CAPPING events from decorations provider vscode.git 7880
2023-05-05 19:07:44.080 [warning] [Decorations] CAPPING events from decorations provider vscode.git 7880
2023-05-05 19:07:49.252 [warning] [Decorations] CAPPING events from decorations provider vscode.git 7880
2023-05-05 19:07:54.392 [warning] [Decorations] CAPPING events from decorations provider vscode.git 7880
2023-05-05 19:07:59.534 [warning] [Decorations] CAPPING events from decorations provider vscode.git 7880
2023-05-05 19:08:04.680 [warning] [Decorations] CAPPING events from decorations provider vscode.git 7880
2023-05-05 19:08:09.854 [warning] [Decorations] CAPPING events from decorations provider vscode.git 7880
2023-05-05 19:08:14.998 [warning] [Decorations] CAPPING events from decorations provider vscode.git 7880
2023-05-05 19:08:20.135 [warning] [Decorations] CAPPING events from decorations provider vscode.git 7880
2023-05-05 19:08:25.281 [warning] [Decorations] CAPPING events from decorations provider vscode.git 7880
2023-05-05 19:08:30.457 [warning] [Decorations] CAPPING events from decorations provider vscode.git 7880
2023-05-05 19:08:35.603 [warning] [Decorations] CAPPING events from decorations provider vscode.git 7880
2023-05-05 19:08:40.742 [warning] [Decorations] CAPPING events from decorations provider vscode.git 7880
2023-05-05 19:08:45.886 [warning] [Decorations] CAPPING events from decorations provider vscode.git 7880
2023-05-05 19:08:51.064 [warning] [Decorations] CAPPING events from decorations provider vscode.git 7880
2023-05-05 19:08:56.209 [warning] [Decorations] CAPPING events from decorations provider vscode.git 7880
2023-05-05 19:09:01.350 [warning] [Decorations] CAPPING events from decorations provider vscode.git 7880
2023-05-05 19:09:06.495 [warning] [Decorations] CAPPING events from decorations provider vscode.git 7880
2023-05-05 19:09:11.666 [warning] [Decorations] CAPPING events from decorations provider vscode.git 7880
2023-05-05 19:09:16.806 [warning] [Decorations] CAPPING events from decorations provider vscode.git 7880
2023-05-05 19:09:21.948 [warning] [Decorations] CAPPING events from decorations provider vscode.git 7880
2023-05-05 19:09:27.099 [warning] [Decorations] CAPPING events from decorations provider vscode.git 7880
2023-05-05 19:09:32.292 [warning] [Decorations] CAPPING events from decorations provider vscode.git 7880
2023-05-05 19:09:37.440 [warning] [Decorations] CAPPING events from decorations provider vscode.git 7880
2023-05-05 19:09:42.594 [warning] [Decorations] CAPPING events from decorations provider vscode.git 7880
2023-05-05 19:09:47.740 [warning] [Decorations] CAPPING events from decorations provider vscode.git 7880
2023-05-05 19:09:52.915 [warning] [Decorations] CAPPING events from decorations provider vscode.git 7880
2023-05-05 19:09:58.070 [warning] [Decorations] CAPPING events from decorations provider vscode.git 7880
2023-05-05 19:10:03.214 [warning] [Decorations] CAPPING events from decorations provider vscode.git 7880
2023-05-05 19:10:08.354 [warning] [Decorations] CAPPING events from decorations provider vscode.git 7880
2023-05-05 19:10:13.507 [warning] [Decorations] CAPPING events from decorations provider vscode.git 7880
2023-05-05 19:10:18.722 [warning] [Decorations] CAPPING events from decorations provider vscode.git 7880
2023-05-05 19:10:23.904 [warning] [Decorations] CAPPING events from decorations provider vscode.git 7880
2023-05-05 19:10:29.052 [warning] [Decorations] CAPPING events from decorations provider vscode.git 7880
2023-05-05 19:10:34.193 [warning] [Decorations] CAPPING events from decorations provider vscode.git 7880
2023-05-05 19:10:39.338 [warning] [Decorations] CAPPING events from decorations provider vscode.git 7880
2023-05-05 19:10:44.526 [warning] [Decorations] CAPPING events from decorations provider vscode.git 7880
2023-05-05 19:10:49.666 [warning] [Decorations] CAPPING events from decorations provider vscode.git 7880
2023-05-05 19:10:54.802 [warning] [Decorations] CAPPING events from decorations provider vscode.git 7880
2023-05-05 19:10:59.944 [warning] [Decorations] CAPPING events from decorations provider vscode.git 7880
2023-05-05 19:11:05.139 [warning] [Decorations] CAPPING events from decorations provider vscode.git 7880
2023-05-05 19:11:10.281 [warning] [Decorations] CAPPING events from decorations provider vscode.git 7880
2023-05-05 19:11:15.416 [warning] [Decorations] CAPPING events from decorations provider vscode.git 7880
2023-05-05 19:11:20.561 [warning] [Decorations] CAPPING events from decorations provider vscode.git 7880
2023-05-05 19:11:25.703 [warning] [Decorations] CAPPING events from decorations provider vscode.git 7880
2023-05-05 19:11:30.845 [warning] [Decorations] CAPPING events from decorations provider vscode.git 7880
2023-05-05 19:11:36.040 [warning] [Decorations] CAPPING events from decorations provider vscode.git 7880
2023-05-05 19:11:41.185 [warning] [Decorations] CAPPING events from decorations provider vscode.git 7880
2023-05-05 19:11:46.326 [warning] [Decorations] CAPPING events from decorations provider vscode.git 7880
2023-05-05 19:11:51.470 [warning] [Decorations] CAPPING events from decorations provider vscode.git 7880
2023-05-05 19:11:56.609 [warning] [Decorations] CAPPING events from decorations provider vscode.git 7880
2023-05-05 19:12:01.755 [warning] [Decorations] CAPPING events from decorations provider vscode.git 7880
2023-05-05 19:12:06.899 [warning] [Decorations] CAPPING events from decorations provider vscode.git 7880
2023-05-05 19:12:12.046 [warning] [Decorations] CAPPING events from decorations provider vscode.git 7880
2023-05-05 19:12:17.225 [warning] [Decorations] CAPPING events from decorations provider vscode.git 7880
2023-05-05 19:12:22.372 [warning] [Decorations] CAPPING events from decorations provider vscode.git 7880
2023-05-05 19:12:27.518 [warning] [Decorations] CAPPING events from decorations provider vscode.git 7880
2023-05-05 19:12:32.664 [warning] [Decorations] CAPPING events from decorations provider vscode.git 7880
2023-05-05 19:12:37.842 [warning] [Decorations] CAPPING events from decorations provider vscode.git 7880
2023-05-05 19:12:43.001 [warning] [Decorations] CAPPING events from decorations provider vscode.git 7880
2023-05-05 19:12:49.151 [warning] [Decorations] CAPPING events from decorations provider vscode.git 7880
2023-05-05 19:12:54.295 [warning] [Decorations] CAPPING events from decorations provider vscode.git 7880
2023-05-05 19:12:59.443 [warning] [Decorations] CAPPING events from decorations provider vscode.git 7880
2023-05-05 19:13:04.589 [warning] [Decorations] CAPPING events from decorations provider vscode.git 7880
2023-05-05 19:13:09.736 [warning] [Decorations] CAPPING events from decorations provider vscode.git 7880
2023-05-05 19:13:14.882 [warning] [Decorations] CAPPING events from decorations provider vscode.git 7880
2023-05-05 19:13:20.061 [warning] [Decorations] CAPPING events from decorations provider vscode.git 7880
2023-05-05 19:13:25.205 [warning] [Decorations] CAPPING events from decorations provider vscode.git 7880
2023-05-05 19:13:32.333 [warning] [Decorations] CAPPING events from decorations provider vscode.git 7880
2023-05-05 19:13:37.472 [warning] [Decorations] CAPPING events from decorations provider vscode.git 7880
2023-05-05 19:13:42.649 [warning] [Decorations] CAPPING events from decorations provider vscode.git 7880
2023-05-05 19:13:48.793 [warning] [Decorations] CAPPING events from decorations provider vscode.git 7880
2023-05-05 19:13:53.974 [warning] [Decorations] CAPPING events from decorations provider vscode.git 7880
2023-05-05 19:13:59.118 [warning] [Decorations] CAPPING events from decorations provider vscode.git 7880
2023-05-05 19:14:04.259 [warning] [Decorations] CAPPING events from decorations provider vscode.git 7880
2023-05-05 19:14:09.402 [warning] [Decorations] CAPPING events from decorations provider vscode.git 7880
2023-05-05 19:14:14.578 [warning] [Decorations] CAPPING events from decorations provider vscode.git 7880
2023-05-05 19:14:19.723 [warning] [Decorations] CAPPING events from decorations provider vscode.git 7880
2023-05-05 19:14:26.839 [warning] [Decorations] CAPPING events from decorations provider vscode.git 7880
2023-05-05 19:14:31.984 [warning] [Decorations] CAPPING events from decorations provider vscode.git 7880
2023-05-05 19:14:37.168 [warning] [Decorations] CAPPING events from decorations provider vscode.git 7880
2023-05-05 19:14:42.319 [warning] [Decorations] CAPPING events from decorations provider vscode.git 7880
2023-05-05 19:14:47.458 [warning] [Decorations] CAPPING events from decorations provider vscode.git 7880
2023-05-05 19:14:52.602 [warning] [Decorations] CAPPING events from decorations provider vscode.git 7880
2023-05-05 19:14:57.789 [warning] [Decorations] CAPPING events from decorations provider vscode.git 7880
2023-05-05 19:15:02.957 [warning] [Decorations] CAPPING events from decorations provider vscode.git 7880
2023-05-05 19:15:08.142 [warning] [Decorations] CAPPING events from decorations provider vscode.git 7880
2023-05-05 19:15:13.288 [warning] [Decorations] CAPPING events from decorations provider vscode.git 7880
2023-05-05 19:15:18.424 [warning] [Decorations] CAPPING events from decorations provider vscode.git 7880
2023-05-05 19:15:23.571 [warning] [Decorations] CAPPING events from decorations provider vscode.git 7880
2023-05-05 19:15:28.744 [warning] [Decorations] CAPPING events from decorations provider vscode.git 7880
2023-05-05 19:15:33.889 [warning] [Decorations] CAPPING events from decorations provider vscode.git 7880
2023-05-05 19:15:39.068 [warning] [Decorations] CAPPING events from decorations provider vscode.git 7880
2023-05-05 19:15:44.208 [warning] [Decorations] CAPPING events from decorations provider vscode.git 7880
2023-05-05 19:15:49.344 [warning] [Decorations] CAPPING events from decorations provider vscode.git 7880
2023-05-05 19:15:54.489 [warning] [Decorations] CAPPING events from decorations provider vscode.git 7880
2023-05-05 19:15:59.666 [warning] [Decorations] CAPPING events from decorations provider vscode.git 7880
2023-05-05 19:16:04.815 [warning] [Decorations] CAPPING events from decorations provider vscode.git 7880
2023-05-05 19:16:09.956 [warning] [Decorations] CAPPING events from decorations provider vscode.git 7880
2023-05-05 19:16:15.098 [warning] [Decorations] CAPPING events from decorations provider vscode.git 7880
2023-05-05 19:16:20.240 [warning] [Decorations] CAPPING events from decorations provider vscode.git 7880
2023-05-05 19:16:25.381 [warning] [Decorations] CAPPING events from decorations provider vscode.git 7880
2023-05-05 19:16:30.568 [warning] [Decorations] CAPPING events from decorations provider vscode.git 7880
2023-05-05 19:16:35.720 [warning] [Decorations] CAPPING events from decorations provider vscode.git 7880
2023-05-05 19:16:40.859 [warning] [Decorations] CAPPING events from decorations provider vscode.git 7880
2023-05-05 19:16:45.999 [warning] [Decorations] CAPPING events from decorations provider vscode.git 7880
2023-05-05 19:16:52.106 [warning] [Decorations] CAPPING events from decorations provider vscode.git 7880
2023-05-05 19:16:57.250 [warning] [Decorations] CAPPING events from decorations provider vscode.git 7880
2023-05-05 19:17:02.433 [warning] [Decorations] CAPPING events from decorations provider vscode.git 7880
2023-05-05 19:17:07.581 [warning] [Decorations] CAPPING events from decorations provider vscode.git 7880
2023-05-05 19:17:12.718 [warning] [Decorations] CAPPING events from decorations provider vscode.git 7880
2023-05-05 19:17:17.861 [warning] [Decorations] CAPPING events from decorations provider vscode.git 7880
2023-05-05 19:17:23.002 [warning] [Decorations] CAPPING events from decorations provider vscode.git 7880
2023-05-05 19:17:28.149 [warning] [Decorations] CAPPING events from decorations provider vscode.git 7880
2023-05-05 19:17:33.327 [warning] [Decorations] CAPPING events from decorations provider vscode.git 7880
2023-05-05 19:17:38.472 [warning] [Decorations] CAPPING events from decorations provider vscode.git 7880
2023-05-05 19:17:43.627 [warning] [Decorations] CAPPING events from decorations provider vscode.git 7880
2023-05-05 19:17:48.768 [warning] [Decorations] CAPPING events from decorations provider vscode.git 7880
2023-05-05 19:17:55.903 [warning] [Decorations] CAPPING events from decorations provider vscode.git 7880
2023-05-05 19:18:01.048 [warning] [Decorations] CAPPING events from decorations provider vscode.git 7880
2023-05-05 19:18:06.194 [warning] [Decorations] CAPPING events from decorations provider vscode.git 7880
2023-05-05 19:18:13.304 [warning] [Decorations] CAPPING events from decorations provider vscode.git 7880
2023-05-05 19:18:18.443 [warning] [Decorations] CAPPING events from decorations provider vscode.git 7880
2023-05-05 19:18:23.586 [warning] [Decorations] CAPPING events from decorations provider vscode.git 7880
2023-05-05 19:18:28.759 [warning] [Decorations] CAPPING events from decorations provider vscode.git 7880
2023-05-05 19:18:33.909 [warning] [Decorations] CAPPING events from decorations provider vscode.git 7880
2023-05-05 19:18:39.057 [warning] [Decorations] CAPPING events from decorations provider vscode.git 7880
2023-05-05 19:18:44.230 [warning] [Decorations] CAPPING events from decorations provider vscode.git 7880
2023-05-05 19:18:49.373 [warning] [Decorations] CAPPING events from decorations provider vscode.git 7880
2023-05-05 19:18:54.554 [warning] [Decorations] CAPPING events from decorations provider vscode.git 7880
2023-05-05 19:18:59.698 [warning] [Decorations] CAPPING events from decorations provider vscode.git 7880
2023-05-05 19:19:04.881 [warning] [Decorations] CAPPING events from decorations provider vscode.git 7880
2023-05-05 19:19:10.023 [warning] [Decorations] CAPPING events from decorations provider vscode.git 7880
2023-05-05 19:19:15.199 [warning] [Decorations] CAPPING events from decorations provider vscode.git 7880
2023-05-05 19:19:20.342 [warning] [Decorations] CAPPING events from decorations provider vscode.git 7880
2023-05-05 19:19:25.497 [warning] [Decorations] CAPPING events from decorations provider vscode.git 7880
2023-05-05 19:19:30.644 [warning] [Decorations] CAPPING events from decorations provider vscode.git 7880
2023-05-05 19:19:35.827 [warning] [Decorations] CAPPING events from decorations provider vscode.git 7880
2023-05-05 19:19:40.977 [warning] [Decorations] CAPPING events from decorations provider vscode.git 7880
2023-05-05 19:19:46.161 [warning] [Decorations] CAPPING events from decorations provider vscode.git 7880
2023-05-05 19:19:51.309 [warning] [Decorations] CAPPING events from decorations provider vscode.git 7880
2023-05-05 19:19:56.490 [warning] [Decorations] CAPPING events from decorations provider vscode.git 7880
2023-05-05 19:20:01.632 [warning] [Decorations] CAPPING events from decorations provider vscode.git 7880
2023-05-05 19:20:06.789 [warning] [Decorations] CAPPING events from decorations provider vscode.git 7880
2023-05-05 19:20:11.939 [warning] [Decorations] CAPPING events from decorations provider vscode.git 7880
2023-05-05 19:20:17.126 [warning] [Decorations] CAPPING events from decorations provider vscode.git 7880
2023-05-05 19:52:15.621 [warning] [Decorations] CAPPING events from decorations provider vscode.git 7880
2023-05-07 12:49:51.018 [warning] [Decorations] CAPPING events from decorations provider vscode.git 7886
2023-05-07 12:49:56.486 [warning] [Decorations] CAPPING events from decorations provider vscode.git 7886
2023-05-07 12:50:01.794 [warning] [Decorations] CAPPING events from decorations provider vscode.git 7886
2023-05-07 12:50:07.278 [warning] [Decorations] CAPPING events from decorations provider vscode.git 7886
2023-05-07 12:50:12.680 [warning] [Decorations] CAPPING events from decorations provider vscode.git 7886
2023-05-07 12:50:18.120 [warning] [Decorations] CAPPING events from decorations provider vscode.git 7886
2023-05-07 12:50:24.799 [warning] [Decorations] CAPPING events from decorations provider vscode.git 7886
2023-05-07 12:50:30.785 [warning] [Decorations] CAPPING events from decorations provider vscode.git 7886
2023-05-07 12:50:36.248 [warning] [Decorations] CAPPING events from decorations provider vscode.git 7886
2023-05-07 12:50:41.576 [warning] [Decorations] CAPPING events from decorations provider vscode.git 7886
2023-05-07 12:50:46.930 [warning] [Decorations] CAPPING events from decorations provider vscode.git 7886
2023-05-07 12:50:52.214 [warning] [Decorations] CAPPING events from decorations provider vscode.git 7886
2023-05-07 12:51:03.516 [warning] [Decorations] CAPPING events from decorations provider vscode.git 7886
2023-05-07 12:51:08.861 [warning] [Decorations] CAPPING events from decorations provider vscode.git 7886
2023-05-07 12:51:14.247 [warning] [Decorations] CAPPING events from decorations provider vscode.git 7886
2023-05-07 12:51:22.316 [warning] [Decorations] CAPPING events from decorations provider vscode.git 7886
2023-05-07 12:51:27.695 [warning] [Decorations] CAPPING events from decorations provider vscode.git 7886
2023-05-07 12:51:33.037 [warning] [Decorations] CAPPING events from decorations provider vscode.git 7886
2023-05-07 12:51:38.387 [warning] [Decorations] CAPPING events from decorations provider vscode.git 7886
2023-05-07 12:51:43.693 [warning] [Decorations] CAPPING events from decorations provider vscode.git 7886
2023-05-07 12:51:49.049 [warning] [Decorations] CAPPING events from decorations provider vscode.git 7886
2023-05-07 12:51:54.316 [warning] [Decorations] CAPPING events from decorations provider vscode.git 7886
2023-05-07 12:51:59.659 [warning] [Decorations] CAPPING events from decorations provider vscode.git 7886
2023-05-07 12:52:05.013 [warning] [Decorations] CAPPING events from decorations provider vscode.git 7886
2023-05-07 12:52:10.392 [warning] [Decorations] CAPPING events from decorations provider vscode.git 7886
2023-05-07 12:52:15.849 [warning] [Decorations] CAPPING events from decorations provider vscode.git 7886
2023-05-07 12:52:21.889 [warning] [Decorations] CAPPING events from decorations provider vscode.git 7886
2023-05-07 12:52:27.267 [warning] [Decorations] CAPPING events from decorations provider vscode.git 7886
2023-05-07 12:52:33.575 [warning] [Decorations] CAPPING events from decorations provider vscode.git 7886
2023-05-07 12:52:38.976 [warning] [Decorations] CAPPING events from decorations provider vscode.git 7886
2023-05-07 12:52:44.311 [warning] [Decorations] CAPPING events from decorations provider vscode.git 7886
2023-05-07 12:52:49.694 [warning] [Decorations] CAPPING events from decorations provider vscode.git 7886
2023-05-07 12:52:55.042 [warning] [Decorations] CAPPING events from decorations provider vscode.git 7886
2023-05-07 12:53:00.433 [warning] [Decorations] CAPPING events from decorations provider vscode.git 7886
2023-05-07 12:53:05.787 [warning] [Decorations] CAPPING events from decorations provider vscode.git 7886
2023-05-07 12:53:11.164 [warning] [Decorations] CAPPING events from decorations provider vscode.git 7886
2023-05-07 12:53:18.350 [warning] [Decorations] CAPPING events from decorations provider vscode.git 7886
2023-05-07 12:53:25.265 [warning] [Decorations] CAPPING events from decorations provider vscode.git 7886
2023-05-07 12:53:31.313 [warning] [Decorations] CAPPING events from decorations provider vscode.git 7886
2023-05-07 12:53:36.666 [warning] [Decorations] CAPPING events from decorations provider vscode.git 7886
2023-05-07 12:53:42.083 [warning] [Decorations] CAPPING events from decorations provider vscode.git 7886
2023-05-07 12:53:47.463 [warning] [Decorations] CAPPING events from decorations provider vscode.git 7886
2023-05-07 12:53:52.856 [warning] [Decorations] CAPPING events from decorations provider vscode.git 7886
2023-05-07 12:53:58.256 [warning] [Decorations] CAPPING events from decorations provider vscode.git 7886
2023-05-07 12:54:03.597 [warning] [Decorations] CAPPING events from decorations provider vscode.git 7886
2023-05-07 12:54:09.006 [warning] [Decorations] CAPPING events from decorations provider vscode.git 7886
2023-05-07 12:54:18.203 [warning] [Decorations] CAPPING events from decorations provider vscode.git 7886
2023-05-07 12:54:23.556 [warning] [Decorations] CAPPING events from decorations provider vscode.git 7886
2023-05-07 12:54:28.937 [warning] [Decorations] CAPPING events from decorations provider vscode.git 7886
2023-05-07 12:54:34.270 [warning] [Decorations] CAPPING events from decorations provider vscode.git 7886
2023-05-07 12:54:39.626 [warning] [Decorations] CAPPING events from decorations provider vscode.git 7886
2023-05-07 12:54:45.009 [warning] [Decorations] CAPPING events from decorations provider vscode.git 7886
2023-05-07 12:54:50.353 [warning] [Decorations] CAPPING events from decorations provider vscode.git 7886
2023-05-07 12:54:55.862 [warning] [Decorations] CAPPING events from decorations provider vscode.git 7886
2023-05-07 12:55:04.072 [warning] [Decorations] CAPPING events from decorations provider vscode.git 7886
2023-05-07 12:55:09.563 [warning] [Decorations] CAPPING events from decorations provider vscode.git 7886
2023-05-07 12:55:14.905 [warning] [Decorations] CAPPING events from decorations provider vscode.git 7886
2023-05-07 12:55:20.273 [warning] [Decorations] CAPPING events from decorations provider vscode.git 7886
2023-05-07 12:55:25.547 [warning] [Decorations] CAPPING events from decorations provider vscode.git 7886
2023-05-07 12:55:30.905 [warning] [Decorations] CAPPING events from decorations provider vscode.git 7886
2023-05-07 12:55:36.320 [warning] [Decorations] CAPPING events from decorations provider vscode.git 7886
2023-05-07 12:55:41.686 [warning] [Decorations] CAPPING events from decorations provider vscode.git 7886
2023-05-07 12:55:47.036 [warning] [Decorations] CAPPING events from decorations provider vscode.git 7886
2023-05-07 12:55:52.429 [warning] [Decorations] CAPPING events from decorations provider vscode.git 7886
2023-05-07 12:56:00.458 [warning] [Decorations] CAPPING events from decorations provider vscode.git 7886
2023-05-07 12:56:05.760 [warning] [Decorations] CAPPING events from decorations provider vscode.git 7886
2023-05-07 12:56:11.165 [warning] [Decorations] CAPPING events from decorations provider vscode.git 7886
2023-05-07 12:56:31.526 [warning] [Decorations] CAPPING events from decorations provider vscode.git 7886
2023-05-08 18:27:55.164 [warning] [Decorations] CAPPING events from decorations provider vscode.git 7886
